<?xml version="1.0" encoding="UTF-8"?>
<robot generator="Robot 4.1 (Python 3.9.0 on win32)" generated="20230412 09:47:14.129" rpa="false" schemaversion="2">
<suite id="s1" name="testData" source="C:\Users\158410\robot_folder\RobotFramework\Exercise_folder\testData.robot">
<test id="s1-t1" name="Validate the Intranet Holiday List">
<kw name="Open the browser">
<kw name="Open Browser" library="SeleniumLibrary">
<arg>${url}</arg>
<arg>Chrome</arg>
<doc>Opens a new browser instance to the optional ``url``.</doc>
<msg timestamp="20230412 09:47:14.306" level="INFO">Opening browser 'Chrome' to base url 'https://intranet.einfochips.com/'.</msg>
<status status="PASS" starttime="20230412 09:47:14.306" endtime="20230412 09:47:17.779"/>
</kw>
<kw name="Maximize Browser Window" library="SeleniumLibrary">
<doc>Maximizes current browser window.</doc>
<status status="PASS" starttime="20230412 09:47:17.779" endtime="20230412 09:47:17.904"/>
</kw>
<kw name="Sleep" library="BuiltIn">
<arg>2</arg>
<doc>Pauses the test executed for the given time.</doc>
<msg timestamp="20230412 09:47:19.907" level="INFO">Slept 2 seconds</msg>
<status status="PASS" starttime="20230412 09:47:17.904" endtime="20230412 09:47:19.907"/>
</kw>
<status status="PASS" starttime="20230412 09:47:14.306" endtime="20230412 09:47:19.907"/>
</kw>
<kw name="Go to home and then Holiday List">
<kw name="Sleep" library="BuiltIn">
<arg>2</arg>
<doc>Pauses the test executed for the given time.</doc>
<msg timestamp="20230412 09:47:21.924" level="INFO">Slept 2 seconds</msg>
<status status="PASS" starttime="20230412 09:47:19.908" endtime="20230412 09:47:21.924"/>
</kw>
<kw name="Mouse Over" library="SeleniumLibrary">
<arg>css:div[class='collapse navbar-collapse navbar-ex1-collapse']&gt;ul&gt;li&gt;a[class='dropdown-toggle nav-link']</arg>
<doc>Simulates hovering the mouse over the element ``locator``.</doc>
<msg timestamp="20230412 09:47:21.926" level="INFO">Simulating Mouse Over on element 'css:div[class='collapse navbar-collapse navbar-ex1-collapse']&gt;ul&gt;li&gt;a[class='dropdown-toggle nav-link']'.</msg>
<status status="PASS" starttime="20230412 09:47:21.925" endtime="20230412 09:47:23.020"/>
</kw>
<kw name="Sleep" library="BuiltIn">
<arg>2</arg>
<doc>Pauses the test executed for the given time.</doc>
<msg timestamp="20230412 09:47:25.031" level="INFO">Slept 2 seconds</msg>
<status status="PASS" starttime="20230412 09:47:23.021" endtime="20230412 09:47:25.031"/>
</kw>
<kw name="Click Link" library="SeleniumLibrary">
<arg>css:a[href='https://intranet.einfochips.com/employee_intranet/portal/leave/holidaylist']</arg>
<doc>Clicks a link identified by ``locator``.</doc>
<msg timestamp="20230412 09:47:25.031" level="INFO">Clicking link 'css:a[href='https://intranet.einfochips.com/employee_intranet/portal/leave/holidaylist']'.</msg>
<status status="PASS" starttime="20230412 09:47:25.031" endtime="20230412 09:47:25.166"/>
</kw>
<status status="PASS" starttime="20230412 09:47:19.908" endtime="20230412 09:47:25.166"/>
</kw>
<kw name="Fetch the Holidays list of year 2022">
<kw name="Click Element" library="SeleniumLibrary">
<arg>css:select[id='holiday_year']</arg>
<doc>Click the element identified by ``locator``.</doc>
<msg timestamp="20230412 09:47:25.167" level="INFO">Clicking element 'css:select[id='holiday_year']'.</msg>
<status status="PASS" starttime="20230412 09:47:25.167" endtime="20230412 09:47:25.224"/>
</kw>
<kw name="Sleep" library="BuiltIn">
<arg>2</arg>
<doc>Pauses the test executed for the given time.</doc>
<msg timestamp="20230412 09:47:27.236" level="INFO">Slept 2 seconds</msg>
<status status="PASS" starttime="20230412 09:47:25.224" endtime="20230412 09:47:27.236"/>
</kw>
<kw name="Click Element" library="SeleniumLibrary">
<arg>css:option[value='2022']</arg>
<doc>Click the element identified by ``locator``.</doc>
<msg timestamp="20230412 09:47:27.236" level="INFO">Clicking element 'css:option[value='2022']'.</msg>
<status status="PASS" starttime="20230412 09:47:27.236" endtime="20230412 09:47:27.274"/>
</kw>
<kw name="Sleep" library="BuiltIn">
<arg>2</arg>
<doc>Pauses the test executed for the given time.</doc>
<msg timestamp="20230412 09:47:29.283" level="INFO">Slept 2 seconds</msg>
<status status="PASS" starttime="20230412 09:47:27.274" endtime="20230412 09:47:29.283"/>
</kw>
<kw name="Click Element" library="SeleniumLibrary">
<arg>css:select[id='month_id']&gt;option</arg>
<doc>Click the element identified by ``locator``.</doc>
<msg timestamp="20230412 09:47:29.283" level="INFO">Clicking element 'css:select[id='month_id']&gt;option'.</msg>
<status status="PASS" starttime="20230412 09:47:29.283" endtime="20230412 09:47:29.322"/>
</kw>
<kw name="Click Button" library="SeleniumLibrary">
<arg>css:button[class='btn btn-success']</arg>
<doc>Clicks the button identified by ``locator``.</doc>
<msg timestamp="20230412 09:47:29.322" level="INFO">Clicking button 'css:button[class='btn btn-success']'.</msg>
<status status="PASS" starttime="20230412 09:47:29.322" endtime="20230412 09:47:29.411"/>
</kw>
<kw name="Create List" library="BuiltIn">
<var>@{Expected_holiday_list}</var>
<arg>css:table[id='mt'] tbody td:nth-child(4)</arg>
<doc>Returns a list containing given items.</doc>
<msg timestamp="20230412 09:47:29.411" level="INFO">@{Expected_holiday_list} = [ css:table[id='mt'] tbody td:nth-child(4) ]</msg>
<status status="PASS" starttime="20230412 09:47:29.411" endtime="20230412 09:47:29.411"/>
</kw>
<kw name="Get WebElements" library="SeleniumLibrary">
<var>${Elements}</var>
<arg>css:table[id='mt'] tbody td:nth-child(4)</arg>
<doc>Returns a list of WebElement objects matching the ``locator``.</doc>
<msg timestamp="20230412 09:47:29.420" level="INFO">${Elements} = [&lt;selenium.webdriver.remote.webelement.WebElement (session="30e94f5cb04376c19fcabe627540ed1d", element="22008c94-5b71-4ea3-94cf-3194fc4b32b9")&gt;, &lt;selenium.webdriver.remote.webelement.WebElement (sessi...</msg>
<status status="PASS" starttime="20230412 09:47:29.411" endtime="20230412 09:47:29.420"/>
</kw>
<kw name="Set Global Variable" library="BuiltIn">
<arg>${Elements}</arg>
<doc>Makes a variable available globally in all tests and suites.</doc>
<msg timestamp="20230412 09:47:29.421" level="INFO">${Elements} = [&lt;selenium.webdriver.remote.webelement.WebElement (session="30e94f5cb04376c19fcabe627540ed1d", element="22008c94-5b71-4ea3-94cf-3194fc4b32b9")&gt;, &lt;selenium.webdriver.remote.webelement.WebElement (sessi...</msg>
<status status="PASS" starttime="20230412 09:47:29.420" endtime="20230412 09:47:29.421"/>
</kw>
<kw name="Create List" library="BuiltIn">
<var>@{Holiday_list_2022}</var>
<doc>Returns a list containing given items.</doc>
<msg timestamp="20230412 09:47:29.421" level="INFO">@{Holiday_list_2022} = [ ]</msg>
<status status="PASS" starttime="20230412 09:47:29.421" endtime="20230412 09:47:29.421"/>
</kw>
<kw name="Set Global Variable" library="BuiltIn">
<arg>@{Holiday_list_2022}</arg>
<doc>Makes a variable available globally in all tests and suites.</doc>
<msg timestamp="20230412 09:47:29.421" level="INFO">@{Holiday_list_2022} = [ ]</msg>
<status status="PASS" starttime="20230412 09:47:29.421" endtime="20230412 09:47:29.421"/>
</kw>
<for flavor="IN">
<var>${Element}</var>
<value>@{Elements}</value>
<iter>
<var name="${Element}">&lt;selenium.webdriver.remote.webelement.WebElement (session="30e94f5cb04376c19fcabe627540ed1d", element="22008c94-5b71-4ea3-94cf-3194fc4b32b9")&gt;</var>
<kw name="Log" library="BuiltIn">
<arg>${Element.text}</arg>
<doc>Logs the given message with the given level.</doc>
<msg timestamp="20230412 09:47:29.433" level="INFO">New Year's Day</msg>
<status status="PASS" starttime="20230412 09:47:29.422" endtime="20230412 09:47:29.433"/>
</kw>
<kw name="Append To List" library="Collections">
<arg>${Holiday_list_2022}</arg>
<arg>${Element.text}</arg>
<doc>Adds ``values`` to the end of ``list``.</doc>
<status status="PASS" starttime="20230412 09:47:29.434" endtime="20230412 09:47:29.439"/>
</kw>
<status status="PASS" starttime="20230412 09:47:29.421" endtime="20230412 09:47:29.439"/>
</iter>
<iter>
<var name="${Element}">&lt;selenium.webdriver.remote.webelement.WebElement (session="30e94f5cb04376c19fcabe627540ed1d", element="b9399360-4199-4b3c-bf7d-ec874f46d197")&gt;</var>
<kw name="Log" library="BuiltIn">
<arg>${Element.text}</arg>
<doc>Logs the given message with the given level.</doc>
<msg timestamp="20230412 09:47:29.448" level="INFO">Bhogi</msg>
<status status="PASS" starttime="20230412 09:47:29.440" endtime="20230412 09:47:29.448"/>
</kw>
<kw name="Append To List" library="Collections">
<arg>${Holiday_list_2022}</arg>
<arg>${Element.text}</arg>
<doc>Adds ``values`` to the end of ``list``.</doc>
<status status="PASS" starttime="20230412 09:47:29.448" endtime="20230412 09:47:29.450"/>
</kw>
<status status="PASS" starttime="20230412 09:47:29.439" endtime="20230412 09:47:29.450"/>
</iter>
<iter>
<var name="${Element}">&lt;selenium.webdriver.remote.webelement.WebElement (session="30e94f5cb04376c19fcabe627540ed1d", element="9942b5dc-4099-450f-9022-eb8067b99fc3")&gt;</var>
<kw name="Log" library="BuiltIn">
<arg>${Element.text}</arg>
<doc>Logs the given message with the given level.</doc>
<msg timestamp="20230412 09:47:29.450" level="INFO">Uttarayana | Makar Sankranti</msg>
<status status="PASS" starttime="20230412 09:47:29.450" endtime="20230412 09:47:29.450"/>
</kw>
<kw name="Append To List" library="Collections">
<arg>${Holiday_list_2022}</arg>
<arg>${Element.text}</arg>
<doc>Adds ``values`` to the end of ``list``.</doc>
<status status="PASS" starttime="20230412 09:47:29.450" endtime="20230412 09:47:29.470"/>
</kw>
<status status="PASS" starttime="20230412 09:47:29.450" endtime="20230412 09:47:29.470"/>
</iter>
<iter>
<var name="${Element}">&lt;selenium.webdriver.remote.webelement.WebElement (session="30e94f5cb04376c19fcabe627540ed1d", element="21fcff22-7f14-479c-ae58-c7fc84786149")&gt;</var>
<kw name="Log" library="BuiltIn">
<arg>${Element.text}</arg>
<doc>Logs the given message with the given level.</doc>
<msg timestamp="20230412 09:47:29.478" level="INFO">Pongal</msg>
<status status="PASS" starttime="20230412 09:47:29.470" endtime="20230412 09:47:29.478"/>
</kw>
<kw name="Append To List" library="Collections">
<arg>${Holiday_list_2022}</arg>
<arg>${Element.text}</arg>
<doc>Adds ``values`` to the end of ``list``.</doc>
<status status="PASS" starttime="20230412 09:47:29.478" endtime="20230412 09:47:29.484"/>
</kw>
<status status="PASS" starttime="20230412 09:47:29.470" endtime="20230412 09:47:29.484"/>
</iter>
<iter>
<var name="${Element}">&lt;selenium.webdriver.remote.webelement.WebElement (session="30e94f5cb04376c19fcabe627540ed1d", element="f35a6eb6-e4d2-42ec-a888-5ba12f920950")&gt;</var>
<kw name="Log" library="BuiltIn">
<arg>${Element.text}</arg>
<doc>Logs the given message with the given level.</doc>
<msg timestamp="20230412 09:47:29.485" level="INFO">Republic Day</msg>
<status status="PASS" starttime="20230412 09:47:29.484" endtime="20230412 09:47:29.485"/>
</kw>
<kw name="Append To List" library="Collections">
<arg>${Holiday_list_2022}</arg>
<arg>${Element.text}</arg>
<doc>Adds ``values`` to the end of ``list``.</doc>
<status status="PASS" starttime="20230412 09:47:29.485" endtime="20230412 09:47:29.500"/>
</kw>
<status status="PASS" starttime="20230412 09:47:29.484" endtime="20230412 09:47:29.501"/>
</iter>
<iter>
<var name="${Element}">&lt;selenium.webdriver.remote.webelement.WebElement (session="30e94f5cb04376c19fcabe627540ed1d", element="32b27eb8-0ccd-4051-bfdf-db243e4d0658")&gt;</var>
<kw name="Log" library="BuiltIn">
<arg>${Element.text}</arg>
<doc>Logs the given message with the given level.</doc>
<msg timestamp="20230412 09:47:29.503" level="INFO">Maha Shivaratri</msg>
<status status="PASS" starttime="20230412 09:47:29.501" endtime="20230412 09:47:29.503"/>
</kw>
<kw name="Append To List" library="Collections">
<arg>${Holiday_list_2022}</arg>
<arg>${Element.text}</arg>
<doc>Adds ``values`` to the end of ``list``.</doc>
<status status="PASS" starttime="20230412 09:47:29.503" endtime="20230412 09:47:29.520"/>
</kw>
<status status="PASS" starttime="20230412 09:47:29.501" endtime="20230412 09:47:29.520"/>
</iter>
<iter>
<var name="${Element}">&lt;selenium.webdriver.remote.webelement.WebElement (session="30e94f5cb04376c19fcabe627540ed1d", element="6c75e5c2-ce12-46c0-86bb-9a03c5b0fb85")&gt;</var>
<kw name="Log" library="BuiltIn">
<arg>${Element.text}</arg>
<doc>Logs the given message with the given level.</doc>
<msg timestamp="20230412 09:47:29.532" level="INFO">Holi</msg>
<status status="PASS" starttime="20230412 09:47:29.521" endtime="20230412 09:47:29.532"/>
</kw>
<kw name="Append To List" library="Collections">
<arg>${Holiday_list_2022}</arg>
<arg>${Element.text}</arg>
<doc>Adds ``values`` to the end of ``list``.</doc>
<status status="PASS" starttime="20230412 09:47:29.532" endtime="20230412 09:47:29.534"/>
</kw>
<status status="PASS" starttime="20230412 09:47:29.520" endtime="20230412 09:47:29.534"/>
</iter>
<iter>
<var name="${Element}">&lt;selenium.webdriver.remote.webelement.WebElement (session="30e94f5cb04376c19fcabe627540ed1d", element="a984e1e2-7286-4a4c-9d3f-01d1ba20cbee")&gt;</var>
<kw name="Log" library="BuiltIn">
<arg>${Element.text}</arg>
<doc>Logs the given message with the given level.</doc>
<msg timestamp="20230412 09:47:29.550" level="INFO">Gudi Parwa</msg>
<status status="PASS" starttime="20230412 09:47:29.534" endtime="20230412 09:47:29.550"/>
</kw>
<kw name="Append To List" library="Collections">
<arg>${Holiday_list_2022}</arg>
<arg>${Element.text}</arg>
<doc>Adds ``values`` to the end of ``list``.</doc>
<status status="PASS" starttime="20230412 09:47:29.550" endtime="20230412 09:47:29.559"/>
</kw>
<status status="PASS" starttime="20230412 09:47:29.534" endtime="20230412 09:47:29.559"/>
</iter>
<iter>
<var name="${Element}">&lt;selenium.webdriver.remote.webelement.WebElement (session="30e94f5cb04376c19fcabe627540ed1d", element="890c7b68-d554-4f6c-ad75-e11e6958a54e")&gt;</var>
<kw name="Log" library="BuiltIn">
<arg>${Element.text}</arg>
<doc>Logs the given message with the given level.</doc>
<msg timestamp="20230412 09:47:29.570" level="INFO">Ram Navami</msg>
<status status="PASS" starttime="20230412 09:47:29.560" endtime="20230412 09:47:29.570"/>
</kw>
<kw name="Append To List" library="Collections">
<arg>${Holiday_list_2022}</arg>
<arg>${Element.text}</arg>
<doc>Adds ``values`` to the end of ``list``.</doc>
<status status="PASS" starttime="20230412 09:47:29.570" endtime="20230412 09:47:29.570"/>
</kw>
<status status="PASS" starttime="20230412 09:47:29.560" endtime="20230412 09:47:29.570"/>
</iter>
<iter>
<var name="${Element}">&lt;selenium.webdriver.remote.webelement.WebElement (session="30e94f5cb04376c19fcabe627540ed1d", element="c71ef0ba-3467-45c9-80a8-e2cce976a945")&gt;</var>
<kw name="Log" library="BuiltIn">
<arg>${Element.text}</arg>
<doc>Logs the given message with the given level.</doc>
<msg timestamp="20230412 09:47:29.588" level="INFO">Ugadi</msg>
<status status="PASS" starttime="20230412 09:47:29.570" endtime="20230412 09:47:29.588"/>
</kw>
<kw name="Append To List" library="Collections">
<arg>${Holiday_list_2022}</arg>
<arg>${Element.text}</arg>
<doc>Adds ``values`` to the end of ``list``.</doc>
<status status="PASS" starttime="20230412 09:47:29.588" endtime="20230412 09:47:29.596"/>
</kw>
<status status="PASS" starttime="20230412 09:47:29.570" endtime="20230412 09:47:29.597"/>
</iter>
<iter>
<var name="${Element}">&lt;selenium.webdriver.remote.webelement.WebElement (session="30e94f5cb04376c19fcabe627540ed1d", element="c0f528c4-adc3-405b-a199-950309794be1")&gt;</var>
<kw name="Log" library="BuiltIn">
<arg>${Element.text}</arg>
<doc>Logs the given message with the given level.</doc>
<msg timestamp="20230412 09:47:29.602" level="INFO"/>
<status status="PASS" starttime="20230412 09:47:29.597" endtime="20230412 09:47:29.602"/>
</kw>
<kw name="Append To List" library="Collections">
<arg>${Holiday_list_2022}</arg>
<arg>${Element.text}</arg>
<doc>Adds ``values`` to the end of ``list``.</doc>
<status status="PASS" starttime="20230412 09:47:29.602" endtime="20230412 09:47:29.602"/>
</kw>
<status status="PASS" starttime="20230412 09:47:29.597" endtime="20230412 09:47:29.616"/>
</iter>
<iter>
<var name="${Element}">&lt;selenium.webdriver.remote.webelement.WebElement (session="30e94f5cb04376c19fcabe627540ed1d", element="2494f2a8-66c7-4e31-99a6-75aa1e69ccfb")&gt;</var>
<kw name="Log" library="BuiltIn">
<arg>${Element.text}</arg>
<doc>Logs the given message with the given level.</doc>
<msg timestamp="20230412 09:47:29.626" level="INFO"/>
<status status="PASS" starttime="20230412 09:47:29.616" endtime="20230412 09:47:29.626"/>
</kw>
<kw name="Append To List" library="Collections">
<arg>${Holiday_list_2022}</arg>
<arg>${Element.text}</arg>
<doc>Adds ``values`` to the end of ``list``.</doc>
<status status="PASS" starttime="20230412 09:47:29.626" endtime="20230412 09:47:29.631"/>
</kw>
<status status="PASS" starttime="20230412 09:47:29.616" endtime="20230412 09:47:29.631"/>
</iter>
<iter>
<var name="${Element}">&lt;selenium.webdriver.remote.webelement.WebElement (session="30e94f5cb04376c19fcabe627540ed1d", element="a587288b-bdf0-4d98-88f9-06a655f3d8bc")&gt;</var>
<kw name="Log" library="BuiltIn">
<arg>${Element.text}</arg>
<doc>Logs the given message with the given level.</doc>
<msg timestamp="20230412 09:47:29.634" level="INFO"/>
<status status="PASS" starttime="20230412 09:47:29.631" endtime="20230412 09:47:29.634"/>
</kw>
<kw name="Append To List" library="Collections">
<arg>${Holiday_list_2022}</arg>
<arg>${Element.text}</arg>
<doc>Adds ``values`` to the end of ``list``.</doc>
<status status="PASS" starttime="20230412 09:47:29.634" endtime="20230412 09:47:29.634"/>
</kw>
<status status="PASS" starttime="20230412 09:47:29.631" endtime="20230412 09:47:29.634"/>
</iter>
<iter>
<var name="${Element}">&lt;selenium.webdriver.remote.webelement.WebElement (session="30e94f5cb04376c19fcabe627540ed1d", element="7cf3153f-7b49-4c63-86f4-d5dfc9bad58d")&gt;</var>
<kw name="Log" library="BuiltIn">
<arg>${Element.text}</arg>
<doc>Logs the given message with the given level.</doc>
<msg timestamp="20230412 09:47:29.654" level="INFO"/>
<status status="PASS" starttime="20230412 09:47:29.634" endtime="20230412 09:47:29.654"/>
</kw>
<kw name="Append To List" library="Collections">
<arg>${Holiday_list_2022}</arg>
<arg>${Element.text}</arg>
<doc>Adds ``values`` to the end of ``list``.</doc>
<status status="PASS" starttime="20230412 09:47:29.654" endtime="20230412 09:47:29.666"/>
</kw>
<status status="PASS" starttime="20230412 09:47:29.634" endtime="20230412 09:47:29.666"/>
</iter>
<iter>
<var name="${Element}">&lt;selenium.webdriver.remote.webelement.WebElement (session="30e94f5cb04376c19fcabe627540ed1d", element="595ad7c2-d98d-4ed4-84b6-eb153779e78d")&gt;</var>
<kw name="Log" library="BuiltIn">
<arg>${Element.text}</arg>
<doc>Logs the given message with the given level.</doc>
<msg timestamp="20230412 09:47:29.669" level="INFO"/>
<status status="PASS" starttime="20230412 09:47:29.666" endtime="20230412 09:47:29.669"/>
</kw>
<kw name="Append To List" library="Collections">
<arg>${Holiday_list_2022}</arg>
<arg>${Element.text}</arg>
<doc>Adds ``values`` to the end of ``list``.</doc>
<status status="PASS" starttime="20230412 09:47:29.669" endtime="20230412 09:47:29.686"/>
</kw>
<status status="PASS" starttime="20230412 09:47:29.666" endtime="20230412 09:47:29.686"/>
</iter>
<iter>
<var name="${Element}">&lt;selenium.webdriver.remote.webelement.WebElement (session="30e94f5cb04376c19fcabe627540ed1d", element="ddf6a9fa-74cb-414b-a01f-b70c8964a1b9")&gt;</var>
<kw name="Log" library="BuiltIn">
<arg>${Element.text}</arg>
<doc>Logs the given message with the given level.</doc>
<msg timestamp="20230412 09:47:29.695" level="INFO"/>
<status status="PASS" starttime="20230412 09:47:29.686" endtime="20230412 09:47:29.695"/>
</kw>
<kw name="Append To List" library="Collections">
<arg>${Holiday_list_2022}</arg>
<arg>${Element.text}</arg>
<doc>Adds ``values`` to the end of ``list``.</doc>
<status status="PASS" starttime="20230412 09:47:29.695" endtime="20230412 09:47:29.701"/>
</kw>
<status status="PASS" starttime="20230412 09:47:29.686" endtime="20230412 09:47:29.701"/>
</iter>
<iter>
<var name="${Element}">&lt;selenium.webdriver.remote.webelement.WebElement (session="30e94f5cb04376c19fcabe627540ed1d", element="e92b2834-4b6f-4108-80dc-5ea269f15cd6")&gt;</var>
<kw name="Log" library="BuiltIn">
<arg>${Element.text}</arg>
<doc>Logs the given message with the given level.</doc>
<msg timestamp="20230412 09:47:29.709" level="INFO"/>
<status status="PASS" starttime="20230412 09:47:29.701" endtime="20230412 09:47:29.709"/>
</kw>
<kw name="Append To List" library="Collections">
<arg>${Holiday_list_2022}</arg>
<arg>${Element.text}</arg>
<doc>Adds ``values`` to the end of ``list``.</doc>
<status status="PASS" starttime="20230412 09:47:29.709" endtime="20230412 09:47:29.717"/>
</kw>
<status status="PASS" starttime="20230412 09:47:29.701" endtime="20230412 09:47:29.717"/>
</iter>
<iter>
<var name="${Element}">&lt;selenium.webdriver.remote.webelement.WebElement (session="30e94f5cb04376c19fcabe627540ed1d", element="76943a5b-6199-4c47-9d09-7a30ee30e010")&gt;</var>
<kw name="Log" library="BuiltIn">
<arg>${Element.text}</arg>
<doc>Logs the given message with the given level.</doc>
<msg timestamp="20230412 09:47:29.717" level="INFO"/>
<status status="PASS" starttime="20230412 09:47:29.717" endtime="20230412 09:47:29.717"/>
</kw>
<kw name="Append To List" library="Collections">
<arg>${Holiday_list_2022}</arg>
<arg>${Element.text}</arg>
<doc>Adds ``values`` to the end of ``list``.</doc>
<status status="PASS" starttime="20230412 09:47:29.717" endtime="20230412 09:47:29.732"/>
</kw>
<status status="PASS" starttime="20230412 09:47:29.717" endtime="20230412 09:47:29.732"/>
</iter>
<iter>
<var name="${Element}">&lt;selenium.webdriver.remote.webelement.WebElement (session="30e94f5cb04376c19fcabe627540ed1d", element="0cce5de4-1d07-445d-ae70-87ca7a6def5b")&gt;</var>
<kw name="Log" library="BuiltIn">
<arg>${Element.text}</arg>
<doc>Logs the given message with the given level.</doc>
<msg timestamp="20230412 09:47:29.748" level="INFO"/>
<status status="PASS" starttime="20230412 09:47:29.732" endtime="20230412 09:47:29.748"/>
</kw>
<kw name="Append To List" library="Collections">
<arg>${Holiday_list_2022}</arg>
<arg>${Element.text}</arg>
<doc>Adds ``values`` to the end of ``list``.</doc>
<status status="PASS" starttime="20230412 09:47:29.748" endtime="20230412 09:47:29.748"/>
</kw>
<status status="PASS" starttime="20230412 09:47:29.732" endtime="20230412 09:47:29.748"/>
</iter>
<iter>
<var name="${Element}">&lt;selenium.webdriver.remote.webelement.WebElement (session="30e94f5cb04376c19fcabe627540ed1d", element="bf5573d2-8f8a-4e97-9205-5f77cd9fb5f3")&gt;</var>
<kw name="Log" library="BuiltIn">
<arg>${Element.text}</arg>
<doc>Logs the given message with the given level.</doc>
<msg timestamp="20230412 09:47:29.769" level="INFO"/>
<status status="PASS" starttime="20230412 09:47:29.748" endtime="20230412 09:47:29.769"/>
</kw>
<kw name="Append To List" library="Collections">
<arg>${Holiday_list_2022}</arg>
<arg>${Element.text}</arg>
<doc>Adds ``values`` to the end of ``list``.</doc>
<status status="PASS" starttime="20230412 09:47:29.769" endtime="20230412 09:47:29.769"/>
</kw>
<status status="PASS" starttime="20230412 09:47:29.748" endtime="20230412 09:47:29.769"/>
</iter>
<iter>
<var name="${Element}">&lt;selenium.webdriver.remote.webelement.WebElement (session="30e94f5cb04376c19fcabe627540ed1d", element="476c4d9e-af84-4bdf-bd9d-d5a262d9cfde")&gt;</var>
<kw name="Log" library="BuiltIn">
<arg>${Element.text}</arg>
<doc>Logs the given message with the given level.</doc>
<msg timestamp="20230412 09:47:29.785" level="INFO"/>
<status status="PASS" starttime="20230412 09:47:29.769" endtime="20230412 09:47:29.785"/>
</kw>
<kw name="Append To List" library="Collections">
<arg>${Holiday_list_2022}</arg>
<arg>${Element.text}</arg>
<doc>Adds ``values`` to the end of ``list``.</doc>
<status status="PASS" starttime="20230412 09:47:29.785" endtime="20230412 09:47:29.802"/>
</kw>
<status status="PASS" starttime="20230412 09:47:29.769" endtime="20230412 09:47:29.802"/>
</iter>
<iter>
<var name="${Element}">&lt;selenium.webdriver.remote.webelement.WebElement (session="30e94f5cb04376c19fcabe627540ed1d", element="f9c15154-01f8-42d4-918f-2685b05d28f8")&gt;</var>
<kw name="Log" library="BuiltIn">
<arg>${Element.text}</arg>
<doc>Logs the given message with the given level.</doc>
<msg timestamp="20230412 09:47:29.803" level="INFO"/>
<status status="PASS" starttime="20230412 09:47:29.802" endtime="20230412 09:47:29.803"/>
</kw>
<kw name="Append To List" library="Collections">
<arg>${Holiday_list_2022}</arg>
<arg>${Element.text}</arg>
<doc>Adds ``values`` to the end of ``list``.</doc>
<status status="PASS" starttime="20230412 09:47:29.803" endtime="20230412 09:47:29.819"/>
</kw>
<status status="PASS" starttime="20230412 09:47:29.802" endtime="20230412 09:47:29.819"/>
</iter>
<iter>
<var name="${Element}">&lt;selenium.webdriver.remote.webelement.WebElement (session="30e94f5cb04376c19fcabe627540ed1d", element="32c751b7-cc6e-4c6d-afad-684d49203319")&gt;</var>
<kw name="Log" library="BuiltIn">
<arg>${Element.text}</arg>
<doc>Logs the given message with the given level.</doc>
<msg timestamp="20230412 09:47:29.819" level="INFO"/>
<status status="PASS" starttime="20230412 09:47:29.819" endtime="20230412 09:47:29.819"/>
</kw>
<kw name="Append To List" library="Collections">
<arg>${Holiday_list_2022}</arg>
<arg>${Element.text}</arg>
<doc>Adds ``values`` to the end of ``list``.</doc>
<status status="PASS" starttime="20230412 09:47:29.819" endtime="20230412 09:47:29.819"/>
</kw>
<status status="PASS" starttime="20230412 09:47:29.819" endtime="20230412 09:47:29.819"/>
</iter>
<iter>
<var name="${Element}">&lt;selenium.webdriver.remote.webelement.WebElement (session="30e94f5cb04376c19fcabe627540ed1d", element="d1215085-3512-491d-8a2d-bd9b9d27c21c")&gt;</var>
<kw name="Log" library="BuiltIn">
<arg>${Element.text}</arg>
<doc>Logs the given message with the given level.</doc>
<msg timestamp="20230412 09:47:29.834" level="INFO"/>
<status status="PASS" starttime="20230412 09:47:29.819" endtime="20230412 09:47:29.834"/>
</kw>
<kw name="Append To List" library="Collections">
<arg>${Holiday_list_2022}</arg>
<arg>${Element.text}</arg>
<doc>Adds ``values`` to the end of ``list``.</doc>
<status status="PASS" starttime="20230412 09:47:29.834" endtime="20230412 09:47:29.834"/>
</kw>
<status status="PASS" starttime="20230412 09:47:29.819" endtime="20230412 09:47:29.834"/>
</iter>
<iter>
<var name="${Element}">&lt;selenium.webdriver.remote.webelement.WebElement (session="30e94f5cb04376c19fcabe627540ed1d", element="115e663a-ab5c-4076-baa2-d550f80693f1")&gt;</var>
<kw name="Log" library="BuiltIn">
<arg>${Element.text}</arg>
<doc>Logs the given message with the given level.</doc>
<msg timestamp="20230412 09:47:29.850" level="INFO"/>
<status status="PASS" starttime="20230412 09:47:29.834" endtime="20230412 09:47:29.850"/>
</kw>
<kw name="Append To List" library="Collections">
<arg>${Holiday_list_2022}</arg>
<arg>${Element.text}</arg>
<doc>Adds ``values`` to the end of ``list``.</doc>
<status status="PASS" starttime="20230412 09:47:29.850" endtime="20230412 09:47:29.850"/>
</kw>
<status status="PASS" starttime="20230412 09:47:29.834" endtime="20230412 09:47:29.850"/>
</iter>
<iter>
<var name="${Element}">&lt;selenium.webdriver.remote.webelement.WebElement (session="30e94f5cb04376c19fcabe627540ed1d", element="d7666ec8-e847-428a-9bb6-c71587d0f447")&gt;</var>
<kw name="Log" library="BuiltIn">
<arg>${Element.text}</arg>
<doc>Logs the given message with the given level.</doc>
<msg timestamp="20230412 09:47:29.870" level="INFO"/>
<status status="PASS" starttime="20230412 09:47:29.850" endtime="20230412 09:47:29.870"/>
</kw>
<kw name="Append To List" library="Collections">
<arg>${Holiday_list_2022}</arg>
<arg>${Element.text}</arg>
<doc>Adds ``values`` to the end of ``list``.</doc>
<status status="PASS" starttime="20230412 09:47:29.870" endtime="20230412 09:47:29.870"/>
</kw>
<status status="PASS" starttime="20230412 09:47:29.850" endtime="20230412 09:47:29.870"/>
</iter>
<iter>
<var name="${Element}">&lt;selenium.webdriver.remote.webelement.WebElement (session="30e94f5cb04376c19fcabe627540ed1d", element="e01765cc-b495-4e31-b10d-1a97b3becf5a")&gt;</var>
<kw name="Log" library="BuiltIn">
<arg>${Element.text}</arg>
<doc>Logs the given message with the given level.</doc>
<msg timestamp="20230412 09:47:29.885" level="INFO"/>
<status status="PASS" starttime="20230412 09:47:29.870" endtime="20230412 09:47:29.885"/>
</kw>
<kw name="Append To List" library="Collections">
<arg>${Holiday_list_2022}</arg>
<arg>${Element.text}</arg>
<doc>Adds ``values`` to the end of ``list``.</doc>
<status status="PASS" starttime="20230412 09:47:29.885" endtime="20230412 09:47:29.885"/>
</kw>
<status status="PASS" starttime="20230412 09:47:29.870" endtime="20230412 09:47:29.885"/>
</iter>
<iter>
<var name="${Element}">&lt;selenium.webdriver.remote.webelement.WebElement (session="30e94f5cb04376c19fcabe627540ed1d", element="4946d200-a42f-4d6a-a850-bd1efb94a227")&gt;</var>
<kw name="Log" library="BuiltIn">
<arg>${Element.text}</arg>
<doc>Logs the given message with the given level.</doc>
<msg timestamp="20230412 09:47:29.885" level="INFO"/>
<status status="PASS" starttime="20230412 09:47:29.885" endtime="20230412 09:47:29.885"/>
</kw>
<kw name="Append To List" library="Collections">
<arg>${Holiday_list_2022}</arg>
<arg>${Element.text}</arg>
<doc>Adds ``values`` to the end of ``list``.</doc>
<status status="PASS" starttime="20230412 09:47:29.885" endtime="20230412 09:47:29.904"/>
</kw>
<status status="PASS" starttime="20230412 09:47:29.885" endtime="20230412 09:47:29.904"/>
</iter>
<iter>
<var name="${Element}">&lt;selenium.webdriver.remote.webelement.WebElement (session="30e94f5cb04376c19fcabe627540ed1d", element="de4121c5-53bb-4821-bb67-01489a0dcc27")&gt;</var>
<kw name="Log" library="BuiltIn">
<arg>${Element.text}</arg>
<doc>Logs the given message with the given level.</doc>
<msg timestamp="20230412 09:47:29.904" level="INFO"/>
<status status="PASS" starttime="20230412 09:47:29.904" endtime="20230412 09:47:29.904"/>
</kw>
<kw name="Append To List" library="Collections">
<arg>${Holiday_list_2022}</arg>
<arg>${Element.text}</arg>
<doc>Adds ``values`` to the end of ``list``.</doc>
<status status="PASS" starttime="20230412 09:47:29.904" endtime="20230412 09:47:29.920"/>
</kw>
<status status="PASS" starttime="20230412 09:47:29.904" endtime="20230412 09:47:29.920"/>
</iter>
<iter>
<var name="${Element}">&lt;selenium.webdriver.remote.webelement.WebElement (session="30e94f5cb04376c19fcabe627540ed1d", element="574840d3-81c1-479d-9357-67f4cc9c31e8")&gt;</var>
<kw name="Log" library="BuiltIn">
<arg>${Element.text}</arg>
<doc>Logs the given message with the given level.</doc>
<msg timestamp="20230412 09:47:29.928" level="INFO"/>
<status status="PASS" starttime="20230412 09:47:29.920" endtime="20230412 09:47:29.928"/>
</kw>
<kw name="Append To List" library="Collections">
<arg>${Holiday_list_2022}</arg>
<arg>${Element.text}</arg>
<doc>Adds ``values`` to the end of ``list``.</doc>
<status status="PASS" starttime="20230412 09:47:29.928" endtime="20230412 09:47:29.928"/>
</kw>
<status status="PASS" starttime="20230412 09:47:29.920" endtime="20230412 09:47:29.928"/>
</iter>
<iter>
<var name="${Element}">&lt;selenium.webdriver.remote.webelement.WebElement (session="30e94f5cb04376c19fcabe627540ed1d", element="19f8c61c-d808-48b9-ae81-5af3f3ac7d6c")&gt;</var>
<kw name="Log" library="BuiltIn">
<arg>${Element.text}</arg>
<doc>Logs the given message with the given level.</doc>
<msg timestamp="20230412 09:47:29.943" level="INFO"/>
<status status="PASS" starttime="20230412 09:47:29.928" endtime="20230412 09:47:29.943"/>
</kw>
<kw name="Append To List" library="Collections">
<arg>${Holiday_list_2022}</arg>
<arg>${Element.text}</arg>
<doc>Adds ``values`` to the end of ``list``.</doc>
<status status="PASS" starttime="20230412 09:47:29.943" endtime="20230412 09:47:29.943"/>
</kw>
<status status="PASS" starttime="20230412 09:47:29.928" endtime="20230412 09:47:29.943"/>
</iter>
<status status="PASS" starttime="20230412 09:47:29.421" endtime="20230412 09:47:29.943"/>
</for>
<kw name="Click Element" library="SeleniumLibrary">
<arg>css:a[id='2']</arg>
<doc>Click the element identified by ``locator``.</doc>
<msg timestamp="20230412 09:47:29.943" level="INFO">Clicking element 'css:a[id='2']'.</msg>
<status status="PASS" starttime="20230412 09:47:29.943" endtime="20230412 09:47:29.981"/>
</kw>
<for flavor="IN">
<var>${Element}</var>
<value>@{Elements}</value>
<iter>
<var name="${Element}">&lt;selenium.webdriver.remote.webelement.WebElement (session="30e94f5cb04376c19fcabe627540ed1d", element="22008c94-5b71-4ea3-94cf-3194fc4b32b9")&gt;</var>
<kw name="Log" library="BuiltIn">
<arg>${Element.text}</arg>
<doc>Logs the given message with the given level.</doc>
<msg timestamp="20230412 09:47:29.994" level="INFO"/>
<status status="PASS" starttime="20230412 09:47:29.981" endtime="20230412 09:47:29.994"/>
</kw>
<kw name="Append To List" library="Collections">
<arg>${Holiday_list_2022}</arg>
<arg>${Element.text}</arg>
<doc>Adds ``values`` to the end of ``list``.</doc>
<status status="PASS" starttime="20230412 09:47:29.994" endtime="20230412 09:47:29.997"/>
</kw>
<status status="PASS" starttime="20230412 09:47:29.981" endtime="20230412 09:47:29.997"/>
</iter>
<iter>
<var name="${Element}">&lt;selenium.webdriver.remote.webelement.WebElement (session="30e94f5cb04376c19fcabe627540ed1d", element="b9399360-4199-4b3c-bf7d-ec874f46d197")&gt;</var>
<kw name="Log" library="BuiltIn">
<arg>${Element.text}</arg>
<doc>Logs the given message with the given level.</doc>
<msg timestamp="20230412 09:47:30.002" level="INFO"/>
<status status="PASS" starttime="20230412 09:47:29.998" endtime="20230412 09:47:30.002"/>
</kw>
<kw name="Append To List" library="Collections">
<arg>${Holiday_list_2022}</arg>
<arg>${Element.text}</arg>
<doc>Adds ``values`` to the end of ``list``.</doc>
<status status="PASS" starttime="20230412 09:47:30.002" endtime="20230412 09:47:30.007"/>
</kw>
<status status="PASS" starttime="20230412 09:47:29.997" endtime="20230412 09:47:30.007"/>
</iter>
<iter>
<var name="${Element}">&lt;selenium.webdriver.remote.webelement.WebElement (session="30e94f5cb04376c19fcabe627540ed1d", element="9942b5dc-4099-450f-9022-eb8067b99fc3")&gt;</var>
<kw name="Log" library="BuiltIn">
<arg>${Element.text}</arg>
<doc>Logs the given message with the given level.</doc>
<msg timestamp="20230412 09:47:30.012" level="INFO"/>
<status status="PASS" starttime="20230412 09:47:30.007" endtime="20230412 09:47:30.012"/>
</kw>
<kw name="Append To List" library="Collections">
<arg>${Holiday_list_2022}</arg>
<arg>${Element.text}</arg>
<doc>Adds ``values`` to the end of ``list``.</doc>
<status status="PASS" starttime="20230412 09:47:30.012" endtime="20230412 09:47:30.018"/>
</kw>
<status status="PASS" starttime="20230412 09:47:30.007" endtime="20230412 09:47:30.018"/>
</iter>
<iter>
<var name="${Element}">&lt;selenium.webdriver.remote.webelement.WebElement (session="30e94f5cb04376c19fcabe627540ed1d", element="21fcff22-7f14-479c-ae58-c7fc84786149")&gt;</var>
<kw name="Log" library="BuiltIn">
<arg>${Element.text}</arg>
<doc>Logs the given message with the given level.</doc>
<msg timestamp="20230412 09:47:30.024" level="INFO"/>
<status status="PASS" starttime="20230412 09:47:30.018" endtime="20230412 09:47:30.025"/>
</kw>
<kw name="Append To List" library="Collections">
<arg>${Holiday_list_2022}</arg>
<arg>${Element.text}</arg>
<doc>Adds ``values`` to the end of ``list``.</doc>
<status status="PASS" starttime="20230412 09:47:30.025" endtime="20230412 09:47:30.030"/>
</kw>
<status status="PASS" starttime="20230412 09:47:30.018" endtime="20230412 09:47:30.030"/>
</iter>
<iter>
<var name="${Element}">&lt;selenium.webdriver.remote.webelement.WebElement (session="30e94f5cb04376c19fcabe627540ed1d", element="f35a6eb6-e4d2-42ec-a888-5ba12f920950")&gt;</var>
<kw name="Log" library="BuiltIn">
<arg>${Element.text}</arg>
<doc>Logs the given message with the given level.</doc>
<msg timestamp="20230412 09:47:30.035" level="INFO"/>
<status status="PASS" starttime="20230412 09:47:30.030" endtime="20230412 09:47:30.035"/>
</kw>
<kw name="Append To List" library="Collections">
<arg>${Holiday_list_2022}</arg>
<arg>${Element.text}</arg>
<doc>Adds ``values`` to the end of ``list``.</doc>
<status status="PASS" starttime="20230412 09:47:30.035" endtime="20230412 09:47:30.035"/>
</kw>
<status status="PASS" starttime="20230412 09:47:30.030" endtime="20230412 09:47:30.035"/>
</iter>
<iter>
<var name="${Element}">&lt;selenium.webdriver.remote.webelement.WebElement (session="30e94f5cb04376c19fcabe627540ed1d", element="32b27eb8-0ccd-4051-bfdf-db243e4d0658")&gt;</var>
<kw name="Log" library="BuiltIn">
<arg>${Element.text}</arg>
<doc>Logs the given message with the given level.</doc>
<msg timestamp="20230412 09:47:30.035" level="INFO"/>
<status status="PASS" starttime="20230412 09:47:30.035" endtime="20230412 09:47:30.035"/>
</kw>
<kw name="Append To List" library="Collections">
<arg>${Holiday_list_2022}</arg>
<arg>${Element.text}</arg>
<doc>Adds ``values`` to the end of ``list``.</doc>
<status status="PASS" starttime="20230412 09:47:30.035" endtime="20230412 09:47:30.035"/>
</kw>
<status status="PASS" starttime="20230412 09:47:30.035" endtime="20230412 09:47:30.035"/>
</iter>
<iter>
<var name="${Element}">&lt;selenium.webdriver.remote.webelement.WebElement (session="30e94f5cb04376c19fcabe627540ed1d", element="6c75e5c2-ce12-46c0-86bb-9a03c5b0fb85")&gt;</var>
<kw name="Log" library="BuiltIn">
<arg>${Element.text}</arg>
<doc>Logs the given message with the given level.</doc>
<msg timestamp="20230412 09:47:30.056" level="INFO"/>
<status status="PASS" starttime="20230412 09:47:30.051" endtime="20230412 09:47:30.056"/>
</kw>
<kw name="Append To List" library="Collections">
<arg>${Holiday_list_2022}</arg>
<arg>${Element.text}</arg>
<doc>Adds ``values`` to the end of ``list``.</doc>
<status status="PASS" starttime="20230412 09:47:30.057" endtime="20230412 09:47:30.061"/>
</kw>
<status status="PASS" starttime="20230412 09:47:30.051" endtime="20230412 09:47:30.061"/>
</iter>
<iter>
<var name="${Element}">&lt;selenium.webdriver.remote.webelement.WebElement (session="30e94f5cb04376c19fcabe627540ed1d", element="a984e1e2-7286-4a4c-9d3f-01d1ba20cbee")&gt;</var>
<kw name="Log" library="BuiltIn">
<arg>${Element.text}</arg>
<doc>Logs the given message with the given level.</doc>
<msg timestamp="20230412 09:47:30.067" level="INFO"/>
<status status="PASS" starttime="20230412 09:47:30.061" endtime="20230412 09:47:30.067"/>
</kw>
<kw name="Append To List" library="Collections">
<arg>${Holiday_list_2022}</arg>
<arg>${Element.text}</arg>
<doc>Adds ``values`` to the end of ``list``.</doc>
<status status="PASS" starttime="20230412 09:47:30.067" endtime="20230412 09:47:30.074"/>
</kw>
<status status="PASS" starttime="20230412 09:47:30.061" endtime="20230412 09:47:30.074"/>
</iter>
<iter>
<var name="${Element}">&lt;selenium.webdriver.remote.webelement.WebElement (session="30e94f5cb04376c19fcabe627540ed1d", element="890c7b68-d554-4f6c-ad75-e11e6958a54e")&gt;</var>
<kw name="Log" library="BuiltIn">
<arg>${Element.text}</arg>
<doc>Logs the given message with the given level.</doc>
<msg timestamp="20230412 09:47:30.081" level="INFO"/>
<status status="PASS" starttime="20230412 09:47:30.074" endtime="20230412 09:47:30.081"/>
</kw>
<kw name="Append To List" library="Collections">
<arg>${Holiday_list_2022}</arg>
<arg>${Element.text}</arg>
<doc>Adds ``values`` to the end of ``list``.</doc>
<status status="PASS" starttime="20230412 09:47:30.081" endtime="20230412 09:47:30.089"/>
</kw>
<status status="PASS" starttime="20230412 09:47:30.074" endtime="20230412 09:47:30.089"/>
</iter>
<iter>
<var name="${Element}">&lt;selenium.webdriver.remote.webelement.WebElement (session="30e94f5cb04376c19fcabe627540ed1d", element="c71ef0ba-3467-45c9-80a8-e2cce976a945")&gt;</var>
<kw name="Log" library="BuiltIn">
<arg>${Element.text}</arg>
<doc>Logs the given message with the given level.</doc>
<msg timestamp="20230412 09:47:30.099" level="INFO"/>
<status status="PASS" starttime="20230412 09:47:30.090" endtime="20230412 09:47:30.099"/>
</kw>
<kw name="Append To List" library="Collections">
<arg>${Holiday_list_2022}</arg>
<arg>${Element.text}</arg>
<doc>Adds ``values`` to the end of ``list``.</doc>
<status status="PASS" starttime="20230412 09:47:30.100" endtime="20230412 09:47:30.106"/>
</kw>
<status status="PASS" starttime="20230412 09:47:30.089" endtime="20230412 09:47:30.106"/>
</iter>
<iter>
<var name="${Element}">&lt;selenium.webdriver.remote.webelement.WebElement (session="30e94f5cb04376c19fcabe627540ed1d", element="c0f528c4-adc3-405b-a199-950309794be1")&gt;</var>
<kw name="Log" library="BuiltIn">
<arg>${Element.text}</arg>
<doc>Logs the given message with the given level.</doc>
<msg timestamp="20230412 09:47:30.113" level="INFO">Good Friday</msg>
<status status="PASS" starttime="20230412 09:47:30.106" endtime="20230412 09:47:30.113"/>
</kw>
<kw name="Append To List" library="Collections">
<arg>${Holiday_list_2022}</arg>
<arg>${Element.text}</arg>
<doc>Adds ``values`` to the end of ``list``.</doc>
<status status="PASS" starttime="20230412 09:47:30.113" endtime="20230412 09:47:30.119"/>
</kw>
<status status="PASS" starttime="20230412 09:47:30.106" endtime="20230412 09:47:30.119"/>
</iter>
<iter>
<var name="${Element}">&lt;selenium.webdriver.remote.webelement.WebElement (session="30e94f5cb04376c19fcabe627540ed1d", element="2494f2a8-66c7-4e31-99a6-75aa1e69ccfb")&gt;</var>
<kw name="Log" library="BuiltIn">
<arg>${Element.text}</arg>
<doc>Logs the given message with the given level.</doc>
<msg timestamp="20230412 09:47:30.123" level="INFO">Id-ul Fitr</msg>
<status status="PASS" starttime="20230412 09:47:30.119" endtime="20230412 09:47:30.123"/>
</kw>
<kw name="Append To List" library="Collections">
<arg>${Holiday_list_2022}</arg>
<arg>${Element.text}</arg>
<doc>Adds ``values`` to the end of ``list``.</doc>
<status status="PASS" starttime="20230412 09:47:30.123" endtime="20230412 09:47:30.128"/>
</kw>
<status status="PASS" starttime="20230412 09:47:30.119" endtime="20230412 09:47:30.128"/>
</iter>
<iter>
<var name="${Element}">&lt;selenium.webdriver.remote.webelement.WebElement (session="30e94f5cb04376c19fcabe627540ed1d", element="a587288b-bdf0-4d98-88f9-06a655f3d8bc")&gt;</var>
<kw name="Log" library="BuiltIn">
<arg>${Element.text}</arg>
<doc>Logs the given message with the given level.</doc>
<msg timestamp="20230412 09:47:30.132" level="INFO">Rath Yatra</msg>
<status status="PASS" starttime="20230412 09:47:30.129" endtime="20230412 09:47:30.132"/>
</kw>
<kw name="Append To List" library="Collections">
<arg>${Holiday_list_2022}</arg>
<arg>${Element.text}</arg>
<doc>Adds ``values`` to the end of ``list``.</doc>
<status status="PASS" starttime="20230412 09:47:30.132" endtime="20230412 09:47:30.136"/>
</kw>
<status status="PASS" starttime="20230412 09:47:30.129" endtime="20230412 09:47:30.136"/>
</iter>
<iter>
<var name="${Element}">&lt;selenium.webdriver.remote.webelement.WebElement (session="30e94f5cb04376c19fcabe627540ed1d", element="7cf3153f-7b49-4c63-86f4-d5dfc9bad58d")&gt;</var>
<kw name="Log" library="BuiltIn">
<arg>${Element.text}</arg>
<doc>Logs the given message with the given level.</doc>
<msg timestamp="20230412 09:47:30.141" level="INFO">Bakrid / Eid al Adha Holiday</msg>
<status status="PASS" starttime="20230412 09:47:30.136" endtime="20230412 09:47:30.141"/>
</kw>
<kw name="Append To List" library="Collections">
<arg>${Holiday_list_2022}</arg>
<arg>${Element.text}</arg>
<doc>Adds ``values`` to the end of ``list``.</doc>
<status status="PASS" starttime="20230412 09:47:30.141" endtime="20230412 09:47:30.145"/>
</kw>
<status status="PASS" starttime="20230412 09:47:30.136" endtime="20230412 09:47:30.145"/>
</iter>
<iter>
<var name="${Element}">&lt;selenium.webdriver.remote.webelement.WebElement (session="30e94f5cb04376c19fcabe627540ed1d", element="595ad7c2-d98d-4ed4-84b6-eb153779e78d")&gt;</var>
<kw name="Log" library="BuiltIn">
<arg>${Element.text}</arg>
<doc>Logs the given message with the given level.</doc>
<msg timestamp="20230412 09:47:30.149" level="INFO">Moharram</msg>
<status status="PASS" starttime="20230412 09:47:30.145" endtime="20230412 09:47:30.149"/>
</kw>
<kw name="Append To List" library="Collections">
<arg>${Holiday_list_2022}</arg>
<arg>${Element.text}</arg>
<doc>Adds ``values`` to the end of ``list``.</doc>
<status status="PASS" starttime="20230412 09:47:30.149" endtime="20230412 09:47:30.153"/>
</kw>
<status status="PASS" starttime="20230412 09:47:30.145" endtime="20230412 09:47:30.153"/>
</iter>
<iter>
<var name="${Element}">&lt;selenium.webdriver.remote.webelement.WebElement (session="30e94f5cb04376c19fcabe627540ed1d", element="ddf6a9fa-74cb-414b-a01f-b70c8964a1b9")&gt;</var>
<kw name="Log" library="BuiltIn">
<arg>${Element.text}</arg>
<doc>Logs the given message with the given level.</doc>
<msg timestamp="20230412 09:47:30.158" level="INFO">Raksha Bandhan</msg>
<status status="PASS" starttime="20230412 09:47:30.153" endtime="20230412 09:47:30.158"/>
</kw>
<kw name="Append To List" library="Collections">
<arg>${Holiday_list_2022}</arg>
<arg>${Element.text}</arg>
<doc>Adds ``values`` to the end of ``list``.</doc>
<status status="PASS" starttime="20230412 09:47:30.158" endtime="20230412 09:47:30.162"/>
</kw>
<status status="PASS" starttime="20230412 09:47:30.153" endtime="20230412 09:47:30.162"/>
</iter>
<iter>
<var name="${Element}">&lt;selenium.webdriver.remote.webelement.WebElement (session="30e94f5cb04376c19fcabe627540ed1d", element="e92b2834-4b6f-4108-80dc-5ea269f15cd6")&gt;</var>
<kw name="Log" library="BuiltIn">
<arg>${Element.text}</arg>
<doc>Logs the given message with the given level.</doc>
<msg timestamp="20230412 09:47:30.168" level="INFO">Independence Day</msg>
<status status="PASS" starttime="20230412 09:47:30.162" endtime="20230412 09:47:30.168"/>
</kw>
<kw name="Append To List" library="Collections">
<arg>${Holiday_list_2022}</arg>
<arg>${Element.text}</arg>
<doc>Adds ``values`` to the end of ``list``.</doc>
<status status="PASS" starttime="20230412 09:47:30.168" endtime="20230412 09:47:30.173"/>
</kw>
<status status="PASS" starttime="20230412 09:47:30.162" endtime="20230412 09:47:30.173"/>
</iter>
<iter>
<var name="${Element}">&lt;selenium.webdriver.remote.webelement.WebElement (session="30e94f5cb04376c19fcabe627540ed1d", element="76943a5b-6199-4c47-9d09-7a30ee30e010")&gt;</var>
<kw name="Log" library="BuiltIn">
<arg>${Element.text}</arg>
<doc>Logs the given message with the given level.</doc>
<msg timestamp="20230412 09:47:30.179" level="INFO">Parasi New Year Day</msg>
<status status="PASS" starttime="20230412 09:47:30.173" endtime="20230412 09:47:30.179"/>
</kw>
<kw name="Append To List" library="Collections">
<arg>${Holiday_list_2022}</arg>
<arg>${Element.text}</arg>
<doc>Adds ``values`` to the end of ``list``.</doc>
<status status="PASS" starttime="20230412 09:47:30.179" endtime="20230412 09:47:30.183"/>
</kw>
<status status="PASS" starttime="20230412 09:47:30.173" endtime="20230412 09:47:30.183"/>
</iter>
<iter>
<var name="${Element}">&lt;selenium.webdriver.remote.webelement.WebElement (session="30e94f5cb04376c19fcabe627540ed1d", element="0cce5de4-1d07-445d-ae70-87ca7a6def5b")&gt;</var>
<kw name="Log" library="BuiltIn">
<arg>${Element.text}</arg>
<doc>Logs the given message with the given level.</doc>
<msg timestamp="20230412 09:47:30.188" level="INFO">Janmashtami</msg>
<status status="PASS" starttime="20230412 09:47:30.183" endtime="20230412 09:47:30.188"/>
</kw>
<kw name="Append To List" library="Collections">
<arg>${Holiday_list_2022}</arg>
<arg>${Element.text}</arg>
<doc>Adds ``values`` to the end of ``list``.</doc>
<status status="PASS" starttime="20230412 09:47:30.188" endtime="20230412 09:47:30.196"/>
</kw>
<status status="PASS" starttime="20230412 09:47:30.183" endtime="20230412 09:47:30.196"/>
</iter>
<iter>
<var name="${Element}">&lt;selenium.webdriver.remote.webelement.WebElement (session="30e94f5cb04376c19fcabe627540ed1d", element="bf5573d2-8f8a-4e97-9205-5f77cd9fb5f3")&gt;</var>
<kw name="Log" library="BuiltIn">
<arg>${Element.text}</arg>
<doc>Logs the given message with the given level.</doc>
<msg timestamp="20230412 09:47:30.204" level="INFO">Ganesh Chaturthi</msg>
<status status="PASS" starttime="20230412 09:47:30.197" endtime="20230412 09:47:30.204"/>
</kw>
<kw name="Append To List" library="Collections">
<arg>${Holiday_list_2022}</arg>
<arg>${Element.text}</arg>
<doc>Adds ``values`` to the end of ``list``.</doc>
<status status="PASS" starttime="20230412 09:47:30.204" endtime="20230412 09:47:30.209"/>
</kw>
<status status="PASS" starttime="20230412 09:47:30.196" endtime="20230412 09:47:30.209"/>
</iter>
<iter>
<var name="${Element}">&lt;selenium.webdriver.remote.webelement.WebElement (session="30e94f5cb04376c19fcabe627540ed1d", element="476c4d9e-af84-4bdf-bd9d-d5a262d9cfde")&gt;</var>
<kw name="Log" library="BuiltIn">
<arg>${Element.text}</arg>
<doc>Logs the given message with the given level.</doc>
<msg timestamp="20230412 09:47:30.213" level="INFO"/>
<status status="PASS" starttime="20230412 09:47:30.209" endtime="20230412 09:47:30.213"/>
</kw>
<kw name="Append To List" library="Collections">
<arg>${Holiday_list_2022}</arg>
<arg>${Element.text}</arg>
<doc>Adds ``values`` to the end of ``list``.</doc>
<status status="PASS" starttime="20230412 09:47:30.213" endtime="20230412 09:47:30.217"/>
</kw>
<status status="PASS" starttime="20230412 09:47:30.209" endtime="20230412 09:47:30.217"/>
</iter>
<iter>
<var name="${Element}">&lt;selenium.webdriver.remote.webelement.WebElement (session="30e94f5cb04376c19fcabe627540ed1d", element="f9c15154-01f8-42d4-918f-2685b05d28f8")&gt;</var>
<kw name="Log" library="BuiltIn">
<arg>${Element.text}</arg>
<doc>Logs the given message with the given level.</doc>
<msg timestamp="20230412 09:47:30.223" level="INFO"/>
<status status="PASS" starttime="20230412 09:47:30.217" endtime="20230412 09:47:30.223"/>
</kw>
<kw name="Append To List" library="Collections">
<arg>${Holiday_list_2022}</arg>
<arg>${Element.text}</arg>
<doc>Adds ``values`` to the end of ``list``.</doc>
<status status="PASS" starttime="20230412 09:47:30.223" endtime="20230412 09:47:30.229"/>
</kw>
<status status="PASS" starttime="20230412 09:47:30.217" endtime="20230412 09:47:30.229"/>
</iter>
<iter>
<var name="${Element}">&lt;selenium.webdriver.remote.webelement.WebElement (session="30e94f5cb04376c19fcabe627540ed1d", element="32c751b7-cc6e-4c6d-afad-684d49203319")&gt;</var>
<kw name="Log" library="BuiltIn">
<arg>${Element.text}</arg>
<doc>Logs the given message with the given level.</doc>
<msg timestamp="20230412 09:47:30.234" level="INFO"/>
<status status="PASS" starttime="20230412 09:47:30.229" endtime="20230412 09:47:30.234"/>
</kw>
<kw name="Append To List" library="Collections">
<arg>${Holiday_list_2022}</arg>
<arg>${Element.text}</arg>
<doc>Adds ``values`` to the end of ``list``.</doc>
<status status="PASS" starttime="20230412 09:47:30.234" endtime="20230412 09:47:30.239"/>
</kw>
<status status="PASS" starttime="20230412 09:47:30.229" endtime="20230412 09:47:30.239"/>
</iter>
<iter>
<var name="${Element}">&lt;selenium.webdriver.remote.webelement.WebElement (session="30e94f5cb04376c19fcabe627540ed1d", element="d1215085-3512-491d-8a2d-bd9b9d27c21c")&gt;</var>
<kw name="Log" library="BuiltIn">
<arg>${Element.text}</arg>
<doc>Logs the given message with the given level.</doc>
<msg timestamp="20230412 09:47:30.243" level="INFO"/>
<status status="PASS" starttime="20230412 09:47:30.239" endtime="20230412 09:47:30.243"/>
</kw>
<kw name="Append To List" library="Collections">
<arg>${Holiday_list_2022}</arg>
<arg>${Element.text}</arg>
<doc>Adds ``values`` to the end of ``list``.</doc>
<status status="PASS" starttime="20230412 09:47:30.243" endtime="20230412 09:47:30.246"/>
</kw>
<status status="PASS" starttime="20230412 09:47:30.239" endtime="20230412 09:47:30.246"/>
</iter>
<iter>
<var name="${Element}">&lt;selenium.webdriver.remote.webelement.WebElement (session="30e94f5cb04376c19fcabe627540ed1d", element="115e663a-ab5c-4076-baa2-d550f80693f1")&gt;</var>
<kw name="Log" library="BuiltIn">
<arg>${Element.text}</arg>
<doc>Logs the given message with the given level.</doc>
<msg timestamp="20230412 09:47:30.251" level="INFO"/>
<status status="PASS" starttime="20230412 09:47:30.247" endtime="20230412 09:47:30.251"/>
</kw>
<kw name="Append To List" library="Collections">
<arg>${Holiday_list_2022}</arg>
<arg>${Element.text}</arg>
<doc>Adds ``values`` to the end of ``list``.</doc>
<status status="PASS" starttime="20230412 09:47:30.251" endtime="20230412 09:47:30.251"/>
</kw>
<status status="PASS" starttime="20230412 09:47:30.246" endtime="20230412 09:47:30.251"/>
</iter>
<iter>
<var name="${Element}">&lt;selenium.webdriver.remote.webelement.WebElement (session="30e94f5cb04376c19fcabe627540ed1d", element="d7666ec8-e847-428a-9bb6-c71587d0f447")&gt;</var>
<kw name="Log" library="BuiltIn">
<arg>${Element.text}</arg>
<doc>Logs the given message with the given level.</doc>
<msg timestamp="20230412 09:47:30.259" level="INFO"/>
<status status="PASS" starttime="20230412 09:47:30.251" endtime="20230412 09:47:30.259"/>
</kw>
<kw name="Append To List" library="Collections">
<arg>${Holiday_list_2022}</arg>
<arg>${Element.text}</arg>
<doc>Adds ``values`` to the end of ``list``.</doc>
<status status="PASS" starttime="20230412 09:47:30.259" endtime="20230412 09:47:30.259"/>
</kw>
<status status="PASS" starttime="20230412 09:47:30.251" endtime="20230412 09:47:30.259"/>
</iter>
<iter>
<var name="${Element}">&lt;selenium.webdriver.remote.webelement.WebElement (session="30e94f5cb04376c19fcabe627540ed1d", element="e01765cc-b495-4e31-b10d-1a97b3becf5a")&gt;</var>
<kw name="Log" library="BuiltIn">
<arg>${Element.text}</arg>
<doc>Logs the given message with the given level.</doc>
<msg timestamp="20230412 09:47:30.259" level="INFO"/>
<status status="PASS" starttime="20230412 09:47:30.259" endtime="20230412 09:47:30.259"/>
</kw>
<kw name="Append To List" library="Collections">
<arg>${Holiday_list_2022}</arg>
<arg>${Element.text}</arg>
<doc>Adds ``values`` to the end of ``list``.</doc>
<status status="PASS" starttime="20230412 09:47:30.259" endtime="20230412 09:47:30.271"/>
</kw>
<status status="PASS" starttime="20230412 09:47:30.259" endtime="20230412 09:47:30.271"/>
</iter>
<iter>
<var name="${Element}">&lt;selenium.webdriver.remote.webelement.WebElement (session="30e94f5cb04376c19fcabe627540ed1d", element="4946d200-a42f-4d6a-a850-bd1efb94a227")&gt;</var>
<kw name="Log" library="BuiltIn">
<arg>${Element.text}</arg>
<doc>Logs the given message with the given level.</doc>
<msg timestamp="20230412 09:47:30.271" level="INFO"/>
<status status="PASS" starttime="20230412 09:47:30.271" endtime="20230412 09:47:30.271"/>
</kw>
<kw name="Append To List" library="Collections">
<arg>${Holiday_list_2022}</arg>
<arg>${Element.text}</arg>
<doc>Adds ``values`` to the end of ``list``.</doc>
<status status="PASS" starttime="20230412 09:47:30.271" endtime="20230412 09:47:30.280"/>
</kw>
<status status="PASS" starttime="20230412 09:47:30.271" endtime="20230412 09:47:30.280"/>
</iter>
<iter>
<var name="${Element}">&lt;selenium.webdriver.remote.webelement.WebElement (session="30e94f5cb04376c19fcabe627540ed1d", element="de4121c5-53bb-4821-bb67-01489a0dcc27")&gt;</var>
<kw name="Log" library="BuiltIn">
<arg>${Element.text}</arg>
<doc>Logs the given message with the given level.</doc>
<msg timestamp="20230412 09:47:30.280" level="INFO"/>
<status status="PASS" starttime="20230412 09:47:30.280" endtime="20230412 09:47:30.280"/>
</kw>
<kw name="Append To List" library="Collections">
<arg>${Holiday_list_2022}</arg>
<arg>${Element.text}</arg>
<doc>Adds ``values`` to the end of ``list``.</doc>
<status status="PASS" starttime="20230412 09:47:30.280" endtime="20230412 09:47:30.280"/>
</kw>
<status status="PASS" starttime="20230412 09:47:30.280" endtime="20230412 09:47:30.280"/>
</iter>
<iter>
<var name="${Element}">&lt;selenium.webdriver.remote.webelement.WebElement (session="30e94f5cb04376c19fcabe627540ed1d", element="574840d3-81c1-479d-9357-67f4cc9c31e8")&gt;</var>
<kw name="Log" library="BuiltIn">
<arg>${Element.text}</arg>
<doc>Logs the given message with the given level.</doc>
<msg timestamp="20230412 09:47:30.280" level="INFO"/>
<status status="PASS" starttime="20230412 09:47:30.280" endtime="20230412 09:47:30.280"/>
</kw>
<kw name="Append To List" library="Collections">
<arg>${Holiday_list_2022}</arg>
<arg>${Element.text}</arg>
<doc>Adds ``values`` to the end of ``list``.</doc>
<status status="PASS" starttime="20230412 09:47:30.280" endtime="20230412 09:47:30.296"/>
</kw>
<status status="PASS" starttime="20230412 09:47:30.280" endtime="20230412 09:47:30.296"/>
</iter>
<iter>
<var name="${Element}">&lt;selenium.webdriver.remote.webelement.WebElement (session="30e94f5cb04376c19fcabe627540ed1d", element="19f8c61c-d808-48b9-ae81-5af3f3ac7d6c")&gt;</var>
<kw name="Log" library="BuiltIn">
<arg>${Element.text}</arg>
<doc>Logs the given message with the given level.</doc>
<msg timestamp="20230412 09:47:30.296" level="INFO"/>
<status status="PASS" starttime="20230412 09:47:30.296" endtime="20230412 09:47:30.296"/>
</kw>
<kw name="Append To List" library="Collections">
<arg>${Holiday_list_2022}</arg>
<arg>${Element.text}</arg>
<doc>Adds ``values`` to the end of ``list``.</doc>
<status status="PASS" starttime="20230412 09:47:30.296" endtime="20230412 09:47:30.296"/>
</kw>
<status status="PASS" starttime="20230412 09:47:30.296" endtime="20230412 09:47:30.296"/>
</iter>
<status status="PASS" starttime="20230412 09:47:29.981" endtime="20230412 09:47:30.296"/>
</for>
<kw name="Click Element" library="SeleniumLibrary">
<arg>css:a[id='3']</arg>
<doc>Click the element identified by ``locator``.</doc>
<msg timestamp="20230412 09:47:30.296" level="INFO">Clicking element 'css:a[id='3']'.</msg>
<status status="PASS" starttime="20230412 09:47:30.296" endtime="20230412 09:47:30.341"/>
</kw>
<for flavor="IN">
<var>${Element}</var>
<value>@{Elements}</value>
<iter>
<var name="${Element}">&lt;selenium.webdriver.remote.webelement.WebElement (session="30e94f5cb04376c19fcabe627540ed1d", element="22008c94-5b71-4ea3-94cf-3194fc4b32b9")&gt;</var>
<kw name="Log" library="BuiltIn">
<arg>${Element.text}</arg>
<doc>Logs the given message with the given level.</doc>
<msg timestamp="20230412 09:47:30.341" level="INFO"/>
<status status="PASS" starttime="20230412 09:47:30.341" endtime="20230412 09:47:30.341"/>
</kw>
<kw name="Append To List" library="Collections">
<arg>${Holiday_list_2022}</arg>
<arg>${Element.text}</arg>
<doc>Adds ``values`` to the end of ``list``.</doc>
<status status="PASS" starttime="20230412 09:47:30.341" endtime="20230412 09:47:30.354"/>
</kw>
<status status="PASS" starttime="20230412 09:47:30.341" endtime="20230412 09:47:30.354"/>
</iter>
<iter>
<var name="${Element}">&lt;selenium.webdriver.remote.webelement.WebElement (session="30e94f5cb04376c19fcabe627540ed1d", element="b9399360-4199-4b3c-bf7d-ec874f46d197")&gt;</var>
<kw name="Log" library="BuiltIn">
<arg>${Element.text}</arg>
<doc>Logs the given message with the given level.</doc>
<msg timestamp="20230412 09:47:30.359" level="INFO"/>
<status status="PASS" starttime="20230412 09:47:30.354" endtime="20230412 09:47:30.359"/>
</kw>
<kw name="Append To List" library="Collections">
<arg>${Holiday_list_2022}</arg>
<arg>${Element.text}</arg>
<doc>Adds ``values`` to the end of ``list``.</doc>
<status status="PASS" starttime="20230412 09:47:30.359" endtime="20230412 09:47:30.365"/>
</kw>
<status status="PASS" starttime="20230412 09:47:30.354" endtime="20230412 09:47:30.365"/>
</iter>
<iter>
<var name="${Element}">&lt;selenium.webdriver.remote.webelement.WebElement (session="30e94f5cb04376c19fcabe627540ed1d", element="9942b5dc-4099-450f-9022-eb8067b99fc3")&gt;</var>
<kw name="Log" library="BuiltIn">
<arg>${Element.text}</arg>
<doc>Logs the given message with the given level.</doc>
<msg timestamp="20230412 09:47:30.370" level="INFO"/>
<status status="PASS" starttime="20230412 09:47:30.365" endtime="20230412 09:47:30.370"/>
</kw>
<kw name="Append To List" library="Collections">
<arg>${Holiday_list_2022}</arg>
<arg>${Element.text}</arg>
<doc>Adds ``values`` to the end of ``list``.</doc>
<status status="PASS" starttime="20230412 09:47:30.370" endtime="20230412 09:47:30.376"/>
</kw>
<status status="PASS" starttime="20230412 09:47:30.365" endtime="20230412 09:47:30.376"/>
</iter>
<iter>
<var name="${Element}">&lt;selenium.webdriver.remote.webelement.WebElement (session="30e94f5cb04376c19fcabe627540ed1d", element="21fcff22-7f14-479c-ae58-c7fc84786149")&gt;</var>
<kw name="Log" library="BuiltIn">
<arg>${Element.text}</arg>
<doc>Logs the given message with the given level.</doc>
<msg timestamp="20230412 09:47:30.382" level="INFO"/>
<status status="PASS" starttime="20230412 09:47:30.376" endtime="20230412 09:47:30.382"/>
</kw>
<kw name="Append To List" library="Collections">
<arg>${Holiday_list_2022}</arg>
<arg>${Element.text}</arg>
<doc>Adds ``values`` to the end of ``list``.</doc>
<status status="PASS" starttime="20230412 09:47:30.382" endtime="20230412 09:47:30.385"/>
</kw>
<status status="PASS" starttime="20230412 09:47:30.376" endtime="20230412 09:47:30.385"/>
</iter>
<iter>
<var name="${Element}">&lt;selenium.webdriver.remote.webelement.WebElement (session="30e94f5cb04376c19fcabe627540ed1d", element="f35a6eb6-e4d2-42ec-a888-5ba12f920950")&gt;</var>
<kw name="Log" library="BuiltIn">
<arg>${Element.text}</arg>
<doc>Logs the given message with the given level.</doc>
<msg timestamp="20230412 09:47:30.385" level="INFO"/>
<status status="PASS" starttime="20230412 09:47:30.385" endtime="20230412 09:47:30.385"/>
</kw>
<kw name="Append To List" library="Collections">
<arg>${Holiday_list_2022}</arg>
<arg>${Element.text}</arg>
<doc>Adds ``values`` to the end of ``list``.</doc>
<status status="PASS" starttime="20230412 09:47:30.385" endtime="20230412 09:47:30.385"/>
</kw>
<status status="PASS" starttime="20230412 09:47:30.385" endtime="20230412 09:47:30.385"/>
</iter>
<iter>
<var name="${Element}">&lt;selenium.webdriver.remote.webelement.WebElement (session="30e94f5cb04376c19fcabe627540ed1d", element="32b27eb8-0ccd-4051-bfdf-db243e4d0658")&gt;</var>
<kw name="Log" library="BuiltIn">
<arg>${Element.text}</arg>
<doc>Logs the given message with the given level.</doc>
<msg timestamp="20230412 09:47:30.385" level="INFO"/>
<status status="PASS" starttime="20230412 09:47:30.385" endtime="20230412 09:47:30.385"/>
</kw>
<kw name="Append To List" library="Collections">
<arg>${Holiday_list_2022}</arg>
<arg>${Element.text}</arg>
<doc>Adds ``values`` to the end of ``list``.</doc>
<status status="PASS" starttime="20230412 09:47:30.385" endtime="20230412 09:47:30.401"/>
</kw>
<status status="PASS" starttime="20230412 09:47:30.385" endtime="20230412 09:47:30.401"/>
</iter>
<iter>
<var name="${Element}">&lt;selenium.webdriver.remote.webelement.WebElement (session="30e94f5cb04376c19fcabe627540ed1d", element="6c75e5c2-ce12-46c0-86bb-9a03c5b0fb85")&gt;</var>
<kw name="Log" library="BuiltIn">
<arg>${Element.text}</arg>
<doc>Logs the given message with the given level.</doc>
<msg timestamp="20230412 09:47:30.401" level="INFO"/>
<status status="PASS" starttime="20230412 09:47:30.401" endtime="20230412 09:47:30.401"/>
</kw>
<kw name="Append To List" library="Collections">
<arg>${Holiday_list_2022}</arg>
<arg>${Element.text}</arg>
<doc>Adds ``values`` to the end of ``list``.</doc>
<status status="PASS" starttime="20230412 09:47:30.401" endtime="20230412 09:47:30.401"/>
</kw>
<status status="PASS" starttime="20230412 09:47:30.401" endtime="20230412 09:47:30.401"/>
</iter>
<iter>
<var name="${Element}">&lt;selenium.webdriver.remote.webelement.WebElement (session="30e94f5cb04376c19fcabe627540ed1d", element="a984e1e2-7286-4a4c-9d3f-01d1ba20cbee")&gt;</var>
<kw name="Log" library="BuiltIn">
<arg>${Element.text}</arg>
<doc>Logs the given message with the given level.</doc>
<msg timestamp="20230412 09:47:30.416" level="INFO"/>
<status status="PASS" starttime="20230412 09:47:30.401" endtime="20230412 09:47:30.416"/>
</kw>
<kw name="Append To List" library="Collections">
<arg>${Holiday_list_2022}</arg>
<arg>${Element.text}</arg>
<doc>Adds ``values`` to the end of ``list``.</doc>
<status status="PASS" starttime="20230412 09:47:30.416" endtime="20230412 09:47:30.416"/>
</kw>
<status status="PASS" starttime="20230412 09:47:30.401" endtime="20230412 09:47:30.416"/>
</iter>
<iter>
<var name="${Element}">&lt;selenium.webdriver.remote.webelement.WebElement (session="30e94f5cb04376c19fcabe627540ed1d", element="890c7b68-d554-4f6c-ad75-e11e6958a54e")&gt;</var>
<kw name="Log" library="BuiltIn">
<arg>${Element.text}</arg>
<doc>Logs the given message with the given level.</doc>
<msg timestamp="20230412 09:47:30.416" level="INFO"/>
<status status="PASS" starttime="20230412 09:47:30.416" endtime="20230412 09:47:30.416"/>
</kw>
<kw name="Append To List" library="Collections">
<arg>${Holiday_list_2022}</arg>
<arg>${Element.text}</arg>
<doc>Adds ``values`` to the end of ``list``.</doc>
<status status="PASS" starttime="20230412 09:47:30.416" endtime="20230412 09:47:30.432"/>
</kw>
<status status="PASS" starttime="20230412 09:47:30.416" endtime="20230412 09:47:30.432"/>
</iter>
<iter>
<var name="${Element}">&lt;selenium.webdriver.remote.webelement.WebElement (session="30e94f5cb04376c19fcabe627540ed1d", element="c71ef0ba-3467-45c9-80a8-e2cce976a945")&gt;</var>
<kw name="Log" library="BuiltIn">
<arg>${Element.text}</arg>
<doc>Logs the given message with the given level.</doc>
<msg timestamp="20230412 09:47:30.437" level="INFO"/>
<status status="PASS" starttime="20230412 09:47:30.432" endtime="20230412 09:47:30.437"/>
</kw>
<kw name="Append To List" library="Collections">
<arg>${Holiday_list_2022}</arg>
<arg>${Element.text}</arg>
<doc>Adds ``values`` to the end of ``list``.</doc>
<status status="PASS" starttime="20230412 09:47:30.437" endtime="20230412 09:47:30.440"/>
</kw>
<status status="PASS" starttime="20230412 09:47:30.432" endtime="20230412 09:47:30.440"/>
</iter>
<iter>
<var name="${Element}">&lt;selenium.webdriver.remote.webelement.WebElement (session="30e94f5cb04376c19fcabe627540ed1d", element="c0f528c4-adc3-405b-a199-950309794be1")&gt;</var>
<kw name="Log" library="BuiltIn">
<arg>${Element.text}</arg>
<doc>Logs the given message with the given level.</doc>
<msg timestamp="20230412 09:47:30.444" level="INFO"/>
<status status="PASS" starttime="20230412 09:47:30.441" endtime="20230412 09:47:30.444"/>
</kw>
<kw name="Append To List" library="Collections">
<arg>${Holiday_list_2022}</arg>
<arg>${Element.text}</arg>
<doc>Adds ``values`` to the end of ``list``.</doc>
<status status="PASS" starttime="20230412 09:47:30.444" endtime="20230412 09:47:30.447"/>
</kw>
<status status="PASS" starttime="20230412 09:47:30.440" endtime="20230412 09:47:30.447"/>
</iter>
<iter>
<var name="${Element}">&lt;selenium.webdriver.remote.webelement.WebElement (session="30e94f5cb04376c19fcabe627540ed1d", element="2494f2a8-66c7-4e31-99a6-75aa1e69ccfb")&gt;</var>
<kw name="Log" library="BuiltIn">
<arg>${Element.text}</arg>
<doc>Logs the given message with the given level.</doc>
<msg timestamp="20230412 09:47:30.450" level="INFO"/>
<status status="PASS" starttime="20230412 09:47:30.447" endtime="20230412 09:47:30.450"/>
</kw>
<kw name="Append To List" library="Collections">
<arg>${Holiday_list_2022}</arg>
<arg>${Element.text}</arg>
<doc>Adds ``values`` to the end of ``list``.</doc>
<status status="PASS" starttime="20230412 09:47:30.450" endtime="20230412 09:47:30.455"/>
</kw>
<status status="PASS" starttime="20230412 09:47:30.447" endtime="20230412 09:47:30.455"/>
</iter>
<iter>
<var name="${Element}">&lt;selenium.webdriver.remote.webelement.WebElement (session="30e94f5cb04376c19fcabe627540ed1d", element="a587288b-bdf0-4d98-88f9-06a655f3d8bc")&gt;</var>
<kw name="Log" library="BuiltIn">
<arg>${Element.text}</arg>
<doc>Logs the given message with the given level.</doc>
<msg timestamp="20230412 09:47:30.460" level="INFO"/>
<status status="PASS" starttime="20230412 09:47:30.455" endtime="20230412 09:47:30.460"/>
</kw>
<kw name="Append To List" library="Collections">
<arg>${Holiday_list_2022}</arg>
<arg>${Element.text}</arg>
<doc>Adds ``values`` to the end of ``list``.</doc>
<status status="PASS" starttime="20230412 09:47:30.460" endtime="20230412 09:47:30.461"/>
</kw>
<status status="PASS" starttime="20230412 09:47:30.455" endtime="20230412 09:47:30.461"/>
</iter>
<iter>
<var name="${Element}">&lt;selenium.webdriver.remote.webelement.WebElement (session="30e94f5cb04376c19fcabe627540ed1d", element="7cf3153f-7b49-4c63-86f4-d5dfc9bad58d")&gt;</var>
<kw name="Log" library="BuiltIn">
<arg>${Element.text}</arg>
<doc>Logs the given message with the given level.</doc>
<msg timestamp="20230412 09:47:30.461" level="INFO"/>
<status status="PASS" starttime="20230412 09:47:30.461" endtime="20230412 09:47:30.461"/>
</kw>
<kw name="Append To List" library="Collections">
<arg>${Holiday_list_2022}</arg>
<arg>${Element.text}</arg>
<doc>Adds ``values`` to the end of ``list``.</doc>
<status status="PASS" starttime="20230412 09:47:30.461" endtime="20230412 09:47:30.471"/>
</kw>
<status status="PASS" starttime="20230412 09:47:30.461" endtime="20230412 09:47:30.471"/>
</iter>
<iter>
<var name="${Element}">&lt;selenium.webdriver.remote.webelement.WebElement (session="30e94f5cb04376c19fcabe627540ed1d", element="595ad7c2-d98d-4ed4-84b6-eb153779e78d")&gt;</var>
<kw name="Log" library="BuiltIn">
<arg>${Element.text}</arg>
<doc>Logs the given message with the given level.</doc>
<msg timestamp="20230412 09:47:30.471" level="INFO"/>
<status status="PASS" starttime="20230412 09:47:30.471" endtime="20230412 09:47:30.471"/>
</kw>
<kw name="Append To List" library="Collections">
<arg>${Holiday_list_2022}</arg>
<arg>${Element.text}</arg>
<doc>Adds ``values`` to the end of ``list``.</doc>
<status status="PASS" starttime="20230412 09:47:30.471" endtime="20230412 09:47:30.471"/>
</kw>
<status status="PASS" starttime="20230412 09:47:30.471" endtime="20230412 09:47:30.471"/>
</iter>
<iter>
<var name="${Element}">&lt;selenium.webdriver.remote.webelement.WebElement (session="30e94f5cb04376c19fcabe627540ed1d", element="ddf6a9fa-74cb-414b-a01f-b70c8964a1b9")&gt;</var>
<kw name="Log" library="BuiltIn">
<arg>${Element.text}</arg>
<doc>Logs the given message with the given level.</doc>
<msg timestamp="20230412 09:47:30.471" level="INFO"/>
<status status="PASS" starttime="20230412 09:47:30.471" endtime="20230412 09:47:30.471"/>
</kw>
<kw name="Append To List" library="Collections">
<arg>${Holiday_list_2022}</arg>
<arg>${Element.text}</arg>
<doc>Adds ``values`` to the end of ``list``.</doc>
<status status="PASS" starttime="20230412 09:47:30.471" endtime="20230412 09:47:30.471"/>
</kw>
<status status="PASS" starttime="20230412 09:47:30.471" endtime="20230412 09:47:30.471"/>
</iter>
<iter>
<var name="${Element}">&lt;selenium.webdriver.remote.webelement.WebElement (session="30e94f5cb04376c19fcabe627540ed1d", element="e92b2834-4b6f-4108-80dc-5ea269f15cd6")&gt;</var>
<kw name="Log" library="BuiltIn">
<arg>${Element.text}</arg>
<doc>Logs the given message with the given level.</doc>
<msg timestamp="20230412 09:47:30.487" level="INFO"/>
<status status="PASS" starttime="20230412 09:47:30.487" endtime="20230412 09:47:30.487"/>
</kw>
<kw name="Append To List" library="Collections">
<arg>${Holiday_list_2022}</arg>
<arg>${Element.text}</arg>
<doc>Adds ``values`` to the end of ``list``.</doc>
<status status="PASS" starttime="20230412 09:47:30.487" endtime="20230412 09:47:30.487"/>
</kw>
<status status="PASS" starttime="20230412 09:47:30.471" endtime="20230412 09:47:30.487"/>
</iter>
<iter>
<var name="${Element}">&lt;selenium.webdriver.remote.webelement.WebElement (session="30e94f5cb04376c19fcabe627540ed1d", element="76943a5b-6199-4c47-9d09-7a30ee30e010")&gt;</var>
<kw name="Log" library="BuiltIn">
<arg>${Element.text}</arg>
<doc>Logs the given message with the given level.</doc>
<msg timestamp="20230412 09:47:30.487" level="INFO"/>
<status status="PASS" starttime="20230412 09:47:30.487" endtime="20230412 09:47:30.487"/>
</kw>
<kw name="Append To List" library="Collections">
<arg>${Holiday_list_2022}</arg>
<arg>${Element.text}</arg>
<doc>Adds ``values`` to the end of ``list``.</doc>
<status status="PASS" starttime="20230412 09:47:30.487" endtime="20230412 09:47:30.487"/>
</kw>
<status status="PASS" starttime="20230412 09:47:30.487" endtime="20230412 09:47:30.487"/>
</iter>
<iter>
<var name="${Element}">&lt;selenium.webdriver.remote.webelement.WebElement (session="30e94f5cb04376c19fcabe627540ed1d", element="0cce5de4-1d07-445d-ae70-87ca7a6def5b")&gt;</var>
<kw name="Log" library="BuiltIn">
<arg>${Element.text}</arg>
<doc>Logs the given message with the given level.</doc>
<msg timestamp="20230412 09:47:30.502" level="INFO"/>
<status status="PASS" starttime="20230412 09:47:30.487" endtime="20230412 09:47:30.502"/>
</kw>
<kw name="Append To List" library="Collections">
<arg>${Holiday_list_2022}</arg>
<arg>${Element.text}</arg>
<doc>Adds ``values`` to the end of ``list``.</doc>
<status status="PASS" starttime="20230412 09:47:30.502" endtime="20230412 09:47:30.502"/>
</kw>
<status status="PASS" starttime="20230412 09:47:30.487" endtime="20230412 09:47:30.502"/>
</iter>
<iter>
<var name="${Element}">&lt;selenium.webdriver.remote.webelement.WebElement (session="30e94f5cb04376c19fcabe627540ed1d", element="bf5573d2-8f8a-4e97-9205-5f77cd9fb5f3")&gt;</var>
<kw name="Log" library="BuiltIn">
<arg>${Element.text}</arg>
<doc>Logs the given message with the given level.</doc>
<msg timestamp="20230412 09:47:30.514" level="INFO"/>
<status status="PASS" starttime="20230412 09:47:30.510" endtime="20230412 09:47:30.514"/>
</kw>
<kw name="Append To List" library="Collections">
<arg>${Holiday_list_2022}</arg>
<arg>${Element.text}</arg>
<doc>Adds ``values`` to the end of ``list``.</doc>
<status status="PASS" starttime="20230412 09:47:30.514" endtime="20230412 09:47:30.518"/>
</kw>
<status status="PASS" starttime="20230412 09:47:30.510" endtime="20230412 09:47:30.518"/>
</iter>
<iter>
<var name="${Element}">&lt;selenium.webdriver.remote.webelement.WebElement (session="30e94f5cb04376c19fcabe627540ed1d", element="476c4d9e-af84-4bdf-bd9d-d5a262d9cfde")&gt;</var>
<kw name="Log" library="BuiltIn">
<arg>${Element.text}</arg>
<doc>Logs the given message with the given level.</doc>
<msg timestamp="20230412 09:47:30.518" level="INFO">Ganesh Chaturthi (Observed Holiday)</msg>
<status status="PASS" starttime="20230412 09:47:30.518" endtime="20230412 09:47:30.518"/>
</kw>
<kw name="Append To List" library="Collections">
<arg>${Holiday_list_2022}</arg>
<arg>${Element.text}</arg>
<doc>Adds ``values`` to the end of ``list``.</doc>
<status status="PASS" starttime="20230412 09:47:30.518" endtime="20230412 09:47:30.518"/>
</kw>
<status status="PASS" starttime="20230412 09:47:30.518" endtime="20230412 09:47:30.518"/>
</iter>
<iter>
<var name="${Element}">&lt;selenium.webdriver.remote.webelement.WebElement (session="30e94f5cb04376c19fcabe627540ed1d", element="f9c15154-01f8-42d4-918f-2685b05d28f8")&gt;</var>
<kw name="Log" library="BuiltIn">
<arg>${Element.text}</arg>
<doc>Logs the given message with the given level.</doc>
<msg timestamp="20230412 09:47:30.539" level="INFO">Onam</msg>
<status status="PASS" starttime="20230412 09:47:30.518" endtime="20230412 09:47:30.539"/>
</kw>
<kw name="Append To List" library="Collections">
<arg>${Holiday_list_2022}</arg>
<arg>${Element.text}</arg>
<doc>Adds ``values`` to the end of ``list``.</doc>
<status status="PASS" starttime="20230412 09:47:30.539" endtime="20230412 09:47:30.539"/>
</kw>
<status status="PASS" starttime="20230412 09:47:30.518" endtime="20230412 09:47:30.539"/>
</iter>
<iter>
<var name="${Element}">&lt;selenium.webdriver.remote.webelement.WebElement (session="30e94f5cb04376c19fcabe627540ed1d", element="32c751b7-cc6e-4c6d-afad-684d49203319")&gt;</var>
<kw name="Log" library="BuiltIn">
<arg>${Element.text}</arg>
<doc>Logs the given message with the given level.</doc>
<msg timestamp="20230412 09:47:30.539" level="INFO">Gandhi Jayanti</msg>
<status status="PASS" starttime="20230412 09:47:30.539" endtime="20230412 09:47:30.539"/>
</kw>
<kw name="Append To List" library="Collections">
<arg>${Holiday_list_2022}</arg>
<arg>${Element.text}</arg>
<doc>Adds ``values`` to the end of ``list``.</doc>
<status status="PASS" starttime="20230412 09:47:30.539" endtime="20230412 09:47:30.555"/>
</kw>
<status status="PASS" starttime="20230412 09:47:30.539" endtime="20230412 09:47:30.555"/>
</iter>
<iter>
<var name="${Element}">&lt;selenium.webdriver.remote.webelement.WebElement (session="30e94f5cb04376c19fcabe627540ed1d", element="d1215085-3512-491d-8a2d-bd9b9d27c21c")&gt;</var>
<kw name="Log" library="BuiltIn">
<arg>${Element.text}</arg>
<doc>Logs the given message with the given level.</doc>
<msg timestamp="20230412 09:47:30.555" level="INFO">Maha Ashtami</msg>
<status status="PASS" starttime="20230412 09:47:30.555" endtime="20230412 09:47:30.555"/>
</kw>
<kw name="Append To List" library="Collections">
<arg>${Holiday_list_2022}</arg>
<arg>${Element.text}</arg>
<doc>Adds ``values`` to the end of ``list``.</doc>
<status status="PASS" starttime="20230412 09:47:30.555" endtime="20230412 09:47:30.570"/>
</kw>
<status status="PASS" starttime="20230412 09:47:30.555" endtime="20230412 09:47:30.570"/>
</iter>
<iter>
<var name="${Element}">&lt;selenium.webdriver.remote.webelement.WebElement (session="30e94f5cb04376c19fcabe627540ed1d", element="115e663a-ab5c-4076-baa2-d550f80693f1")&gt;</var>
<kw name="Log" library="BuiltIn">
<arg>${Element.text}</arg>
<doc>Logs the given message with the given level.</doc>
<msg timestamp="20230412 09:47:30.578" level="INFO">Maha Navmi</msg>
<status status="PASS" starttime="20230412 09:47:30.570" endtime="20230412 09:47:30.578"/>
</kw>
<kw name="Append To List" library="Collections">
<arg>${Holiday_list_2022}</arg>
<arg>${Element.text}</arg>
<doc>Adds ``values`` to the end of ``list``.</doc>
<status status="PASS" starttime="20230412 09:47:30.578" endtime="20230412 09:47:30.582"/>
</kw>
<status status="PASS" starttime="20230412 09:47:30.570" endtime="20230412 09:47:30.582"/>
</iter>
<iter>
<var name="${Element}">&lt;selenium.webdriver.remote.webelement.WebElement (session="30e94f5cb04376c19fcabe627540ed1d", element="d7666ec8-e847-428a-9bb6-c71587d0f447")&gt;</var>
<kw name="Log" library="BuiltIn">
<arg>${Element.text}</arg>
<doc>Logs the given message with the given level.</doc>
<msg timestamp="20230412 09:47:30.583" level="INFO">Vijaya Dashmi</msg>
<status status="PASS" starttime="20230412 09:47:30.582" endtime="20230412 09:47:30.583"/>
</kw>
<kw name="Append To List" library="Collections">
<arg>${Holiday_list_2022}</arg>
<arg>${Element.text}</arg>
<doc>Adds ``values`` to the end of ``list``.</doc>
<status status="PASS" starttime="20230412 09:47:30.583" endtime="20230412 09:47:30.589"/>
</kw>
<status status="PASS" starttime="20230412 09:47:30.582" endtime="20230412 09:47:30.589"/>
</iter>
<iter>
<var name="${Element}">&lt;selenium.webdriver.remote.webelement.WebElement (session="30e94f5cb04376c19fcabe627540ed1d", element="e01765cc-b495-4e31-b10d-1a97b3becf5a")&gt;</var>
<kw name="Log" library="BuiltIn">
<arg>${Element.text}</arg>
<doc>Logs the given message with the given level.</doc>
<msg timestamp="20230412 09:47:30.594" level="INFO">Diwali (Deepavali)</msg>
[...]
<iter>
<var name="${item}"/>
<kw name="Remove Values From List" library="Collections">
<arg>${New_list}</arg>
<arg>${item}</arg>
<doc>Removes all occurrences of given ``values`` from ``list``.</doc>
<status status="PASS" starttime="20230412 09:47:37.283" endtime="20230412 09:47:37.283"/>
</kw>
<status status="PASS" starttime="20230412 09:47:37.283" endtime="20230412 09:47:37.284"/>
</iter>
<iter>
<var name="${item}"/>
<kw name="Remove Values From List" library="Collections">
<arg>${New_list}</arg>
<arg>${item}</arg>
<doc>Removes all occurrences of given ``values`` from ``list``.</doc>
<status status="PASS" starttime="20230412 09:47:37.284" endtime="20230412 09:47:37.285"/>
</kw>
<status status="PASS" starttime="20230412 09:47:37.284" endtime="20230412 09:47:37.285"/>
</iter>
<iter>
<var name="${item}">Ganesh Chaturthi (Observed Holiday)</var>
<kw name="Remove Values From List" library="Collections">
<arg>${New_list}</arg>
<arg>${item}</arg>
<doc>Removes all occurrences of given ``values`` from ``list``.</doc>
<status status="PASS" starttime="20230412 09:47:37.285" endtime="20230412 09:47:37.286"/>
</kw>
<status status="PASS" starttime="20230412 09:47:37.285" endtime="20230412 09:47:37.286"/>
</iter>
<iter>
<var name="${item}">Onam</var>
<kw name="Remove Values From List" library="Collections">
<arg>${New_list}</arg>
<arg>${item}</arg>
<doc>Removes all occurrences of given ``values`` from ``list``.</doc>
<status status="PASS" starttime="20230412 09:47:37.286" endtime="20230412 09:47:37.287"/>
</kw>
<status status="PASS" starttime="20230412 09:47:37.286" endtime="20230412 09:47:37.287"/>
</iter>
<iter>
<var name="${item}">Gandhi Jayanti</var>
<kw name="Remove Values From List" library="Collections">
<arg>${New_list}</arg>
<arg>${item}</arg>
<doc>Removes all occurrences of given ``values`` from ``list``.</doc>
<status status="PASS" starttime="20230412 09:47:37.287" endtime="20230412 09:47:37.288"/>
</kw>
<status status="PASS" starttime="20230412 09:47:37.287" endtime="20230412 09:47:37.288"/>
</iter>
<iter>
<var name="${item}">Maha Ashtami</var>
<kw name="Remove Values From List" library="Collections">
<arg>${New_list}</arg>
<arg>${item}</arg>
<doc>Removes all occurrences of given ``values`` from ``list``.</doc>
<status status="PASS" starttime="20230412 09:47:37.288" endtime="20230412 09:47:37.289"/>
</kw>
<status status="PASS" starttime="20230412 09:47:37.288" endtime="20230412 09:47:37.289"/>
</iter>
<iter>
<var name="${item}">Maha Navmi</var>
<kw name="Remove Values From List" library="Collections">
<arg>${New_list}</arg>
<arg>${item}</arg>
<doc>Removes all occurrences of given ``values`` from ``list``.</doc>
<status status="PASS" starttime="20230412 09:47:37.289" endtime="20230412 09:47:37.290"/>
</kw>
<status status="PASS" starttime="20230412 09:47:37.289" endtime="20230412 09:47:37.290"/>
</iter>
<iter>
<var name="${item}">Vijaya Dashmi</var>
<kw name="Remove Values From List" library="Collections">
<arg>${New_list}</arg>
<arg>${item}</arg>
<doc>Removes all occurrences of given ``values`` from ``list``.</doc>
<status status="PASS" starttime="20230412 09:47:37.290" endtime="20230412 09:47:37.291"/>
</kw>
<status status="PASS" starttime="20230412 09:47:37.290" endtime="20230412 09:47:37.291"/>
</iter>
<iter>
<var name="${item}">Diwali (Deepavali)</var>
<kw name="Remove Values From List" library="Collections">
<arg>${New_list}</arg>
<arg>${item}</arg>
<doc>Removes all occurrences of given ``values`` from ``list``.</doc>
<status status="PASS" starttime="20230412 09:47:37.291" endtime="20230412 09:47:37.292"/>
</kw>
<status status="PASS" starttime="20230412 09:47:37.291" endtime="20230412 09:47:37.292"/>
</iter>
<iter>
<var name="${item}">Vikarma Samvat New Year</var>
<kw name="Remove Values From List" library="Collections">
<arg>${New_list}</arg>
<arg>${item}</arg>
<doc>Removes all occurrences of given ``values`` from ``list``.</doc>
<status status="PASS" starttime="20230412 09:47:37.292" endtime="20230412 09:47:37.293"/>
</kw>
<status status="PASS" starttime="20230412 09:47:37.292" endtime="20230412 09:47:37.293"/>
</iter>
<iter>
<var name="${item}">Bhai Duj</var>
<kw name="Remove Values From List" library="Collections">
<arg>${New_list}</arg>
<arg>${item}</arg>
<doc>Removes all occurrences of given ``values`` from ``list``.</doc>
<status status="PASS" starttime="20230412 09:47:37.293" endtime="20230412 09:47:37.293"/>
</kw>
<status status="PASS" starttime="20230412 09:47:37.293" endtime="20230412 09:47:37.293"/>
</iter>
<iter>
<var name="${item}">Guru Nanak's Jayanti</var>
<kw name="Remove Values From List" library="Collections">
<arg>${New_list}</arg>
<arg>${item}</arg>
<doc>Removes all occurrences of given ``values`` from ``list``.</doc>
<status status="PASS" starttime="20230412 09:47:37.293" endtime="20230412 09:47:37.293"/>
</kw>
<status status="PASS" starttime="20230412 09:47:37.293" endtime="20230412 09:47:37.293"/>
</iter>
<iter>
<var name="${item}"/>
<kw name="Remove Values From List" library="Collections">
<arg>${New_list}</arg>
<arg>${item}</arg>
<doc>Removes all occurrences of given ``values`` from ``list``.</doc>
<status status="PASS" starttime="20230412 09:47:37.293" endtime="20230412 09:47:37.294"/>
</kw>
<status status="PASS" starttime="20230412 09:47:37.293" endtime="20230412 09:47:37.294"/>
</iter>
<iter>
<var name="${item}"/>
<kw name="Remove Values From List" library="Collections">
<arg>${New_list}</arg>
<arg>${item}</arg>
<doc>Removes all occurrences of given ``values`` from ``list``.</doc>
<status status="PASS" starttime="20230412 09:47:37.294" endtime="20230412 09:47:37.294"/>
</kw>
<status status="PASS" starttime="20230412 09:47:37.294" endtime="20230412 09:47:37.294"/>
</iter>
<iter>
<var name="${item}"/>
<kw name="Remove Values From List" library="Collections">
<arg>${New_list}</arg>
<arg>${item}</arg>
<doc>Removes all occurrences of given ``values`` from ``list``.</doc>
<status status="PASS" starttime="20230412 09:47:37.294" endtime="20230412 09:47:37.294"/>
</kw>
<status status="PASS" starttime="20230412 09:47:37.294" endtime="20230412 09:47:37.294"/>
</iter>
<iter>
<var name="${item}"/>
<kw name="Remove Values From List" library="Collections">
<arg>${New_list}</arg>
<arg>${item}</arg>
<doc>Removes all occurrences of given ``values`` from ``list``.</doc>
<status status="PASS" starttime="20230412 09:47:37.295" endtime="20230412 09:47:37.295"/>
</kw>
<status status="PASS" starttime="20230412 09:47:37.294" endtime="20230412 09:47:37.295"/>
</iter>
<iter>
<var name="${item}"/>
<kw name="Remove Values From List" library="Collections">
<arg>${New_list}</arg>
<arg>${item}</arg>
<doc>Removes all occurrences of given ``values`` from ``list``.</doc>
<status status="PASS" starttime="20230412 09:47:37.295" endtime="20230412 09:47:37.295"/>
</kw>
<status status="PASS" starttime="20230412 09:47:37.295" endtime="20230412 09:47:37.295"/>
</iter>
<iter>
<var name="${item}"/>
<kw name="Remove Values From List" library="Collections">
<arg>${New_list}</arg>
<arg>${item}</arg>
<doc>Removes all occurrences of given ``values`` from ``list``.</doc>
<status status="PASS" starttime="20230412 09:47:37.295" endtime="20230412 09:47:37.295"/>
</kw>
<status status="PASS" starttime="20230412 09:47:37.295" endtime="20230412 09:47:37.295"/>
</iter>
<iter>
<var name="${item}"/>
<kw name="Remove Values From List" library="Collections">
<arg>${New_list}</arg>
<arg>${item}</arg>
<doc>Removes all occurrences of given ``values`` from ``list``.</doc>
<status status="PASS" starttime="20230412 09:47:37.295" endtime="20230412 09:47:37.296"/>
</kw>
<status status="PASS" starttime="20230412 09:47:37.295" endtime="20230412 09:47:37.296"/>
</iter>
<iter>
<var name="${item}"/>
<kw name="Remove Values From List" library="Collections">
<arg>${New_list}</arg>
<arg>${item}</arg>
<doc>Removes all occurrences of given ``values`` from ``list``.</doc>
<status status="PASS" starttime="20230412 09:47:37.296" endtime="20230412 09:47:37.296"/>
</kw>
<status status="PASS" starttime="20230412 09:47:37.296" endtime="20230412 09:47:37.296"/>
</iter>
<iter>
<var name="${item}"/>
<kw name="Remove Values From List" library="Collections">
<arg>${New_list}</arg>
<arg>${item}</arg>
<doc>Removes all occurrences of given ``values`` from ``list``.</doc>
<status status="PASS" starttime="20230412 09:47:37.296" endtime="20230412 09:47:37.296"/>
</kw>
<status status="PASS" starttime="20230412 09:47:37.296" endtime="20230412 09:47:37.296"/>
</iter>
<iter>
<var name="${item}"/>
<kw name="Remove Values From List" library="Collections">
<arg>${New_list}</arg>
<arg>${item}</arg>
<doc>Removes all occurrences of given ``values`` from ``list``.</doc>
<status status="PASS" starttime="20230412 09:47:37.296" endtime="20230412 09:47:37.297"/>
</kw>
<status status="PASS" starttime="20230412 09:47:37.296" endtime="20230412 09:47:37.297"/>
</iter>
<iter>
<var name="${item}"/>
<kw name="Remove Values From List" library="Collections">
<arg>${New_list}</arg>
<arg>${item}</arg>
<doc>Removes all occurrences of given ``values`` from ``list``.</doc>
<status status="PASS" starttime="20230412 09:47:37.297" endtime="20230412 09:47:37.297"/>
</kw>
<status status="PASS" starttime="20230412 09:47:37.297" endtime="20230412 09:47:37.297"/>
</iter>
<iter>
<var name="${item}"/>
<kw name="Remove Values From List" library="Collections">
<arg>${New_list}</arg>
<arg>${item}</arg>
<doc>Removes all occurrences of given ``values`` from ``list``.</doc>
<status status="PASS" starttime="20230412 09:47:37.297" endtime="20230412 09:47:37.297"/>
</kw>
<status status="PASS" starttime="20230412 09:47:37.297" endtime="20230412 09:47:37.297"/>
</iter>
<iter>
<var name="${item}"/>
<kw name="Remove Values From List" library="Collections">
<arg>${New_list}</arg>
<arg>${item}</arg>
<doc>Removes all occurrences of given ``values`` from ``list``.</doc>
<status status="PASS" starttime="20230412 09:47:37.298" endtime="20230412 09:47:37.298"/>
</kw>
<status status="PASS" starttime="20230412 09:47:37.298" endtime="20230412 09:47:37.298"/>
</iter>
<iter>
<var name="${item}"/>
<kw name="Remove Values From List" library="Collections">
<arg>${New_list}</arg>
<arg>${item}</arg>
<doc>Removes all occurrences of given ``values`` from ``list``.</doc>
<status status="PASS" starttime="20230412 09:47:37.298" endtime="20230412 09:47:37.298"/>
</kw>
<status status="PASS" starttime="20230412 09:47:37.298" endtime="20230412 09:47:37.298"/>
</iter>
<iter>
<var name="${item}"/>
<kw name="Remove Values From List" library="Collections">
<arg>${New_list}</arg>
<arg>${item}</arg>
<doc>Removes all occurrences of given ``values`` from ``list``.</doc>
<status status="PASS" starttime="20230412 09:47:37.298" endtime="20230412 09:47:37.298"/>
</kw>
<status status="PASS" starttime="20230412 09:47:37.298" endtime="20230412 09:47:37.299"/>
</iter>
<iter>
<var name="${item}"/>
<kw name="Remove Values From List" library="Collections">
<arg>${New_list}</arg>
<arg>${item}</arg>
<doc>Removes all occurrences of given ``values`` from ``list``.</doc>
<status status="PASS" starttime="20230412 09:47:37.299" endtime="20230412 09:47:37.299"/>
</kw>
<status status="PASS" starttime="20230412 09:47:37.299" endtime="20230412 09:47:37.299"/>
</iter>
<iter>
<var name="${item}"/>
<kw name="Remove Values From List" library="Collections">
<arg>${New_list}</arg>
<arg>${item}</arg>
<doc>Removes all occurrences of given ``values`` from ``list``.</doc>
<status status="PASS" starttime="20230412 09:47:37.299" endtime="20230412 09:47:37.300"/>
</kw>
<status status="PASS" starttime="20230412 09:47:37.299" endtime="20230412 09:47:37.300"/>
</iter>
<iter>
<var name="${item}"/>
<kw name="Remove Values From List" library="Collections">
<arg>${New_list}</arg>
<arg>${item}</arg>
<doc>Removes all occurrences of given ``values`` from ``list``.</doc>
<status status="PASS" starttime="20230412 09:47:37.300" endtime="20230412 09:47:37.300"/>
</kw>
<status status="PASS" starttime="20230412 09:47:37.300" endtime="20230412 09:47:37.301"/>
</iter>
<iter>
<var name="${item}"/>
<kw name="Remove Values From List" library="Collections">
<arg>${New_list}</arg>
<arg>${item}</arg>
<doc>Removes all occurrences of given ``values`` from ``list``.</doc>
<status status="PASS" starttime="20230412 09:47:37.301" endtime="20230412 09:47:37.301"/>
</kw>
<status status="PASS" starttime="20230412 09:47:37.301" endtime="20230412 09:47:37.301"/>
</iter>
<iter>
<var name="${item}"/>
<kw name="Remove Values From List" library="Collections">
<arg>${New_list}</arg>
<arg>${item}</arg>
<doc>Removes all occurrences of given ``values`` from ``list``.</doc>
<status status="PASS" starttime="20230412 09:47:37.301" endtime="20230412 09:47:37.302"/>
</kw>
<status status="PASS" starttime="20230412 09:47:37.301" endtime="20230412 09:47:37.302"/>
</iter>
<iter>
<var name="${item}"/>
<kw name="Remove Values From List" library="Collections">
<arg>${New_list}</arg>
<arg>${item}</arg>
<doc>Removes all occurrences of given ``values`` from ``list``.</doc>
<status status="PASS" starttime="20230412 09:47:37.302" endtime="20230412 09:47:37.302"/>
</kw>
<status status="PASS" starttime="20230412 09:47:37.302" endtime="20230412 09:47:37.302"/>
</iter>
<iter>
<var name="${item}"/>
<kw name="Remove Values From List" library="Collections">
<arg>${New_list}</arg>
<arg>${item}</arg>
<doc>Removes all occurrences of given ``values`` from ``list``.</doc>
<status status="PASS" starttime="20230412 09:47:37.303" endtime="20230412 09:47:37.303"/>
</kw>
<status status="PASS" starttime="20230412 09:47:37.302" endtime="20230412 09:47:37.303"/>
</iter>
<iter>
<var name="${item}"/>
<kw name="Remove Values From List" library="Collections">
<arg>${New_list}</arg>
<arg>${item}</arg>
<doc>Removes all occurrences of given ``values`` from ``list``.</doc>
<status status="PASS" starttime="20230412 09:47:37.303" endtime="20230412 09:47:37.303"/>
</kw>
<status status="PASS" starttime="20230412 09:47:37.303" endtime="20230412 09:47:37.303"/>
</iter>
<iter>
<var name="${item}"/>
<kw name="Remove Values From List" library="Collections">
<arg>${New_list}</arg>
<arg>${item}</arg>
<doc>Removes all occurrences of given ``values`` from ``list``.</doc>
<status status="PASS" starttime="20230412 09:47:37.304" endtime="20230412 09:47:37.304"/>
</kw>
<status status="PASS" starttime="20230412 09:47:37.303" endtime="20230412 09:47:37.304"/>
</iter>
<iter>
<var name="${item}"/>
<kw name="Remove Values From List" library="Collections">
<arg>${New_list}</arg>
<arg>${item}</arg>
<doc>Removes all occurrences of given ``values`` from ``list``.</doc>
<status status="PASS" starttime="20230412 09:47:37.304" endtime="20230412 09:47:37.304"/>
</kw>
<status status="PASS" starttime="20230412 09:47:37.304" endtime="20230412 09:47:37.305"/>
</iter>
<iter>
<var name="${item}"/>
<kw name="Remove Values From List" library="Collections">
<arg>${New_list}</arg>
<arg>${item}</arg>
<doc>Removes all occurrences of given ``values`` from ``list``.</doc>
<status status="PASS" starttime="20230412 09:47:37.305" endtime="20230412 09:47:37.305"/>
</kw>
<status status="PASS" starttime="20230412 09:47:37.305" endtime="20230412 09:47:37.305"/>
</iter>
<iter>
<var name="${item}"/>
<kw name="Remove Values From List" library="Collections">
<arg>${New_list}</arg>
<arg>${item}</arg>
<doc>Removes all occurrences of given ``values`` from ``list``.</doc>
<status status="PASS" starttime="20230412 09:47:37.305" endtime="20230412 09:47:37.306"/>
</kw>
<status status="PASS" starttime="20230412 09:47:37.305" endtime="20230412 09:47:37.306"/>
</iter>
<iter>
<var name="${item}"/>
<kw name="Remove Values From List" library="Collections">
<arg>${New_list}</arg>
<arg>${item}</arg>
<doc>Removes all occurrences of given ``values`` from ``list``.</doc>
<status status="PASS" starttime="20230412 09:47:37.306" endtime="20230412 09:47:37.306"/>
</kw>
<status status="PASS" starttime="20230412 09:47:37.306" endtime="20230412 09:47:37.306"/>
</iter>
<iter>
<var name="${item}"/>
<kw name="Remove Values From List" library="Collections">
<arg>${New_list}</arg>
<arg>${item}</arg>
<doc>Removes all occurrences of given ``values`` from ``list``.</doc>
<status status="PASS" starttime="20230412 09:47:37.306" endtime="20230412 09:47:37.307"/>
</kw>
<status status="PASS" starttime="20230412 09:47:37.306" endtime="20230412 09:47:37.307"/>
</iter>
<iter>
<var name="${item}"/>
<kw name="Remove Values From List" library="Collections">
<arg>${New_list}</arg>
<arg>${item}</arg>
<doc>Removes all occurrences of given ``values`` from ``list``.</doc>
<status status="PASS" starttime="20230412 09:47:37.307" endtime="20230412 09:47:37.307"/>
</kw>
<status status="PASS" starttime="20230412 09:47:37.307" endtime="20230412 09:47:37.307"/>
</iter>
<iter>
<var name="${item}"/>
<kw name="Remove Values From List" library="Collections">
<arg>${New_list}</arg>
<arg>${item}</arg>
<doc>Removes all occurrences of given ``values`` from ``list``.</doc>
<status status="PASS" starttime="20230412 09:47:37.307" endtime="20230412 09:47:37.308"/>
</kw>
<status status="PASS" starttime="20230412 09:47:37.307" endtime="20230412 09:47:37.308"/>
</iter>
<iter>
<var name="${item}">Christmas Holiday (Observed)</var>
<kw name="Remove Values From List" library="Collections">
<arg>${New_list}</arg>
<arg>${item}</arg>
<doc>Removes all occurrences of given ``values`` from ``list``.</doc>
<status status="PASS" starttime="20230412 09:47:37.308" endtime="20230412 09:47:37.308"/>
</kw>
<status status="PASS" starttime="20230412 09:47:37.308" endtime="20230412 09:47:37.309"/>
</iter>
<status status="PASS" starttime="20230412 09:47:37.256" endtime="20230412 09:47:37.310"/>
</for>
<kw name="Log" library="BuiltIn">
<arg>${New_list}</arg>
<doc>Logs the given message with the given level.</doc>
<msg timestamp="20230412 09:47:37.310" level="INFO">['Birthday of Swami Vivekananda', 'Thiruvalluvar Day', 'Uzhavar Thirunal', "Netaji's Birthday", 'Holika Dahan/Doljatra', 'Dhuleti', "Chetichand/Ugadi/Gudhi Padwa/Telugu New Year's Day", 'Shree Ram Navmi', 'Mahaveer Jayanti', "Babu Jagjivan Ram's Birthday", "Dr. B.R. Ambedkar Jayanti/Tamil New Year's Day", 'May Day', 'Buddha Poornima', 'Birthday of Rabindranath Tagore', 'BakriEid (EidUlAdha)', 'Hui Diwas', 'Bonalu', 'Parsi New Year Day', 'Rakshabandhan', 'Vinayaka Chavithi/Varasiddhi Vinayaka Vrata', 'Ganesh Chaturthi/Samvatsari (Chaturthi Paksha)', 'Milad-Un-Nabi', "Mahatma Gandhi's Birthday", 'Mahanavmi/Durga Pooja', 'Dusshera (Vijaya Dashmi)', "Sardar Vallabhbhai Patel's Birthday", 'Govardhan Phooja', 'Vikram Samvant New Year Day/Balipadyami', 'Bhaiyyadhooj/Chitragupta Jayanti/Birsa Munda Jayanti', 'Guru Nanak Jayanti', 'Kanakadasa Jayanthi', 'Christmas', 'Boxing Day']</msg>
<status status="PASS" starttime="20230412 09:47:37.310" endtime="20230412 09:47:37.310"/>
</kw>
<kw name="Get Length" library="BuiltIn">
<arg>${New_list}</arg>
<doc>Returns and logs the length of the given item as an integer.</doc>
<msg timestamp="20230412 09:47:37.311" level="INFO">Length is 33</msg>
<status status="PASS" starttime="20230412 09:47:37.310" endtime="20230412 09:47:37.311"/>
</kw>
<msg timestamp="20230412 09:47:37.311" level="INFO">${diff_list} = None</msg>
<status status="PASS" starttime="20230412 09:47:37.255" endtime="20230412 09:47:37.311"/>
</kw>
<kw name="Close Browser Session">
<kw name="Close Browser" library="SeleniumLibrary">
<doc>Closes the current browser.</doc>
<status status="PASS" starttime="20230412 09:47:37.312" endtime="20230412 09:47:39.500"/>
</kw>
<status status="PASS" starttime="20230412 09:47:37.311" endtime="20230412 09:47:39.500"/>
</kw>
<status status="PASS" starttime="20230412 09:47:14.292" endtime="20230412 09:47:39.501"/>
</test>
<status status="PASS" starttime="20230412 09:47:14.130" endtime="20230412 09:47:39.505"/>
</suite>
<statistics>
<total>
<stat pass="1" fail="0" skip="0">All Tests</stat>
</total>
<tag>
</tag>
<suite>
<stat pass="1" fail="0" skip="0" id="s1" name="testData">testData</stat>
</suite>
</statistics>
<errors>
</errors>
</robot>
