<?xml version="1.0" encoding="UTF-8"?>
<robot generator="Robot 4.1 (Python 3.9.0 on win32)" generated="20230413 11:51:53.267" rpa="false" schemaversion="2">
<suite id="s1" name="testCase1" source="C:\Users\158410\OneDrive - Arrow Electronics, Inc\Desktop\RobotFramework2\Appname\Module1\testCase1.robot">
<test id="s1-t1" name="Validate the Intranet Holiday List">
<kw name="Open the browser" library="testCase_common_keywords">
<kw name="Open Browser" library="SeleniumLibrary">
<arg>${url}</arg>
<arg>Chrome</arg>
<doc>Opens a new browser instance to the optional ``url``.</doc>
<msg timestamp="20230413 11:51:53.487" level="INFO">Opening browser 'Chrome' to base url 'https://intranet.einfochips.com/'.</msg>
<status status="PASS" starttime="20230413 11:51:53.487" endtime="20230413 11:51:56.654"/>
</kw>
<kw name="Maximize Browser Window" library="SeleniumLibrary">
<doc>Maximizes current browser window.</doc>
<status status="PASS" starttime="20230413 11:51:56.655" endtime="20230413 11:51:56.808"/>
</kw>
<kw name="Sleep" library="BuiltIn">
<arg>2</arg>
<doc>Pauses the test executed for the given time.</doc>
<msg timestamp="20230413 11:51:58.813" level="INFO">Slept 2 seconds</msg>
<status status="PASS" starttime="20230413 11:51:56.808" endtime="20230413 11:51:58.813"/>
</kw>
<status status="PASS" starttime="20230413 11:51:53.487" endtime="20230413 11:51:58.813"/>
</kw>
<kw name="Go to home and then Holiday List" library="testCase_resources">
<kw name="Sleep" library="BuiltIn">
<arg>2</arg>
<doc>Pauses the test executed for the given time.</doc>
<msg timestamp="20230413 11:52:00.820" level="INFO">Slept 2 seconds</msg>
<status status="PASS" starttime="20230413 11:51:58.815" endtime="20230413 11:52:00.820"/>
</kw>
<kw name="Mouse Over" library="SeleniumLibrary">
<arg>${mouse_hover_to_home}</arg>
<doc>Simulates hovering the mouse over the element ``locator``.</doc>
<msg timestamp="20230413 11:52:00.821" level="INFO">Simulating Mouse Over on element 'css:div[class='collapse navbar-collapse navbar-ex1-collapse']&gt;ul&gt;li&gt;a[class='dropdown-toggle nav-link']'.</msg>
<status status="PASS" starttime="20230413 11:52:00.821" endtime="20230413 11:52:01.160"/>
</kw>
<kw name="Sleep" library="BuiltIn">
<arg>2</arg>
<doc>Pauses the test executed for the given time.</doc>
<msg timestamp="20230413 11:52:03.169" level="INFO">Slept 2 seconds</msg>
<status status="PASS" starttime="20230413 11:52:01.161" endtime="20230413 11:52:03.169"/>
</kw>
<kw name="Click Element" library="SeleniumLibrary">
<arg>${click_holiday_list}</arg>
<doc>Click the element identified by ``locator``.</doc>
<msg timestamp="20230413 11:52:03.170" level="INFO">Clicking element 'xpath://a[text()='Holiday List']'.</msg>
<status status="PASS" starttime="20230413 11:52:03.169" endtime="20230413 11:52:03.292"/>
</kw>
<status status="PASS" starttime="20230413 11:51:58.814" endtime="20230413 11:52:03.292"/>
</kw>
<kw name="Select year" library="testCase_resources">
<arg>2023</arg>
<kw name="Click Element" library="SeleniumLibrary">
<arg>${select_holiday_year_dropdown}</arg>
<doc>Click the element identified by ``locator``.</doc>
<msg timestamp="20230413 11:52:03.294" level="INFO">Clicking element 'id:holiday_year'.</msg>
<status status="PASS" starttime="20230413 11:52:03.293" endtime="20230413 11:52:03.345"/>
</kw>
<kw name="Sleep" library="BuiltIn">
<arg>1</arg>
<doc>Pauses the test executed for the given time.</doc>
<msg timestamp="20230413 11:52:04.358" level="INFO">Slept 1 second</msg>
<status status="PASS" starttime="20230413 11:52:03.345" endtime="20230413 11:52:04.358"/>
</kw>
<kw name="Select From List By Label" library="SeleniumLibrary">
<arg>${select_holiday_year_dropdown}</arg>
<arg>${year}</arg>
<doc>Selects options from selection list ``locator`` by ``labels``.</doc>
<msg timestamp="20230413 11:52:04.358" level="INFO">Selecting options from selection list 'id:holiday_year' by label 2023.</msg>
<status status="PASS" starttime="20230413 11:52:04.358" endtime="20230413 11:52:04.399"/>
</kw>
<status status="PASS" starttime="20230413 11:52:03.292" endtime="20230413 11:52:04.399"/>
</kw>
<kw name="Select location" library="testCase_resources">
<arg>Ahmedabad</arg>
<kw name="Click Element" library="SeleniumLibrary">
<arg>${select_location}</arg>
<doc>Click the element identified by ``locator``.</doc>
<msg timestamp="20230413 11:52:04.403" level="INFO">Clicking element 'id:branch_id'.</msg>
<status status="PASS" starttime="20230413 11:52:04.401" endtime="20230413 11:52:04.452"/>
</kw>
<kw name="Sleep" library="BuiltIn">
<arg>1</arg>
<doc>Pauses the test executed for the given time.</doc>
<msg timestamp="20230413 11:52:05.458" level="INFO">Slept 1 second</msg>
<status status="PASS" starttime="20230413 11:52:04.452" endtime="20230413 11:52:05.458"/>
</kw>
<kw name="Select From List By Label" library="SeleniumLibrary">
<arg>${select_location}</arg>
<arg>${location}</arg>
<doc>Selects options from selection list ``locator`` by ``labels``.</doc>
<msg timestamp="20230413 11:52:05.458" level="INFO">Selecting options from selection list 'id:branch_id' by label Ahmedabad.</msg>
<status status="PASS" starttime="20230413 11:52:05.458" endtime="20230413 11:52:05.511"/>
</kw>
<status status="PASS" starttime="20230413 11:52:04.401" endtime="20230413 11:52:05.511"/>
</kw>
<kw name="Fetch the Holidays list of year 2022" library="testCase_resources">
<kw name="Sleep" library="BuiltIn">
<arg>2</arg>
<doc>Pauses the test executed for the given time.</doc>
<msg timestamp="20230413 11:52:07.530" level="INFO">Slept 2 seconds</msg>
<status status="PASS" starttime="20230413 11:52:05.511" endtime="20230413 11:52:07.530"/>
</kw>
<kw name="Click Element" library="SeleniumLibrary">
<arg>${select_months}</arg>
<doc>Click the element identified by ``locator``.</doc>
<msg timestamp="20230413 11:52:07.530" level="INFO">Clicking element 'css:select[id='month_id']&gt;option'.</msg>
<status status="PASS" starttime="20230413 11:52:07.530" endtime="20230413 11:52:07.576"/>
</kw>
<kw name="Click Button" library="SeleniumLibrary">
<arg>${select_submit_button}</arg>
<doc>Clicks the button identified by ``locator``.</doc>
<msg timestamp="20230413 11:52:07.578" level="INFO">Clicking button 'css:button[class='btn btn-success']'.</msg>
<status status="PASS" starttime="20230413 11:52:07.578" endtime="20230413 11:52:07.667"/>
</kw>
<kw name="Create List" library="BuiltIn">
<var>@{Expected_holiday_list}</var>
<arg>${description_of_holiday_list}</arg>
<doc>Returns a list containing given items.</doc>
<msg timestamp="20230413 11:52:07.668" level="INFO">@{Expected_holiday_list} = [ css:table[id='mt'] tbody td:nth-child(4) ]</msg>
<status status="PASS" starttime="20230413 11:52:07.667" endtime="20230413 11:52:07.668"/>
</kw>
<kw name="Get WebElements" library="SeleniumLibrary">
<var>${Elements}</var>
<arg>${description_of_holiday_list}</arg>
<doc>Returns a list of WebElement objects matching the ``locator``.</doc>
<msg timestamp="20230413 11:52:07.676" level="INFO">${Elements} = [&lt;selenium.webdriver.remote.webelement.WebElement (session="3a97d283296ee495c324cc6709beea04", element="1f34a624-89c7-48c6-962d-406922e50702")&gt;, &lt;selenium.webdriver.remote.webelement.WebElement (sessi...</msg>
<status status="PASS" starttime="20230413 11:52:07.668" endtime="20230413 11:52:07.676"/>
</kw>
<kw name="Set Global Variable" library="BuiltIn">
<arg>${Elements}</arg>
<doc>Makes a variable available globally in all tests and suites.</doc>
<msg timestamp="20230413 11:52:07.677" level="INFO">${Elements} = [&lt;selenium.webdriver.remote.webelement.WebElement (session="3a97d283296ee495c324cc6709beea04", element="1f34a624-89c7-48c6-962d-406922e50702")&gt;, &lt;selenium.webdriver.remote.webelement.WebElement (sessi...</msg>
<status status="PASS" starttime="20230413 11:52:07.676" endtime="20230413 11:52:07.677"/>
</kw>
<kw name="Create List" library="BuiltIn">
<var>@{Holiday_list_2022}</var>
<doc>Returns a list containing given items.</doc>
<msg timestamp="20230413 11:52:07.678" level="INFO">@{Holiday_list_2022} = [ ]</msg>
<status status="PASS" starttime="20230413 11:52:07.677" endtime="20230413 11:52:07.679"/>
</kw>
<kw name="Set Global Variable" library="BuiltIn">
<arg>@{Holiday_list_2022}</arg>
<doc>Makes a variable available globally in all tests and suites.</doc>
<msg timestamp="20230413 11:52:07.680" level="INFO">@{Holiday_list_2022} = [ ]</msg>
<status status="PASS" starttime="20230413 11:52:07.679" endtime="20230413 11:52:07.680"/>
</kw>
<for flavor="IN">
<var>${Element}</var>
<value>@{Elements}</value>
<iter>
<var name="${Element}">&lt;selenium.webdriver.remote.webelement.WebElement (session="3a97d283296ee495c324cc6709beea04", element="1f34a624-89c7-48c6-962d-406922e50702")&gt;</var>
<kw name="Log" library="BuiltIn">
<arg>${Element.text}</arg>
<doc>Logs the given message with the given level.</doc>
<msg timestamp="20230413 11:52:07.683" level="INFO">Birthday of Swami Vivekananda</msg>
<status status="PASS" starttime="20230413 11:52:07.681" endtime="20230413 11:52:07.683"/>
</kw>
<kw name="Append To List" library="Collections">
<arg>${Holiday_list_2022}</arg>
<arg>${Element.text}</arg>
<doc>Adds ``values`` to the end of ``list``.</doc>
<status status="PASS" starttime="20230413 11:52:07.683" endtime="20230413 11:52:07.696"/>
</kw>
<status status="PASS" starttime="20230413 11:52:07.680" endtime="20230413 11:52:07.696"/>
</iter>
<iter>
<var name="${Element}">&lt;selenium.webdriver.remote.webelement.WebElement (session="3a97d283296ee495c324cc6709beea04", element="128d25db-19f5-48a1-95eb-3184f4e7c37f")&gt;</var>
<kw name="Log" library="BuiltIn">
<arg>${Element.text}</arg>
<doc>Logs the given message with the given level.</doc>
<msg timestamp="20230413 11:52:07.704" level="INFO">Thiruvalluvar Day</msg>
<status status="PASS" starttime="20230413 11:52:07.696" endtime="20230413 11:52:07.704"/>
</kw>
<kw name="Append To List" library="Collections">
<arg>${Holiday_list_2022}</arg>
<arg>${Element.text}</arg>
<doc>Adds ``values`` to the end of ``list``.</doc>
<status status="PASS" starttime="20230413 11:52:07.704" endtime="20230413 11:52:07.714"/>
</kw>
<status status="PASS" starttime="20230413 11:52:07.696" endtime="20230413 11:52:07.714"/>
</iter>
<iter>
<var name="${Element}">&lt;selenium.webdriver.remote.webelement.WebElement (session="3a97d283296ee495c324cc6709beea04", element="ddf3a94f-6fe4-47e7-834d-5f50b2815982")&gt;</var>
<kw name="Log" library="BuiltIn">
<arg>${Element.text}</arg>
<doc>Logs the given message with the given level.</doc>
<msg timestamp="20230413 11:52:07.722" level="INFO">Uzhavar Thirunal</msg>
<status status="PASS" starttime="20230413 11:52:07.714" endtime="20230413 11:52:07.722"/>
</kw>
<kw name="Append To List" library="Collections">
<arg>${Holiday_list_2022}</arg>
<arg>${Element.text}</arg>
<doc>Adds ``values`` to the end of ``list``.</doc>
<status status="PASS" starttime="20230413 11:52:07.722" endtime="20230413 11:52:07.732"/>
</kw>
<status status="PASS" starttime="20230413 11:52:07.714" endtime="20230413 11:52:07.732"/>
</iter>
<iter>
<var name="${Element}">&lt;selenium.webdriver.remote.webelement.WebElement (session="3a97d283296ee495c324cc6709beea04", element="9544857f-63a4-4f09-903e-d9fff81bb4ce")&gt;</var>
<kw name="Log" library="BuiltIn">
<arg>${Element.text}</arg>
<doc>Logs the given message with the given level.</doc>
<msg timestamp="20230413 11:52:07.741" level="INFO">Netaji's Birthday</msg>
<status status="PASS" starttime="20230413 11:52:07.732" endtime="20230413 11:52:07.741"/>
</kw>
<kw name="Append To List" library="Collections">
<arg>${Holiday_list_2022}</arg>
<arg>${Element.text}</arg>
<doc>Adds ``values`` to the end of ``list``.</doc>
<status status="PASS" starttime="20230413 11:52:07.741" endtime="20230413 11:52:07.746"/>
</kw>
<status status="PASS" starttime="20230413 11:52:07.732" endtime="20230413 11:52:07.746"/>
</iter>
<iter>
<var name="${Element}">&lt;selenium.webdriver.remote.webelement.WebElement (session="3a97d283296ee495c324cc6709beea04", element="21f32341-34f7-4919-a801-a3c2088fe9be")&gt;</var>
<kw name="Log" library="BuiltIn">
<arg>${Element.text}</arg>
<doc>Logs the given message with the given level.</doc>
<msg timestamp="20230413 11:52:07.746" level="INFO">Republic Day</msg>
<status status="PASS" starttime="20230413 11:52:07.746" endtime="20230413 11:52:07.746"/>
</kw>
<kw name="Append To List" library="Collections">
<arg>${Holiday_list_2022}</arg>
<arg>${Element.text}</arg>
<doc>Adds ``values`` to the end of ``list``.</doc>
<status status="PASS" starttime="20230413 11:52:07.746" endtime="20230413 11:52:07.746"/>
</kw>
<status status="PASS" starttime="20230413 11:52:07.746" endtime="20230413 11:52:07.746"/>
</iter>
<iter>
<var name="${Element}">&lt;selenium.webdriver.remote.webelement.WebElement (session="3a97d283296ee495c324cc6709beea04", element="d0a5bea2-5450-45de-b23f-ec9091fd8f39")&gt;</var>
<kw name="Log" library="BuiltIn">
<arg>${Element.text}</arg>
<doc>Logs the given message with the given level.</doc>
<msg timestamp="20230413 11:52:07.762" level="INFO">Holika Dahan/Doljatra</msg>
<status status="PASS" starttime="20230413 11:52:07.746" endtime="20230413 11:52:07.762"/>
</kw>
<kw name="Append To List" library="Collections">
<arg>${Holiday_list_2022}</arg>
<arg>${Element.text}</arg>
<doc>Adds ``values`` to the end of ``list``.</doc>
<status status="PASS" starttime="20230413 11:52:07.762" endtime="20230413 11:52:07.774"/>
</kw>
<status status="PASS" starttime="20230413 11:52:07.746" endtime="20230413 11:52:07.774"/>
</iter>
<iter>
<var name="${Element}">&lt;selenium.webdriver.remote.webelement.WebElement (session="3a97d283296ee495c324cc6709beea04", element="2c4ed378-0394-49de-b100-1ea541198347")&gt;</var>
<kw name="Log" library="BuiltIn">
<arg>${Element.text}</arg>
<doc>Logs the given message with the given level.</doc>
<msg timestamp="20230413 11:52:07.780" level="INFO">Dhuleti</msg>
<status status="PASS" starttime="20230413 11:52:07.774" endtime="20230413 11:52:07.780"/>
</kw>
<kw name="Append To List" library="Collections">
<arg>${Holiday_list_2022}</arg>
<arg>${Element.text}</arg>
<doc>Adds ``values`` to the end of ``list``.</doc>
<status status="PASS" starttime="20230413 11:52:07.780" endtime="20230413 11:52:07.780"/>
</kw>
<status status="PASS" starttime="20230413 11:52:07.774" endtime="20230413 11:52:07.780"/>
</iter>
<iter>
<var name="${Element}">&lt;selenium.webdriver.remote.webelement.WebElement (session="3a97d283296ee495c324cc6709beea04", element="03f6689e-0b91-4cb0-926d-d093ed37c207")&gt;</var>
<kw name="Log" library="BuiltIn">
<arg>${Element.text}</arg>
<doc>Logs the given message with the given level.</doc>
<msg timestamp="20230413 11:52:07.796" level="INFO">Chetichand/Ugadi/Gudhi Padwa/Telugu New Year's Day</msg>
<status status="PASS" starttime="20230413 11:52:07.780" endtime="20230413 11:52:07.796"/>
</kw>
<kw name="Append To List" library="Collections">
<arg>${Holiday_list_2022}</arg>
<arg>${Element.text}</arg>
<doc>Adds ``values`` to the end of ``list``.</doc>
<status status="PASS" starttime="20230413 11:52:07.796" endtime="20230413 11:52:07.799"/>
</kw>
<status status="PASS" starttime="20230413 11:52:07.780" endtime="20230413 11:52:07.799"/>
</iter>
<iter>
<var name="${Element}">&lt;selenium.webdriver.remote.webelement.WebElement (session="3a97d283296ee495c324cc6709beea04", element="31283160-e3ba-4436-bd1d-41c63e78feef")&gt;</var>
<kw name="Log" library="BuiltIn">
<arg>${Element.text}</arg>
<doc>Logs the given message with the given level.</doc>
<msg timestamp="20230413 11:52:07.813" level="INFO">Shree Ram Navmi</msg>
<status status="PASS" starttime="20230413 11:52:07.799" endtime="20230413 11:52:07.813"/>
</kw>
<kw name="Append To List" library="Collections">
<arg>${Holiday_list_2022}</arg>
<arg>${Element.text}</arg>
<doc>Adds ``values`` to the end of ``list``.</doc>
<status status="PASS" starttime="20230413 11:52:07.813" endtime="20230413 11:52:07.813"/>
</kw>
<status status="PASS" starttime="20230413 11:52:07.799" endtime="20230413 11:52:07.813"/>
</iter>
<iter>
<var name="${Element}">&lt;selenium.webdriver.remote.webelement.WebElement (session="3a97d283296ee495c324cc6709beea04", element="1d8a1824-9fe4-4652-855b-a02113ece153")&gt;</var>
<kw name="Log" library="BuiltIn">
<arg>${Element.text}</arg>
<doc>Logs the given message with the given level.</doc>
<msg timestamp="20230413 11:52:07.833" level="INFO">Mahaveer Jayanti</msg>
<status status="PASS" starttime="20230413 11:52:07.813" endtime="20230413 11:52:07.833"/>
</kw>
<kw name="Append To List" library="Collections">
<arg>${Holiday_list_2022}</arg>
<arg>${Element.text}</arg>
<doc>Adds ``values`` to the end of ``list``.</doc>
<status status="PASS" starttime="20230413 11:52:07.833" endtime="20230413 11:52:07.840"/>
</kw>
<status status="PASS" starttime="20230413 11:52:07.813" endtime="20230413 11:52:07.840"/>
</iter>
<iter>
<var name="${Element}">&lt;selenium.webdriver.remote.webelement.WebElement (session="3a97d283296ee495c324cc6709beea04", element="8369a82f-7247-49da-86f2-6eebf4431139")&gt;</var>
<kw name="Log" library="BuiltIn">
<arg>${Element.text}</arg>
<doc>Logs the given message with the given level.</doc>
<msg timestamp="20230413 11:52:07.845" level="INFO"/>
<status status="PASS" starttime="20230413 11:52:07.840" endtime="20230413 11:52:07.845"/>
</kw>
<kw name="Append To List" library="Collections">
<arg>${Holiday_list_2022}</arg>
<arg>${Element.text}</arg>
<doc>Adds ``values`` to the end of ``list``.</doc>
<status status="PASS" starttime="20230413 11:52:07.845" endtime="20230413 11:52:07.845"/>
</kw>
<status status="PASS" starttime="20230413 11:52:07.840" endtime="20230413 11:52:07.845"/>
</iter>
<iter>
<var name="${Element}">&lt;selenium.webdriver.remote.webelement.WebElement (session="3a97d283296ee495c324cc6709beea04", element="53d9497c-ba77-4d39-8bdd-cd8c299f7645")&gt;</var>
<kw name="Log" library="BuiltIn">
<arg>${Element.text}</arg>
<doc>Logs the given message with the given level.</doc>
<msg timestamp="20230413 11:52:07.861" level="INFO"/>
<status status="PASS" starttime="20230413 11:52:07.845" endtime="20230413 11:52:07.861"/>
</kw>
<kw name="Append To List" library="Collections">
<arg>${Holiday_list_2022}</arg>
<arg>${Element.text}</arg>
<doc>Adds ``values`` to the end of ``list``.</doc>
<status status="PASS" starttime="20230413 11:52:07.861" endtime="20230413 11:52:07.861"/>
</kw>
<status status="PASS" starttime="20230413 11:52:07.845" endtime="20230413 11:52:07.861"/>
</iter>
<iter>
<var name="${Element}">&lt;selenium.webdriver.remote.webelement.WebElement (session="3a97d283296ee495c324cc6709beea04", element="6a9ce8e3-4ce5-45cf-af83-65e872ba7a96")&gt;</var>
<kw name="Log" library="BuiltIn">
<arg>${Element.text}</arg>
<doc>Logs the given message with the given level.</doc>
<msg timestamp="20230413 11:52:07.861" level="INFO"/>
<status status="PASS" starttime="20230413 11:52:07.861" endtime="20230413 11:52:07.861"/>
</kw>
<kw name="Append To List" library="Collections">
<arg>${Holiday_list_2022}</arg>
<arg>${Element.text}</arg>
<doc>Adds ``values`` to the end of ``list``.</doc>
<status status="PASS" starttime="20230413 11:52:07.861" endtime="20230413 11:52:07.881"/>
</kw>
<status status="PASS" starttime="20230413 11:52:07.861" endtime="20230413 11:52:07.881"/>
</iter>
<iter>
<var name="${Element}">&lt;selenium.webdriver.remote.webelement.WebElement (session="3a97d283296ee495c324cc6709beea04", element="bb7de0eb-663d-4f2f-b806-15857f74fbac")&gt;</var>
<kw name="Log" library="BuiltIn">
<arg>${Element.text}</arg>
<doc>Logs the given message with the given level.</doc>
<msg timestamp="20230413 11:52:07.889" level="INFO"/>
<status status="PASS" starttime="20230413 11:52:07.881" endtime="20230413 11:52:07.889"/>
</kw>
<kw name="Append To List" library="Collections">
<arg>${Holiday_list_2022}</arg>
<arg>${Element.text}</arg>
<doc>Adds ``values`` to the end of ``list``.</doc>
<status status="PASS" starttime="20230413 11:52:07.889" endtime="20230413 11:52:07.896"/>
</kw>
<status status="PASS" starttime="20230413 11:52:07.881" endtime="20230413 11:52:07.896"/>
</iter>
<iter>
<var name="${Element}">&lt;selenium.webdriver.remote.webelement.WebElement (session="3a97d283296ee495c324cc6709beea04", element="a5018499-6dec-46b8-9ca3-22dccf8f75ee")&gt;</var>
<kw name="Log" library="BuiltIn">
<arg>${Element.text}</arg>
<doc>Logs the given message with the given level.</doc>
<msg timestamp="20230413 11:52:07.907" level="INFO"/>
<status status="PASS" starttime="20230413 11:52:07.896" endtime="20230413 11:52:07.907"/>
</kw>
<kw name="Append To List" library="Collections">
<arg>${Holiday_list_2022}</arg>
<arg>${Element.text}</arg>
<doc>Adds ``values`` to the end of ``list``.</doc>
<status status="PASS" starttime="20230413 11:52:07.907" endtime="20230413 11:52:07.923"/>
</kw>
<status status="PASS" starttime="20230413 11:52:07.896" endtime="20230413 11:52:07.923"/>
</iter>
<iter>
<var name="${Element}">&lt;selenium.webdriver.remote.webelement.WebElement (session="3a97d283296ee495c324cc6709beea04", element="58896b1f-2575-4723-b75f-50047965f1cc")&gt;</var>
<kw name="Log" library="BuiltIn">
<arg>${Element.text}</arg>
<doc>Logs the given message with the given level.</doc>
<msg timestamp="20230413 11:52:07.929" level="INFO"/>
<status status="PASS" starttime="20230413 11:52:07.925" endtime="20230413 11:52:07.929"/>
</kw>
<kw name="Append To List" library="Collections">
<arg>${Holiday_list_2022}</arg>
<arg>${Element.text}</arg>
<doc>Adds ``values`` to the end of ``list``.</doc>
<status status="PASS" starttime="20230413 11:52:07.929" endtime="20230413 11:52:07.944"/>
</kw>
<status status="PASS" starttime="20230413 11:52:07.925" endtime="20230413 11:52:07.944"/>
</iter>
<iter>
<var name="${Element}">&lt;selenium.webdriver.remote.webelement.WebElement (session="3a97d283296ee495c324cc6709beea04", element="e0354bc8-b20e-4488-ac6a-08b255504416")&gt;</var>
<kw name="Log" library="BuiltIn">
<arg>${Element.text}</arg>
<doc>Logs the given message with the given level.</doc>
<msg timestamp="20230413 11:52:07.957" level="INFO"/>
<status status="PASS" starttime="20230413 11:52:07.945" endtime="20230413 11:52:07.957"/>
</kw>
<kw name="Append To List" library="Collections">
<arg>${Holiday_list_2022}</arg>
<arg>${Element.text}</arg>
<doc>Adds ``values`` to the end of ``list``.</doc>
<status status="PASS" starttime="20230413 11:52:07.957" endtime="20230413 11:52:07.968"/>
</kw>
<status status="PASS" starttime="20230413 11:52:07.944" endtime="20230413 11:52:07.968"/>
</iter>
<iter>
<var name="${Element}">&lt;selenium.webdriver.remote.webelement.WebElement (session="3a97d283296ee495c324cc6709beea04", element="f1befee5-6542-4dba-ae7a-dd138055621a")&gt;</var>
<kw name="Log" library="BuiltIn">
<arg>${Element.text}</arg>
<doc>Logs the given message with the given level.</doc>
<msg timestamp="20230413 11:52:07.977" level="INFO"/>
<status status="PASS" starttime="20230413 11:52:07.969" endtime="20230413 11:52:07.977"/>
</kw>
<kw name="Append To List" library="Collections">
<arg>${Holiday_list_2022}</arg>
<arg>${Element.text}</arg>
<doc>Adds ``values`` to the end of ``list``.</doc>
<status status="PASS" starttime="20230413 11:52:07.977" endtime="20230413 11:52:07.977"/>
</kw>
<status status="PASS" starttime="20230413 11:52:07.968" endtime="20230413 11:52:07.977"/>
</iter>
<iter>
<var name="${Element}">&lt;selenium.webdriver.remote.webelement.WebElement (session="3a97d283296ee495c324cc6709beea04", element="9fd70740-8902-431f-b68a-39bb4ae4b271")&gt;</var>
<kw name="Log" library="BuiltIn">
<arg>${Element.text}</arg>
<doc>Logs the given message with the given level.</doc>
<msg timestamp="20230413 11:52:07.999" level="INFO"/>
<status status="PASS" starttime="20230413 11:52:07.977" endtime="20230413 11:52:07.999"/>
</kw>
<kw name="Append To List" library="Collections">
<arg>${Holiday_list_2022}</arg>
<arg>${Element.text}</arg>
<doc>Adds ``values`` to the end of ``list``.</doc>
<status status="PASS" starttime="20230413 11:52:07.999" endtime="20230413 11:52:07.999"/>
</kw>
<status status="PASS" starttime="20230413 11:52:07.977" endtime="20230413 11:52:07.999"/>
</iter>
<iter>
<var name="${Element}">&lt;selenium.webdriver.remote.webelement.WebElement (session="3a97d283296ee495c324cc6709beea04", element="c0f62ad0-0416-4b2f-825d-67ee5a264227")&gt;</var>
<kw name="Log" library="BuiltIn">
<arg>${Element.text}</arg>
<doc>Logs the given message with the given level.</doc>
<msg timestamp="20230413 11:52:08.015" level="INFO"/>
<status status="PASS" starttime="20230413 11:52:07.999" endtime="20230413 11:52:08.015"/>
</kw>
<kw name="Append To List" library="Collections">
<arg>${Holiday_list_2022}</arg>
<arg>${Element.text}</arg>
<doc>Adds ``values`` to the end of ``list``.</doc>
<status status="PASS" starttime="20230413 11:52:08.015" endtime="20230413 11:52:08.015"/>
</kw>
<status status="PASS" starttime="20230413 11:52:07.999" endtime="20230413 11:52:08.015"/>
</iter>
<iter>
<var name="${Element}">&lt;selenium.webdriver.remote.webelement.WebElement (session="3a97d283296ee495c324cc6709beea04", element="87eaa86c-1204-4411-82a3-86826b4920a7")&gt;</var>
<kw name="Log" library="BuiltIn">
<arg>${Element.text}</arg>
<doc>Logs the given message with the given level.</doc>
<msg timestamp="20230413 11:52:08.030" level="INFO"/>
<status status="PASS" starttime="20230413 11:52:08.015" endtime="20230413 11:52:08.030"/>
</kw>
<kw name="Append To List" library="Collections">
<arg>${Holiday_list_2022}</arg>
<arg>${Element.text}</arg>
<doc>Adds ``values`` to the end of ``list``.</doc>
<status status="PASS" starttime="20230413 11:52:08.030" endtime="20230413 11:52:08.046"/>
</kw>
<status status="PASS" starttime="20230413 11:52:08.015" endtime="20230413 11:52:08.046"/>
</iter>
<iter>
<var name="${Element}">&lt;selenium.webdriver.remote.webelement.WebElement (session="3a97d283296ee495c324cc6709beea04", element="56562657-454f-498a-99ee-90fc8826388a")&gt;</var>
<kw name="Log" library="BuiltIn">
<arg>${Element.text}</arg>
<doc>Logs the given message with the given level.</doc>
<msg timestamp="20230413 11:52:08.046" level="INFO"/>
<status status="PASS" starttime="20230413 11:52:08.046" endtime="20230413 11:52:08.046"/>
</kw>
<kw name="Append To List" library="Collections">
<arg>${Holiday_list_2022}</arg>
<arg>${Element.text}</arg>
<doc>Adds ``values`` to the end of ``list``.</doc>
<status status="PASS" starttime="20230413 11:52:08.046" endtime="20230413 11:52:08.046"/>
</kw>
<status status="PASS" starttime="20230413 11:52:08.046" endtime="20230413 11:52:08.046"/>
</iter>
<iter>
<var name="${Element}">&lt;selenium.webdriver.remote.webelement.WebElement (session="3a97d283296ee495c324cc6709beea04", element="9fa11c0d-b74f-48cd-b57e-52bf289c13c6")&gt;</var>
<kw name="Log" library="BuiltIn">
<arg>${Element.text}</arg>
<doc>Logs the given message with the given level.</doc>
<msg timestamp="20230413 11:52:08.062" level="INFO"/>
<status status="PASS" starttime="20230413 11:52:08.062" endtime="20230413 11:52:08.062"/>
</kw>
<kw name="Append To List" library="Collections">
<arg>${Holiday_list_2022}</arg>
<arg>${Element.text}</arg>
<doc>Adds ``values`` to the end of ``list``.</doc>
<status status="PASS" starttime="20230413 11:52:08.062" endtime="20230413 11:52:08.077"/>
</kw>
<status status="PASS" starttime="20230413 11:52:08.062" endtime="20230413 11:52:08.077"/>
</iter>
<iter>
<var name="${Element}">&lt;selenium.webdriver.remote.webelement.WebElement (session="3a97d283296ee495c324cc6709beea04", element="7ff93db7-51b7-47f3-9588-e6d8e30dfd31")&gt;</var>
<kw name="Log" library="BuiltIn">
<arg>${Element.text}</arg>
<doc>Logs the given message with the given level.</doc>
<msg timestamp="20230413 11:52:08.093" level="INFO"/>
<status status="PASS" starttime="20230413 11:52:08.077" endtime="20230413 11:52:08.093"/>
</kw>
<kw name="Append To List" library="Collections">
<arg>${Holiday_list_2022}</arg>
<arg>${Element.text}</arg>
<doc>Adds ``values`` to the end of ``list``.</doc>
<status status="PASS" starttime="20230413 11:52:08.093" endtime="20230413 11:52:08.099"/>
</kw>
<status status="PASS" starttime="20230413 11:52:08.077" endtime="20230413 11:52:08.099"/>
</iter>
<iter>
<var name="${Element}">&lt;selenium.webdriver.remote.webelement.WebElement (session="3a97d283296ee495c324cc6709beea04", element="54db62ab-1e3c-4693-af27-9fc02fcef67b")&gt;</var>
<kw name="Log" library="BuiltIn">
<arg>${Element.text}</arg>
<doc>Logs the given message with the given level.</doc>
<msg timestamp="20230413 11:52:08.099" level="INFO"/>
<status status="PASS" starttime="20230413 11:52:08.099" endtime="20230413 11:52:08.099"/>
</kw>
<kw name="Append To List" library="Collections">
<arg>${Holiday_list_2022}</arg>
<arg>${Element.text}</arg>
<doc>Adds ``values`` to the end of ``list``.</doc>
<status status="PASS" starttime="20230413 11:52:08.099" endtime="20230413 11:52:08.099"/>
</kw>
<status status="PASS" starttime="20230413 11:52:08.099" endtime="20230413 11:52:08.099"/>
</iter>
<iter>
<var name="${Element}">&lt;selenium.webdriver.remote.webelement.WebElement (session="3a97d283296ee495c324cc6709beea04", element="5ade568e-f73e-4c36-8b95-c13be29c2dda")&gt;</var>
<kw name="Log" library="BuiltIn">
<arg>${Element.text}</arg>
<doc>Logs the given message with the given level.</doc>
<msg timestamp="20230413 11:52:08.115" level="INFO"/>
<status status="PASS" starttime="20230413 11:52:08.099" endtime="20230413 11:52:08.115"/>
</kw>
<kw name="Append To List" library="Collections">
<arg>${Holiday_list_2022}</arg>
<arg>${Element.text}</arg>
<doc>Adds ``values`` to the end of ``list``.</doc>
<status status="PASS" starttime="20230413 11:52:08.115" endtime="20230413 11:52:08.115"/>
</kw>
<status status="PASS" starttime="20230413 11:52:08.099" endtime="20230413 11:52:08.115"/>
</iter>
<iter>
<var name="${Element}">&lt;selenium.webdriver.remote.webelement.WebElement (session="3a97d283296ee495c324cc6709beea04", element="3c8ee7c2-2bf4-47ea-a226-5871433e1772")&gt;</var>
<kw name="Log" library="BuiltIn">
<arg>${Element.text}</arg>
<doc>Logs the given message with the given level.</doc>
<msg timestamp="20230413 11:52:08.131" level="INFO"/>
<status status="PASS" starttime="20230413 11:52:08.131" endtime="20230413 11:52:08.131"/>
</kw>
<kw name="Append To List" library="Collections">
<arg>${Holiday_list_2022}</arg>
<arg>${Element.text}</arg>
<doc>Adds ``values`` to the end of ``list``.</doc>
<status status="PASS" starttime="20230413 11:52:08.131" endtime="20230413 11:52:08.146"/>
</kw>
<status status="PASS" starttime="20230413 11:52:08.115" endtime="20230413 11:52:08.146"/>
</iter>
<iter>
<var name="${Element}">&lt;selenium.webdriver.remote.webelement.WebElement (session="3a97d283296ee495c324cc6709beea04", element="40b68667-0caf-4cdd-b206-5bec1eaace3b")&gt;</var>
<kw name="Log" library="BuiltIn">
<arg>${Element.text}</arg>
<doc>Logs the given message with the given level.</doc>
<msg timestamp="20230413 11:52:08.146" level="INFO"/>
<status status="PASS" starttime="20230413 11:52:08.146" endtime="20230413 11:52:08.146"/>
</kw>
<kw name="Append To List" library="Collections">
<arg>${Holiday_list_2022}</arg>
<arg>${Element.text}</arg>
<doc>Adds ``values`` to the end of ``list``.</doc>
<status status="PASS" starttime="20230413 11:52:08.146" endtime="20230413 11:52:08.162"/>
</kw>
<status status="PASS" starttime="20230413 11:52:08.146" endtime="20230413 11:52:08.162"/>
</iter>
<iter>
<var name="${Element}">&lt;selenium.webdriver.remote.webelement.WebElement (session="3a97d283296ee495c324cc6709beea04", element="ce3b7f64-8ed3-4cfd-8f19-7da025e0e280")&gt;</var>
<kw name="Log" library="BuiltIn">
<arg>${Element.text}</arg>
<doc>Logs the given message with the given level.</doc>
<msg timestamp="20230413 11:52:08.162" level="INFO"/>
<status status="PASS" starttime="20230413 11:52:08.162" endtime="20230413 11:52:08.162"/>
</kw>
<kw name="Append To List" library="Collections">
<arg>${Holiday_list_2022}</arg>
<arg>${Element.text}</arg>
<doc>Adds ``values`` to the end of ``list``.</doc>
<status status="PASS" starttime="20230413 11:52:08.162" endtime="20230413 11:52:08.177"/>
</kw>
<status status="PASS" starttime="20230413 11:52:08.162" endtime="20230413 11:52:08.177"/>
</iter>
<iter>
<var name="${Element}">&lt;selenium.webdriver.remote.webelement.WebElement (session="3a97d283296ee495c324cc6709beea04", element="98a64caa-2a73-49d5-bd96-0bb01297f964")&gt;</var>
<kw name="Log" library="BuiltIn">
<arg>${Element.text}</arg>
<doc>Logs the given message with the given level.</doc>
<msg timestamp="20230413 11:52:08.193" level="INFO"/>
<status status="PASS" starttime="20230413 11:52:08.177" endtime="20230413 11:52:08.193"/>
</kw>
<kw name="Append To List" library="Collections">
<arg>${Holiday_list_2022}</arg>
<arg>${Element.text}</arg>
<doc>Adds ``values`` to the end of ``list``.</doc>
<status status="PASS" starttime="20230413 11:52:08.193" endtime="20230413 11:52:08.200"/>
</kw>
<status status="PASS" starttime="20230413 11:52:08.177" endtime="20230413 11:52:08.200"/>
</iter>
<iter>
<var name="${Element}">&lt;selenium.webdriver.remote.webelement.WebElement (session="3a97d283296ee495c324cc6709beea04", element="0484e1b0-c25c-4d8b-9d7f-c35a4b31ab75")&gt;</var>
<kw name="Log" library="BuiltIn">
<arg>${Element.text}</arg>
<doc>Logs the given message with the given level.</doc>
<msg timestamp="20230413 11:52:08.215" level="INFO"/>
<status status="PASS" starttime="20230413 11:52:08.200" endtime="20230413 11:52:08.215"/>
</kw>
<kw name="Append To List" library="Collections">
<arg>${Holiday_list_2022}</arg>
<arg>${Element.text}</arg>
<doc>Adds ``values`` to the end of ``list``.</doc>
<status status="PASS" starttime="20230413 11:52:08.215" endtime="20230413 11:52:08.215"/>
</kw>
<status status="PASS" starttime="20230413 11:52:08.200" endtime="20230413 11:52:08.215"/>
</iter>
<iter>
<var name="${Element}">&lt;selenium.webdriver.remote.webelement.WebElement (session="3a97d283296ee495c324cc6709beea04", element="6c8554c2-b907-4337-8b4f-d944e5786696")&gt;</var>
<kw name="Log" library="BuiltIn">
<arg>${Element.text}</arg>
<doc>Logs the given message with the given level.</doc>
<msg timestamp="20230413 11:52:08.231" level="INFO"/>
<status status="PASS" starttime="20230413 11:52:08.215" endtime="20230413 11:52:08.231"/>
</kw>
<kw name="Append To List" library="Collections">
<arg>${Holiday_list_2022}</arg>
<arg>${Element.text}</arg>
<doc>Adds ``values`` to the end of ``list``.</doc>
<status status="PASS" starttime="20230413 11:52:08.231" endtime="20230413 11:52:08.231"/>
</kw>
<status status="PASS" starttime="20230413 11:52:08.215" endtime="20230413 11:52:08.231"/>
</iter>
<iter>
<var name="${Element}">&lt;selenium.webdriver.remote.webelement.WebElement (session="3a97d283296ee495c324cc6709beea04", element="477d80dd-0d56-4086-8eb1-7ab11f83432c")&gt;</var>
<kw name="Log" library="BuiltIn">
<arg>${Element.text}</arg>
<doc>Logs the given message with the given level.</doc>
<msg timestamp="20230413 11:52:08.246" level="INFO"/>
<status status="PASS" starttime="20230413 11:52:08.231" endtime="20230413 11:52:08.246"/>
</kw>
<kw name="Append To List" library="Collections">
<arg>${Holiday_list_2022}</arg>
<arg>${Element.text}</arg>
<doc>Adds ``values`` to the end of ``list``.</doc>
<status status="PASS" starttime="20230413 11:52:08.246" endtime="20230413 11:52:08.246"/>
</kw>
<status status="PASS" starttime="20230413 11:52:08.231" endtime="20230413 11:52:08.246"/>
</iter>
<iter>
<var name="${Element}">&lt;selenium.webdriver.remote.webelement.WebElement (session="3a97d283296ee495c324cc6709beea04", element="f9aab66d-b1c4-45df-ada1-3a57ee7862e3")&gt;</var>
<kw name="Log" library="BuiltIn">
<arg>${Element.text}</arg>
<doc>Logs the given message with the given level.</doc>
<msg timestamp="20230413 11:52:08.263" level="INFO"/>
<status status="PASS" starttime="20230413 11:52:08.246" endtime="20230413 11:52:08.263"/>
</kw>
<kw name="Append To List" library="Collections">
<arg>${Holiday_list_2022}</arg>
<arg>${Element.text}</arg>
<doc>Adds ``values`` to the end of ``list``.</doc>
<status status="PASS" starttime="20230413 11:52:08.263" endtime="20230413 11:52:08.263"/>
</kw>
<status status="PASS" starttime="20230413 11:52:08.246" endtime="20230413 11:52:08.263"/>
</iter>
<iter>
<var name="${Element}">&lt;selenium.webdriver.remote.webelement.WebElement (session="3a97d283296ee495c324cc6709beea04", element="4faddc1e-130a-460f-a903-610959d88f9a")&gt;</var>
<kw name="Log" library="BuiltIn">
<arg>${Element.text}</arg>
<doc>Logs the given message with the given level.</doc>
<msg timestamp="20230413 11:52:08.280" level="INFO"/>
<status status="PASS" starttime="20230413 11:52:08.263" endtime="20230413 11:52:08.280"/>
</kw>
<kw name="Append To List" library="Collections">
<arg>${Holiday_list_2022}</arg>
<arg>${Element.text}</arg>
<doc>Adds ``values`` to the end of ``list``.</doc>
<status status="PASS" starttime="20230413 11:52:08.280" endtime="20230413 11:52:08.286"/>
</kw>
<status status="PASS" starttime="20230413 11:52:08.263" endtime="20230413 11:52:08.286"/>
</iter>
<iter>
<var name="${Element}">&lt;selenium.webdriver.remote.webelement.WebElement (session="3a97d283296ee495c324cc6709beea04", element="e88f2768-0828-4af2-b0ee-9dffeb2b95ce")&gt;</var>
<kw name="Log" library="BuiltIn">
<arg>${Element.text}</arg>
<doc>Logs the given message with the given level.</doc>
<msg timestamp="20230413 11:52:08.287" level="INFO"/>
<status status="PASS" starttime="20230413 11:52:08.286" endtime="20230413 11:52:08.287"/>
</kw>
<kw name="Append To List" library="Collections">
<arg>${Holiday_list_2022}</arg>
<arg>${Element.text}</arg>
<doc>Adds ``values`` to the end of ``list``.</doc>
<status status="PASS" starttime="20230413 11:52:08.287" endtime="20230413 11:52:08.300"/>
</kw>
<status status="PASS" starttime="20230413 11:52:08.286" endtime="20230413 11:52:08.300"/>
</iter>
<iter>
<var name="${Element}">&lt;selenium.webdriver.remote.webelement.WebElement (session="3a97d283296ee495c324cc6709beea04", element="354558a6-7f52-4919-a8db-fab829ebaebc")&gt;</var>
<kw name="Log" library="BuiltIn">
<arg>${Element.text}</arg>
<doc>Logs the given message with the given level.</doc>
<msg timestamp="20230413 11:52:08.300" level="INFO"/>
<status status="PASS" starttime="20230413 11:52:08.300" endtime="20230413 11:52:08.300"/>
</kw>
<kw name="Append To List" library="Collections">
<arg>${Holiday_list_2022}</arg>
<arg>${Element.text}</arg>
<doc>Adds ``values`` to the end of ``list``.</doc>
<status status="PASS" starttime="20230413 11:52:08.300" endtime="20230413 11:52:08.315"/>
</kw>
<status status="PASS" starttime="20230413 11:52:08.300" endtime="20230413 11:52:08.315"/>
</iter>
<status status="PASS" starttime="20230413 11:52:07.680" endtime="20230413 11:52:08.315"/>
</for>
<kw name="Click Element" library="SeleniumLibrary">
<arg>${click_pagination_2}</arg>
<doc>Click the element identified by ``locator``.</doc>
<msg timestamp="20230413 11:52:08.315" level="INFO">Clicking element 'css:a[id='2']'.</msg>
<status status="PASS" starttime="20230413 11:52:08.315" endtime="20230413 11:52:08.358"/>
</kw>
<for flavor="IN">
<var>${Element}</var>
<value>@{Elements}</value>
<iter>
<var name="${Element}">&lt;selenium.webdriver.remote.webelement.WebElement (session="3a97d283296ee495c324cc6709beea04", element="1f34a624-89c7-48c6-962d-406922e50702")&gt;</var>
<kw name="Log" library="BuiltIn">
<arg>${Element.text}</arg>
<doc>Logs the given message with the given level.</doc>
<msg timestamp="20230413 11:52:08.364" level="INFO"/>
<status status="PASS" starttime="20230413 11:52:08.358" endtime="20230413 11:52:08.364"/>
</kw>
<kw name="Append To List" library="Collections">
<arg>${Holiday_list_2022}</arg>
<arg>${Element.text}</arg>
<doc>Adds ``values`` to the end of ``list``.</doc>
<status status="PASS" starttime="20230413 11:52:08.364" endtime="20230413 11:52:08.371"/>
</kw>
<status status="PASS" starttime="20230413 11:52:08.358" endtime="20230413 11:52:08.371"/>
</iter>
<iter>
<var name="${Element}">&lt;selenium.webdriver.remote.webelement.WebElement (session="3a97d283296ee495c324cc6709beea04", element="128d25db-19f5-48a1-95eb-3184f4e7c37f")&gt;</var>
<kw name="Log" library="BuiltIn">
<arg>${Element.text}</arg>
<doc>Logs the given message with the given level.</doc>
<msg timestamp="20230413 11:52:08.375" level="INFO"/>
<status status="PASS" starttime="20230413 11:52:08.371" endtime="20230413 11:52:08.375"/>
</kw>
<kw name="Append To List" library="Collections">
<arg>${Holiday_list_2022}</arg>
<arg>${Element.text}</arg>
<doc>Adds ``values`` to the end of ``list``.</doc>
<status status="PASS" starttime="20230413 11:52:08.375" endtime="20230413 11:52:08.380"/>
</kw>
<status status="PASS" starttime="20230413 11:52:08.371" endtime="20230413 11:52:08.380"/>
</iter>
<iter>
<var name="${Element}">&lt;selenium.webdriver.remote.webelement.WebElement (session="3a97d283296ee495c324cc6709beea04", element="ddf3a94f-6fe4-47e7-834d-5f50b2815982")&gt;</var>
<kw name="Log" library="BuiltIn">
<arg>${Element.text}</arg>
<doc>Logs the given message with the given level.</doc>
<msg timestamp="20230413 11:52:08.384" level="INFO"/>
<status status="PASS" starttime="20230413 11:52:08.380" endtime="20230413 11:52:08.384"/>
</kw>
<kw name="Append To List" library="Collections">
<arg>${Holiday_list_2022}</arg>
<arg>${Element.text}</arg>
<doc>Adds ``values`` to the end of ``list``.</doc>
<status status="PASS" starttime="20230413 11:52:08.384" endtime="20230413 11:52:08.388"/>
</kw>
<status status="PASS" starttime="20230413 11:52:08.380" endtime="20230413 11:52:08.388"/>
</iter>
<iter>
<var name="${Element}">&lt;selenium.webdriver.remote.webelement.WebElement (session="3a97d283296ee495c324cc6709beea04", element="9544857f-63a4-4f09-903e-d9fff81bb4ce")&gt;</var>
<kw name="Log" library="BuiltIn">
<arg>${Element.text}</arg>
<doc>Logs the given message with the given level.</doc>
<msg timestamp="20230413 11:52:08.395" level="INFO"/>
<status status="PASS" starttime="20230413 11:52:08.389" endtime="20230413 11:52:08.396"/>
</kw>
<kw name="Append To List" library="Collections">
<arg>${Holiday_list_2022}</arg>
<arg>${Element.text}</arg>
<doc>Adds ``values`` to the end of ``list``.</doc>
<status status="PASS" starttime="20230413 11:52:08.396" endtime="20230413 11:52:08.402"/>
</kw>
<status status="PASS" starttime="20230413 11:52:08.389" endtime="20230413 11:52:08.402"/>
</iter>
<iter>
<var name="${Element}">&lt;selenium.webdriver.remote.webelement.WebElement (session="3a97d283296ee495c324cc6709beea04", element="21f32341-34f7-4919-a801-a3c2088fe9be")&gt;</var>
<kw name="Log" library="BuiltIn">
<arg>${Element.text}</arg>
<doc>Logs the given message with the given level.</doc>
<msg timestamp="20230413 11:52:08.411" level="INFO"/>
<status status="PASS" starttime="20230413 11:52:08.403" endtime="20230413 11:52:08.411"/>
</kw>
<kw name="Append To List" library="Collections">
<arg>${Holiday_list_2022}</arg>
<arg>${Element.text}</arg>
<doc>Adds ``values`` to the end of ``list``.</doc>
<status status="PASS" starttime="20230413 11:52:08.411" endtime="20230413 11:52:08.411"/>
</kw>
<status status="PASS" starttime="20230413 11:52:08.403" endtime="20230413 11:52:08.411"/>
</iter>
<iter>
<var name="${Element}">&lt;selenium.webdriver.remote.webelement.WebElement (session="3a97d283296ee495c324cc6709beea04", element="d0a5bea2-5450-45de-b23f-ec9091fd8f39")&gt;</var>
<kw name="Log" library="BuiltIn">
<arg>${Element.text}</arg>
<doc>Logs the given message with the given level.</doc>
<msg timestamp="20230413 11:52:08.427" level="INFO"/>
<status status="PASS" starttime="20230413 11:52:08.411" endtime="20230413 11:52:08.427"/>
</kw>
<kw name="Append To List" library="Collections">
<arg>${Holiday_list_2022}</arg>
<arg>${Element.text}</arg>
<doc>Adds ``values`` to the end of ``list``.</doc>
<status status="PASS" starttime="20230413 11:52:08.427" endtime="20230413 11:52:08.441"/>
</kw>
<status status="PASS" starttime="20230413 11:52:08.411" endtime="20230413 11:52:08.441"/>
</iter>
<iter>
<var name="${Element}">&lt;selenium.webdriver.remote.webelement.WebElement (session="3a97d283296ee495c324cc6709beea04", element="2c4ed378-0394-49de-b100-1ea541198347")&gt;</var>
<kw name="Log" library="BuiltIn">
<arg>${Element.text}</arg>
<doc>Logs the given message with the given level.</doc>
<msg timestamp="20230413 11:52:08.447" level="INFO"/>
<status status="PASS" starttime="20230413 11:52:08.441" endtime="20230413 11:52:08.447"/>
</kw>
<kw name="Append To List" library="Collections">
<arg>${Holiday_list_2022}</arg>
<arg>${Element.text}</arg>
<doc>Adds ``values`` to the end of ``list``.</doc>
<status status="PASS" starttime="20230413 11:52:08.447" endtime="20230413 11:52:08.452"/>
</kw>
<status status="PASS" starttime="20230413 11:52:08.441" endtime="20230413 11:52:08.452"/>
</iter>
<iter>
<var name="${Element}">&lt;selenium.webdriver.remote.webelement.WebElement (session="3a97d283296ee495c324cc6709beea04", element="03f6689e-0b91-4cb0-926d-d093ed37c207")&gt;</var>
<kw name="Log" library="BuiltIn">
<arg>${Element.text}</arg>
<doc>Logs the given message with the given level.</doc>
<msg timestamp="20230413 11:52:08.457" level="INFO"/>
<status status="PASS" starttime="20230413 11:52:08.452" endtime="20230413 11:52:08.457"/>
</kw>
<kw name="Append To List" library="Collections">
<arg>${Holiday_list_2022}</arg>
<arg>${Element.text}</arg>
<doc>Adds ``values`` to the end of ``list``.</doc>
<status status="PASS" starttime="20230413 11:52:08.457" endtime="20230413 11:52:08.463"/>
</kw>
<status status="PASS" starttime="20230413 11:52:08.452" endtime="20230413 11:52:08.463"/>
</iter>
<iter>
<var name="${Element}">&lt;selenium.webdriver.remote.webelement.WebElement (session="3a97d283296ee495c324cc6709beea04", element="31283160-e3ba-4436-bd1d-41c63e78feef")&gt;</var>
<kw name="Log" library="BuiltIn">
<arg>${Element.text}</arg>
<doc>Logs the given message with the given level.</doc>
<msg timestamp="20230413 11:52:08.469" level="INFO"/>
<status status="PASS" starttime="20230413 11:52:08.463" endtime="20230413 11:52:08.469"/>
</kw>
<kw name="Append To List" library="Collections">
<arg>${Holiday_list_2022}</arg>
<arg>${Element.text}</arg>
<doc>Adds ``values`` to the end of ``list``.</doc>
<status status="PASS" starttime="20230413 11:52:08.469" endtime="20230413 11:52:08.475"/>
</kw>
<status status="PASS" starttime="20230413 11:52:08.463" endtime="20230413 11:52:08.475"/>
</iter>
<iter>
<var name="${Element}">&lt;selenium.webdriver.remote.webelement.WebElement (session="3a97d283296ee495c324cc6709beea04", element="1d8a1824-9fe4-4652-855b-a02113ece153")&gt;</var>
<kw name="Log" library="BuiltIn">
<arg>${Element.text}</arg>
<doc>Logs the given message with the given level.</doc>
<msg timestamp="20230413 11:52:08.479" level="INFO"/>
<status status="PASS" starttime="20230413 11:52:08.475" endtime="20230413 11:52:08.479"/>
</kw>
<kw name="Append To List" library="Collections">
<arg>${Holiday_list_2022}</arg>
<arg>${Element.text}</arg>
<doc>Adds ``values`` to the end of ``list``.</doc>
<status status="PASS" starttime="20230413 11:52:08.479" endtime="20230413 11:52:08.485"/>
</kw>
<status status="PASS" starttime="20230413 11:52:08.475" endtime="20230413 11:52:08.485"/>
</iter>
<iter>
<var name="${Element}">&lt;selenium.webdriver.remote.webelement.WebElement (session="3a97d283296ee495c324cc6709beea04", element="8369a82f-7247-49da-86f2-6eebf4431139")&gt;</var>
<kw name="Log" library="BuiltIn">
<arg>${Element.text}</arg>
<doc>Logs the given message with the given level.</doc>
<msg timestamp="20230413 11:52:08.491" level="INFO">Babu Jagjivan Ram's Birthday</msg>
<status status="PASS" starttime="20230413 11:52:08.485" endtime="20230413 11:52:08.491"/>
</kw>
<kw name="Append To List" library="Collections">
<arg>${Holiday_list_2022}</arg>
<arg>${Element.text}</arg>
<doc>Adds ``values`` to the end of ``list``.</doc>
<status status="PASS" starttime="20230413 11:52:08.491" endtime="20230413 11:52:08.497"/>
</kw>
<status status="PASS" starttime="20230413 11:52:08.485" endtime="20230413 11:52:08.497"/>
</iter>
<iter>
<var name="${Element}">&lt;selenium.webdriver.remote.webelement.WebElement (session="3a97d283296ee495c324cc6709beea04", element="53d9497c-ba77-4d39-8bdd-cd8c299f7645")&gt;</var>
<kw name="Log" library="BuiltIn">
<arg>${Element.text}</arg>
<doc>Logs the given message with the given level.</doc>
<msg timestamp="20230413 11:52:08.503" level="INFO">Good Friday</msg>
<status status="PASS" starttime="20230413 11:52:08.497" endtime="20230413 11:52:08.503"/>
</kw>
<kw name="Append To List" library="Collections">
<arg>${Holiday_list_2022}</arg>
<arg>${Element.text}</arg>
<doc>Adds ``values`` to the end of ``list``.</doc>
<status status="PASS" starttime="20230413 11:52:08.503" endtime="20230413 11:52:08.509"/>
</kw>
<status status="PASS" starttime="20230413 11:52:08.497" endtime="20230413 11:52:08.509"/>
</iter>
<iter>
<var name="${Element}">&lt;selenium.webdriver.remote.webelement.WebElement (session="3a97d283296ee495c324cc6709beea04", element="6a9ce8e3-4ce5-45cf-af83-65e872ba7a96")&gt;</var>
<kw name="Log" library="BuiltIn">
<arg>${Element.text}</arg>
<doc>Logs the given message with the given level.</doc>
<msg timestamp="20230413 11:52:08.519" level="INFO">Dr. B.R. Ambedkar Jayanti/Tamil New Year's Day</msg>
<status status="PASS" starttime="20230413 11:52:08.509" endtime="20230413 11:52:08.519"/>
</kw>
<kw name="Append To List" library="Collections">
<arg>${Holiday_list_2022}</arg>
<arg>${Element.text}</arg>
<doc>Adds ``values`` to the end of ``list``.</doc>
<status status="PASS" starttime="20230413 11:52:08.520" endtime="20230413 11:52:08.528"/>
</kw>
<status status="PASS" starttime="20230413 11:52:08.509" endtime="20230413 11:52:08.528"/>
</iter>
<iter>
<var name="${Element}">&lt;selenium.webdriver.remote.webelement.WebElement (session="3a97d283296ee495c324cc6709beea04", element="bb7de0eb-663d-4f2f-b806-15857f74fbac")&gt;</var>
<kw name="Log" library="BuiltIn">
<arg>${Element.text}</arg>
<doc>Logs the given message with the given level.</doc>
<msg timestamp="20230413 11:52:08.537" level="INFO">May Day</msg>
<status status="PASS" starttime="20230413 11:52:08.528" endtime="20230413 11:52:08.537"/>
</kw>
<kw name="Append To List" library="Collections">
<arg>${Holiday_list_2022}</arg>
<arg>${Element.text}</arg>
<doc>Adds ``values`` to the end of ``list``.</doc>
<status status="PASS" starttime="20230413 11:52:08.537" endtime="20230413 11:52:08.544"/>
</kw>
<status status="PASS" starttime="20230413 11:52:08.528" endtime="20230413 11:52:08.544"/>
</iter>
<iter>
<var name="${Element}">&lt;selenium.webdriver.remote.webelement.WebElement (session="3a97d283296ee495c324cc6709beea04", element="a5018499-6dec-46b8-9ca3-22dccf8f75ee")&gt;</var>
<kw name="Log" library="BuiltIn">
<arg>${Element.text}</arg>
<doc>Logs the given message with the given level.</doc>
<msg timestamp="20230413 11:52:08.552" level="INFO">Buddha Poornima</msg>
<status status="PASS" starttime="20230413 11:52:08.544" endtime="20230413 11:52:08.552"/>
</kw>
<kw name="Append To List" library="Collections">
<arg>${Holiday_list_2022}</arg>
<arg>${Element.text}</arg>
<doc>Adds ``values`` to the end of ``list``.</doc>
<status status="PASS" starttime="20230413 11:52:08.553" endtime="20230413 11:52:08.558"/>
</kw>
<status status="PASS" starttime="20230413 11:52:08.544" endtime="20230413 11:52:08.558"/>
</iter>
<iter>
<var name="${Element}">&lt;selenium.webdriver.remote.webelement.WebElement (session="3a97d283296ee495c324cc6709beea04", element="58896b1f-2575-4723-b75f-50047965f1cc")&gt;</var>
<kw name="Log" library="BuiltIn">
<arg>${Element.text}</arg>
<doc>Logs the given message with the given level.</doc>
<msg timestamp="20230413 11:52:08.565" level="INFO">Birthday of Rabindranath Tagore</msg>
<status status="PASS" starttime="20230413 11:52:08.559" endtime="20230413 11:52:08.565"/>
</kw>
<kw name="Append To List" library="Collections">
<arg>${Holiday_list_2022}</arg>
<arg>${Element.text}</arg>
<doc>Adds ``values`` to the end of ``list``.</doc>
<status status="PASS" starttime="20230413 11:52:08.565" endtime="20230413 11:52:08.571"/>
</kw>
<status status="PASS" starttime="20230413 11:52:08.558" endtime="20230413 11:52:08.571"/>
</iter>
<iter>
<var name="${Element}">&lt;selenium.webdriver.remote.webelement.WebElement (session="3a97d283296ee495c324cc6709beea04", element="e0354bc8-b20e-4488-ac6a-08b255504416")&gt;</var>
<kw name="Log" library="BuiltIn">
<arg>${Element.text}</arg>
<doc>Logs the given message with the given level.</doc>
<msg timestamp="20230413 11:52:08.580" level="INFO">BakriEid (EidUlAdha)</msg>
<status status="PASS" starttime="20230413 11:52:08.572" endtime="20230413 11:52:08.580"/>
</kw>
<kw name="Append To List" library="Collections">
<arg>${Holiday_list_2022}</arg>
<arg>${Element.text}</arg>
<doc>Adds ``values`` to the end of ``list``.</doc>
<status status="PASS" starttime="20230413 11:52:08.580" endtime="20230413 11:52:08.585"/>
</kw>
<status status="PASS" starttime="20230413 11:52:08.571" endtime="20230413 11:52:08.585"/>
</iter>
<iter>
<var name="${Element}">&lt;selenium.webdriver.remote.webelement.WebElement (session="3a97d283296ee495c324cc6709beea04", element="f1befee5-6542-4dba-ae7a-dd138055621a")&gt;</var>
<kw name="Log" library="BuiltIn">
<arg>${Element.text}</arg>
<doc>Logs the given message with the given level.</doc>
<msg timestamp="20230413 11:52:08.594" level="INFO">Hui Diwas</msg>
<status status="PASS" starttime="20230413 11:52:08.586" endtime="20230413 11:52:08.594"/>
</kw>
<kw name="Append To List" library="Collections">
<arg>${Holiday_list_2022}</arg>
<arg>${Element.text}</arg>
<doc>Adds ``values`` to the end of ``list``.</doc>
<status status="PASS" starttime="20230413 11:52:08.595" endtime="20230413 11:52:08.599"/>
</kw>
<status status="PASS" starttime="20230413 11:52:08.585" endtime="20230413 11:52:08.599"/>
</iter>
<iter>
<var name="${Element}">&lt;selenium.webdriver.remote.webelement.WebElement (session="3a97d283296ee495c324cc6709beea04", element="9fd70740-8902-431f-b68a-39bb4ae4b271")&gt;</var>
<kw name="Log" library="BuiltIn">
<arg>${Element.text}</arg>
<doc>Logs the given message with the given level.</doc>
<msg timestamp="20230413 11:52:08.604" level="INFO">Bonalu</msg>
<status status="PASS" starttime="20230413 11:52:08.599" endtime="20230413 11:52:08.604"/>
</kw>
<kw name="Append To List" library="Collections">
<arg>${Holiday_list_2022}</arg>
<arg>${Element.text}</arg>
<doc>Adds ``values`` to the end of ``list``.</doc>
<status status="PASS" starttime="20230413 11:52:08.604" endtime="20230413 11:52:08.608"/>
</kw>
<status status="PASS" starttime="20230413 11:52:08.599" endtime="20230413 11:52:08.608"/>
</iter>
<iter>
<var name="${Element}">&lt;selenium.webdriver.remote.webelement.WebElement (session="3a97d283296ee495c324cc6709beea04", element="c0f62ad0-0416-4b2f-825d-67ee5a264227")&gt;</var>
<kw name="Log" library="BuiltIn">
<arg>${Element.text}</arg>
<doc>Logs the given message with the given level.</doc>
<msg timestamp="20230413 11:52:08.613" level="INFO">Independence Day</msg>
<status status="PASS" starttime="20230413 11:52:08.608" endtime="20230413 11:52:08.613"/>
</kw>
<kw name="Append To List" library="Collections">
<arg>${Holiday_list_2022}</arg>
<arg>${Element.text}</arg>
<doc>Adds ``values`` to the end of ``list``.</doc>
<status status="PASS" starttime="20230413 11:52:08.613" endtime="20230413 11:52:08.618"/>
</kw>
<status status="PASS" starttime="20230413 11:52:08.608" endtime="20230413 11:52:08.618"/>
</iter>
<iter>
<var name="${Element}">&lt;selenium.webdriver.remote.webelement.WebElement (session="3a97d283296ee495c324cc6709beea04", element="87eaa86c-1204-4411-82a3-86826b4920a7")&gt;</var>
<kw name="Log" library="BuiltIn">
<arg>${Element.text}</arg>
<doc>Logs the given message with the given level.</doc>
<msg timestamp="20230413 11:52:08.623" level="INFO"/>
<status status="PASS" starttime="20230413 11:52:08.618" endtime="20230413 11:52:08.623"/>
</kw>
<kw name="Append To List" library="Collections">
<arg>${Holiday_list_2022}</arg>
<arg>${Element.text}</arg>
<doc>Adds ``values`` to the end of ``list``.</doc>
<status status="PASS" starttime="20230413 11:52:08.623" endtime="20230413 11:52:08.628"/>
</kw>
<status status="PASS" starttime="20230413 11:52:08.618" endtime="20230413 11:52:08.628"/>
</iter>
<iter>
<var name="${Element}">&lt;selenium.webdriver.remote.webelement.WebElement (session="3a97d283296ee495c324cc6709beea04", element="56562657-454f-498a-99ee-90fc8826388a")&gt;</var>
<kw name="Log" library="BuiltIn">
<arg>${Element.text}</arg>
<doc>Logs the given message with the given level.</doc>
<msg timestamp="20230413 11:52:08.628" level="INFO"/>
<status status="PASS" starttime="20230413 11:52:08.628" endtime="20230413 11:52:08.628"/>
</kw>
<kw name="Append To List" library="Collections">
<arg>${Holiday_list_2022}</arg>
<arg>${Element.text}</arg>
<doc>Adds ``values`` to the end of ``list``.</doc>
<status status="PASS" starttime="20230413 11:52:08.628" endtime="20230413 11:52:08.628"/>
</kw>
<status status="PASS" starttime="20230413 11:52:08.628" endtime="20230413 11:52:08.628"/>
</iter>
<iter>
<var name="${Element}">&lt;selenium.webdriver.remote.webelement.WebElement (session="3a97d283296ee495c324cc6709beea04", element="9fa11c0d-b74f-48cd-b57e-52bf289c13c6")&gt;</var>
<kw name="Log" library="BuiltIn">
<arg>${Element.text}</arg>
<doc>Logs the given message with the given level.</doc>
<msg timestamp="20230413 11:52:08.644" level="INFO"/>
<status status="PASS" starttime="20230413 11:52:08.628" endtime="20230413 11:52:08.644"/>
</kw>
<kw name="Append To List" library="Collections">
<arg>${Holiday_list_2022}</arg>
<arg>${Element.text}</arg>
<doc>Adds ``values`` to the end of ``list``.</doc>
<status status="PASS" starttime="20230413 11:52:08.644" endtime="20230413 11:52:08.644"/>
</kw>
<status status="PASS" starttime="20230413 11:52:08.628" endtime="20230413 11:52:08.644"/>
</iter>
<iter>
<var name="${Element}">&lt;selenium.webdriver.remote.webelement.WebElement (session="3a97d283296ee495c324cc6709beea04", element="7ff93db7-51b7-47f3-9588-e6d8e30dfd31")&gt;</var>
<kw name="Log" library="BuiltIn">
<arg>${Element.text}</arg>
<doc>Logs the given message with the given level.</doc>
<msg timestamp="20230413 11:52:08.644" level="INFO"/>
<status status="PASS" starttime="20230413 11:52:08.644" endtime="20230413 11:52:08.644"/>
</kw>
<kw name="Append To List" library="Collections">
<arg>${Holiday_list_2022}</arg>
<arg>${Element.text}</arg>
<doc>Adds ``values`` to the end of ``list``.</doc>
<status status="PASS" starttime="20230413 11:52:08.644" endtime="20230413 11:52:08.659"/>
</kw>
<status status="PASS" starttime="20230413 11:52:08.644" endtime="20230413 11:52:08.659"/>
</iter>
<iter>
<var name="${Element}">&lt;selenium.webdriver.remote.webelement.WebElement (session="3a97d283296ee495c324cc6709beea04", element="54db62ab-1e3c-4693-af27-9fc02fcef67b")&gt;</var>
<kw name="Log" library="BuiltIn">
<arg>${Element.text}</arg>
<doc>Logs the given message with the given level.</doc>
<msg timestamp="20230413 11:52:08.659" level="INFO"/>
<status status="PASS" starttime="20230413 11:52:08.659" endtime="20230413 11:52:08.659"/>
</kw>
<kw name="Append To List" library="Collections">
<arg>${Holiday_list_2022}</arg>
<arg>${Element.text}</arg>
<doc>Adds ``values`` to the end of ``list``.</doc>
<status status="PASS" starttime="20230413 11:52:08.659" endtime="20230413 11:52:08.675"/>
</kw>
<status status="PASS" starttime="20230413 11:52:08.659" endtime="20230413 11:52:08.675"/>
</iter>
<iter>
<var name="${Element}">&lt;selenium.webdriver.remote.webelement.WebElement (session="3a97d283296ee495c324cc6709beea04", element="5ade568e-f73e-4c36-8b95-c13be29c2dda")&gt;</var>
<kw name="Log" library="BuiltIn">
<arg>${Element.text}</arg>
<doc>Logs the given message with the given level.</doc>
<msg timestamp="20230413 11:52:08.682" level="INFO"/>
<status status="PASS" starttime="20230413 11:52:08.675" endtime="20230413 11:52:08.682"/>
</kw>
<kw name="Append To List" library="Collections">
<arg>${Holiday_list_2022}</arg>
<arg>${Element.text}</arg>
<doc>Adds ``values`` to the end of ``list``.</doc>
<status status="PASS" starttime="20230413 11:52:08.682" endtime="20230413 11:52:08.684"/>
</kw>
<status status="PASS" starttime="20230413 11:52:08.675" endtime="20230413 11:52:08.684"/>
</iter>
<iter>
<var name="${Element}">&lt;selenium.webdriver.remote.webelement.WebElement (session="3a97d283296ee495c324cc6709beea04", element="3c8ee7c2-2bf4-47ea-a226-5871433e1772")&gt;</var>
<kw name="Log" library="BuiltIn">
<arg>${Element.text}</arg>
<doc>Logs the given message with the given level.</doc>
<msg timestamp="20230413 11:52:08.684" level="INFO"/>
<status status="PASS" starttime="20230413 11:52:08.684" endtime="20230413 11:52:08.684"/>
</kw>
<kw name="Append To List" library="Collections">
<arg>${Holiday_list_2022}</arg>
<arg>${Element.text}</arg>
<doc>Adds ``values`` to the end of ``list``.</doc>
<status status="PASS" starttime="20230413 11:52:08.684" endtime="20230413 11:52:08.701"/>
</kw>
<status status="PASS" starttime="20230413 11:52:08.684" endtime="20230413 11:52:08.701"/>
</iter>
<iter>
<var name="${Element}">&lt;selenium.webdriver.remote.webelement.WebElement (session="3a97d283296ee495c324cc6709beea04", element="40b68667-0caf-4cdd-b206-5bec1eaace3b")&gt;</var>
<kw name="Log" library="BuiltIn">
<arg>${Element.text}</arg>
<doc>Logs the given message with the given level.</doc>
<msg timestamp="20230413 11:52:08.701" level="INFO"/>
<status status="PASS" starttime="20230413 11:52:08.701" endtime="20230413 11:52:08.701"/>
</kw>
<kw name="Append To List" library="Collections">
<arg>${Holiday_list_2022}</arg>
<arg>${Element.text}</arg>
<doc>Adds ``values`` to the end of ``list``.</doc>
<status status="PASS" starttime="20230413 11:52:08.701" endtime="20230413 11:52:08.716"/>
</kw>
<status status="PASS" starttime="20230413 11:52:08.701" endtime="20230413 11:52:08.716"/>
</iter>
<iter>
<var name="${Element}">&lt;selenium.webdriver.remote.webelement.WebElement (session="3a97d283296ee495c324cc6709beea04", element="ce3b7f64-8ed3-4cfd-8f19-7da025e0e280")&gt;</var>
<kw name="Log" library="BuiltIn">
<arg>${Element.text}</arg>
<doc>Logs the given message with the given level.</doc>
<msg timestamp="20230413 11:52:08.716" level="INFO"/>
<status status="PASS" starttime="20230413 11:52:08.716" endtime="20230413 11:52:08.716"/>
</kw>
<kw name="Append To List" library="Collections">
<arg>${Holiday_list_2022}</arg>
<arg>${Element.text}</arg>
<doc>Adds ``values`` to the end of ``list``.</doc>
<status status="PASS" starttime="20230413 11:52:08.716" endtime="20230413 11:52:08.732"/>
</kw>
<status status="PASS" starttime="20230413 11:52:08.716" endtime="20230413 11:52:08.732"/>
</iter>
<iter>
<var name="${Element}">&lt;selenium.webdriver.remote.webelement.WebElement (session="3a97d283296ee495c324cc6709beea04", element="98a64caa-2a73-49d5-bd96-0bb01297f964")&gt;</var>
<kw name="Log" library="BuiltIn">
<arg>${Element.text}</arg>
<doc>Logs the given message with the given level.</doc>
<msg timestamp="20230413 11:52:08.732" level="INFO"/>
<status status="PASS" starttime="20230413 11:52:08.732" endtime="20230413 11:52:08.732"/>
</kw>
<kw name="Append To List" library="Collections">
<arg>${Holiday_list_2022}</arg>
<arg>${Element.text}</arg>
<doc>Adds ``values`` to the end of ``list``.</doc>
<status status="PASS" starttime="20230413 11:52:08.732" endtime="20230413 11:52:08.732"/>
</kw>
<status status="PASS" starttime="20230413 11:52:08.732" endtime="20230413 11:52:08.732"/>
</iter>
<iter>
<var name="${Element}">&lt;selenium.webdriver.remote.webelement.WebElement (session="3a97d283296ee495c324cc6709beea04", element="0484e1b0-c25c-4d8b-9d7f-c35a4b31ab75")&gt;</var>
<kw name="Log" library="BuiltIn">
<arg>${Element.text}</arg>
<doc>Logs the given message with the given level.</doc>
<msg timestamp="20230413 11:52:08.748" level="INFO"/>
<status status="PASS" starttime="20230413 11:52:08.732" endtime="20230413 11:52:08.748"/>
</kw>
<kw name="Append To List" library="Collections">
<arg>${Holiday_list_2022}</arg>
<arg>${Element.text}</arg>
<doc>Adds ``values`` to the end of ``list``.</doc>
<status status="PASS" starttime="20230413 11:52:08.748" endtime="20230413 11:52:08.748"/>
</kw>
<status status="PASS" starttime="20230413 11:52:08.732" endtime="20230413 11:52:08.748"/>
</iter>
<iter>
<var name="${Element}">&lt;selenium.webdriver.remote.webelement.WebElement (session="3a97d283296ee495c324cc6709beea04", element="6c8554c2-b907-4337-8b4f-d944e5786696")&gt;</var>
<kw name="Log" library="BuiltIn">
<arg>${Element.text}</arg>
<doc>Logs the given message with the given level.</doc>
<msg timestamp="20230413 11:52:08.748" level="INFO"/>
<status status="PASS" starttime="20230413 11:52:08.748" endtime="20230413 11:52:08.748"/>
</kw>
<kw name="Append To List" library="Collections">
<arg>${Holiday_list_2022}</arg>
<arg>${Element.text}</arg>
<doc>Adds ``values`` to the end of ``list``.</doc>
<status status="PASS" starttime="20230413 11:52:08.748" endtime="20230413 11:52:08.763"/>
</kw>
<status status="PASS" starttime="20230413 11:52:08.748" endtime="20230413 11:52:08.763"/>
</iter>
<iter>
<var name="${Element}">&lt;selenium.webdriver.remote.webelement.WebElement (session="3a97d283296ee495c324cc6709beea04", element="477d80dd-0d56-4086-8eb1-7ab11f83432c")&gt;</var>
<kw name="Log" library="BuiltIn">
<arg>${Element.text}</arg>
<doc>Logs the given message with the given level.</doc>
<msg timestamp="20230413 11:52:08.763" level="INFO"/>
<status status="PASS" starttime="20230413 11:52:08.763" endtime="20230413 11:52:08.763"/>
</kw>
<kw name="Append To List" library="Collections">
<arg>${Holiday_list_2022}</arg>
<arg>${Element.text}</arg>
<doc>Adds ``values`` to the end of ``list``.</doc>
<status status="PASS" starttime="20230413 11:52:08.763" endtime="20230413 11:52:08.763"/>
</kw>
<status status="PASS" starttime="20230413 11:52:08.763" endtime="20230413 11:52:08.763"/>
</iter>
<iter>
<var name="${Element}">&lt;selenium.webdriver.remote.webelement.WebElement (session="3a97d283296ee495c324cc6709beea04", element="f9aab66d-b1c4-45df-ada1-3a57ee7862e3")&gt;</var>
<kw name="Log" library="BuiltIn">
<arg>${Element.text}</arg>
<doc>Logs the given message with the given level.</doc>
<msg timestamp="20230413 11:52:08.763" level="INFO"/>
<status status="PASS" starttime="20230413 11:52:08.763" endtime="20230413 11:52:08.763"/>
</kw>
<kw name="Append To List" library="Collections">
<arg>${Holiday_list_2022}</arg>
<arg>${Element.text}</arg>
<doc>Adds ``values`` to the end of ``list``.</doc>
<status status="PASS" starttime="20230413 11:52:08.763" endtime="20230413 11:52:08.779"/>
</kw>
<status status="PASS" starttime="20230413 11:52:08.763" endtime="20230413 11:52:08.779"/>
</iter>
<iter>
<var name="${Element}">&lt;selenium.webdriver.remote.webelement.WebElement (session="3a97d283296ee495c324cc6709beea04", element="4faddc1e-130a-460f-a903-610959d88f9a")&gt;</var>
<kw name="Log" library="BuiltIn">
<arg>${Element.text}</arg>
<doc>Logs the given message with the given level.</doc>
<msg timestamp="20230413 11:52:08.779" level="INFO"/>
<status status="PASS" starttime="20230413 11:52:08.779" endtime="20230413 11:52:08.779"/>
</kw>
<kw name="Append To List" library="Collections">
<arg>${Holiday_list_2022}</arg>
<arg>${Element.text}</arg>
<doc>Adds ``values`` to the end of ``list``.</doc>
<status status="PASS" starttime="20230413 11:52:08.779" endtime="20230413 11:52:08.779"/>
</kw>
<status status="PASS" starttime="20230413 11:52:08.779" endtime="20230413 11:52:08.779"/>
</iter>
<iter>
<var name="${Element}">&lt;selenium.webdriver.remote.webelement.WebElement (session="3a97d283296ee495c324cc6709beea04", element="e88f2768-0828-4af2-b0ee-9dffeb2b95ce")&gt;</var>
<kw name="Log" library="BuiltIn">
<arg>${Element.text}</arg>
<doc>Logs the given message with the given level.</doc>
<msg timestamp="20230413 11:52:08.779" level="INFO"/>
<status status="PASS" starttime="20230413 11:52:08.779" endtime="20230413 11:52:08.779"/>
</kw>
<kw name="Append To List" library="Collections">
<arg>${Holiday_list_2022}</arg>
<arg>${Element.text}</arg>
<doc>Adds ``values`` to the end of ``list``.</doc>
<status status="PASS" starttime="20230413 11:52:08.779" endtime="20230413 11:52:08.797"/>
</kw>
<status status="PASS" starttime="20230413 11:52:08.779" endtime="20230413 11:52:08.797"/>
</iter>
<iter>
<var name="${Element}">&lt;selenium.webdriver.remote.webelement.WebElement (session="3a97d283296ee495c324cc6709beea04", element="354558a6-7f52-4919-a8db-fab829ebaebc")&gt;</var>
<kw name="Log" library="BuiltIn">
<arg>${Element.text}</arg>
<doc>Logs the given message with the given level.</doc>
<msg timestamp="20230413 11:52:08.801" level="INFO"/>
<status status="PASS" starttime="20230413 11:52:08.797" endtime="20230413 11:52:08.801"/>
</kw>
<kw name="Append To List" library="Collections">
<arg>${Holiday_list_2022}</arg>
<arg>${Element.text}</arg>
<doc>Adds ``values`` to the end of ``list``.</doc>
<status status="PASS" starttime="20230413 11:52:08.801" endtime="20230413 11:52:08.801"/>
</kw>
<status status="PASS" starttime="20230413 11:52:08.797" endtime="20230413 11:52:08.801"/>
</iter>
<status status="PASS" starttime="20230413 11:52:08.358" endtime="20230413 11:52:08.801"/>
</for>
<kw name="Click Element" library="SeleniumLibrary">
<arg>${click_pagination_3}</arg>
<doc>Click the element identified by ``locator``.</doc>
<msg timestamp="20230413 11:52:08.801" level="INFO">Clicking element 'css:a[id='3']'.</msg>
<status status="PASS" starttime="20230413 11:52:08.801" endtime="20230413 11:52:08.830"/>
</kw>
<for flavor="IN">
<var>${Element}</var>
<value>@{Elements}</value>
<iter>
<var name="${Element}">&lt;selenium.webdriver.remote.webelement.WebElement (session="3a97d283296ee495c324cc6709beea04", element="1f34a624-89c7-48c6-962d-406922e50702")&gt;</var>
<kw name="Log" library="BuiltIn">
<arg>${Element.text}</arg>
<doc>Logs the given message with the given level.</doc>
<msg timestamp="20230413 11:52:08.830" level="INFO"/>
<status status="PASS" starttime="20230413 11:52:08.830" endtime="20230413 11:52:08.830"/>
</kw>
<kw name="Append To List" library="Collections">
<arg>${Holiday_list_2022}</arg>
<arg>${Element.text}</arg>
<doc>Adds ``values`` to the end of ``list``.</doc>
<status status="PASS" starttime="20230413 11:52:08.830" endtime="20230413 11:52:08.830"/>
</kw>
<status status="PASS" starttime="20230413 11:52:08.830" endtime="20230413 11:52:08.830"/>
</iter>
<iter>
<var name="${Element}">&lt;selenium.webdriver.remote.webelement.WebElement (session="3a97d283296ee495c324cc6709beea04", element="128d25db-19f5-48a1-95eb-3184f4e7c37f")&gt;</var>
<kw name="Log" library="BuiltIn">
<arg>${Element.text}</arg>
<doc>Logs the given message with the given level.</doc>
<msg timestamp="20230413 11:52:08.830" level="INFO"/>
<status status="PASS" starttime="20230413 11:52:08.830" endtime="20230413 11:52:08.830"/>
</kw>
<kw name="Append To List" library="Collections">
<arg>${Holiday_list_2022}</arg>
<arg>${Element.text}</arg>
<doc>Adds ``values`` to the end of ``list``.</doc>
<status status="PASS" starttime="20230413 11:52:08.830" endtime="20230413 11:52:08.844"/>
</kw>
<status status="PASS" starttime="20230413 11:52:08.830" endtime="20230413 11:52:08.844"/>
</iter>
<iter>
<var name="${Element}">&lt;selenium.webdriver.remote.webelement.WebElement (session="3a97d283296ee495c324cc6709beea04", element="ddf3a94f-6fe4-47e7-834d-5f50b2815982")&gt;</var>
<kw name="Log" library="BuiltIn">
<arg>${Element.text}</arg>
<doc>Logs the given message with the given level.</doc>
<msg timestamp="20230413 11:52:08.855" level="INFO"/>
<status status="PASS" starttime="20230413 11:52:08.844" endtime="20230413 11:52:08.855"/>
</kw>
<kw name="Append To List" library="Collections">
<arg>${Holiday_list_2022}</arg>
<arg>${Element.text}</arg>
<doc>Adds ``values`` to the end of ``list``.</doc>
<status status="PASS" starttime="20230413 11:52:08.855" endtime="20230413 11:52:08.855"/>
</kw>
<status status="PASS" starttime="20230413 11:52:08.844" endtime="20230413 11:52:08.855"/>
</iter>
<iter>
<var name="${Element}">&lt;selenium.webdriver.remote.webelement.WebElement (session="3a97d283296ee495c324cc6709beea04", element="9544857f-63a4-4f09-903e-d9fff81bb4ce")&gt;</var>
<kw name="Log" library="BuiltIn">
<arg>${Element.text}</arg>
<doc>Logs the given message with the given level.</doc>
<msg timestamp="20230413 11:52:08.855" level="INFO"/>
<status status="PASS" starttime="20230413 11:52:08.855" endtime="20230413 11:52:08.855"/>
</kw>
<kw name="Append To List" library="Collections">
<arg>${Holiday_list_2022}</arg>
<arg>${Element.text}</arg>
<doc>Adds ``values`` to the end of ``list``.</doc>
<status status="PASS" starttime="20230413 11:52:08.855" endtime="20230413 11:52:08.855"/>
</kw>
<status status="PASS" starttime="20230413 11:52:08.855" endtime="20230413 11:52:08.855"/>
</iter>
<iter>
<var name="${Element}">&lt;selenium.webdriver.remote.webelement.WebElement (session="3a97d283296ee495c324cc6709beea04", element="21f32341-34f7-4919-a801-a3c2088fe9be")&gt;</var>
<kw name="Log" library="BuiltIn">
<arg>${Element.text}</arg>
<doc>Logs the given message with the given level.</doc>
<msg timestamp="20230413 11:52:08.877" level="INFO"/>
<status status="PASS" starttime="20230413 11:52:08.871" endtime="20230413 11:52:08.877"/>
</kw>
<kw name="Append To List" library="Collections">
<arg>${Holiday_list_2022}</arg>
<arg>${Element.text}</arg>
<doc>Adds ``values`` to the end of ``list``.</doc>
<status status="PASS" starttime="20230413 11:52:08.877" endtime="20230413 11:52:08.882"/>
</kw>
<status status="PASS" starttime="20230413 11:52:08.871" endtime="20230413 11:52:08.882"/>
</iter>
<iter>
<var name="${Element}">&lt;selenium.webdriver.remote.webelement.WebElement (session="3a97d283296ee495c324cc6709beea04", element="d0a5bea2-5450-45de-b23f-ec9091fd8f39")&gt;</var>
<kw name="Log" library="BuiltIn">
<arg>${Element.text}</arg>
<doc>Logs the given message with the given level.</doc>
<msg timestamp="20230413 11:52:08.887" level="INFO"/>
<status status="PASS" starttime="20230413 11:52:08.882" endtime="20230413 11:52:08.887"/>
</kw>
<kw name="Append To List" library="Collections">
<arg>${Holiday_list_2022}</arg>
<arg>${Element.text}</arg>
<doc>Adds ``values`` to the end of ``list``.</doc>
<status status="PASS" starttime="20230413 11:52:08.887" endtime="20230413 11:52:08.890"/>
</kw>
<status status="PASS" starttime="20230413 11:52:08.882" endtime="20230413 11:52:08.890"/>
</iter>
<iter>
<var name="${Element}">&lt;selenium.webdriver.remote.webelement.WebElement (session="3a97d283296ee495c324cc6709beea04", element="2c4ed378-0394-49de-b100-1ea541198347")&gt;</var>
<kw name="Log" library="BuiltIn">
<arg>${Element.text}</arg>
<doc>Logs the given message with the given level.</doc>
<msg timestamp="20230413 11:52:08.894" level="INFO"/>
<status status="PASS" starttime="20230413 11:52:08.890" endtime="20230413 11:52:08.894"/>
</kw>
<kw name="Append To List" library="Collections">
<arg>${Holiday_list_2022}</arg>
<arg>${Element.text}</arg>
<doc>Adds ``values`` to the end of ``list``.</doc>
<status status="PASS" starttime="20230413 11:52:08.894" endtime="20230413 11:52:08.897"/>
</kw>
<status status="PASS" starttime="20230413 11:52:08.890" endtime="20230413 11:52:08.897"/>
</iter>
<iter>
<var name="${Element}">&lt;selenium.webdriver.remote.webelement.WebElement (session="3a97d283296ee495c324cc6709beea04", element="03f6689e-0b91-4cb0-926d-d093ed37c207")&gt;</var>
<kw name="Log" library="BuiltIn">
<arg>${Element.text}</arg>
<doc>Logs the given message with the given level.</doc>
<msg timestamp="20230413 11:52:08.901" level="INFO"/>
<status status="PASS" starttime="20230413 11:52:08.897" endtime="20230413 11:52:08.901"/>
</kw>
<kw name="Append To List" library="Collections">
<arg>${Holiday_list_2022}</arg>
<arg>${Element.text}</arg>
<doc>Adds ``values`` to the end of ``list``.</doc>
<status status="PASS" starttime="20230413 11:52:08.901" endtime="20230413 11:52:08.905"/>
</kw>
<status status="PASS" starttime="20230413 11:52:08.897" endtime="20230413 11:52:08.906"/>
</iter>
<iter>
<var name="${Element}">&lt;selenium.webdriver.remote.webelement.WebElement (session="3a97d283296ee495c324cc6709beea04", element="31283160-e3ba-4436-bd1d-41c63e78feef")&gt;</var>
<kw name="Log" library="BuiltIn">
<arg>${Element.text}</arg>
<doc>Logs the given message with the given level.</doc>
<msg timestamp="20230413 11:52:08.910" level="INFO"/>
<status status="PASS" starttime="20230413 11:52:08.906" endtime="20230413 11:52:08.911"/>
</kw>
<kw name="Append To List" library="Collections">
<arg>${Holiday_list_2022}</arg>
<arg>${Element.text}</arg>
<doc>Adds ``values`` to the end of ``list``.</doc>
<status status="PASS" starttime="20230413 11:52:08.911" endtime="20230413 11:52:08.911"/>
</kw>
<status status="PASS" starttime="20230413 11:52:08.906" endtime="20230413 11:52:08.911"/>
</iter>
<iter>
<var name="${Element}">&lt;selenium.webdriver.remote.webelement.WebElement (session="3a97d283296ee495c324cc6709beea04", element="1d8a1824-9fe4-4652-855b-a02113ece153")&gt;</var>
<kw name="Log" library="BuiltIn">
<arg>${Element.text}</arg>
<doc>Logs the given message with the given level.</doc>
<msg timestamp="20230413 11:52:08.911" level="INFO"/>
<status status="PASS" starttime="20230413 11:52:08.911" endtime="20230413 11:52:08.911"/>
</kw>
<kw name="Append To List" library="Collections">
<arg>${Holiday_list_2022}</arg>
<arg>${Element.text}</arg>
<doc>Adds ``values`` to the end of ``list``.</doc>
<status status="PASS" starttime="20230413 11:52:08.911" endtime="20230413 11:52:08.927"/>
</kw>
<status status="PASS" starttime="20230413 11:52:08.911" endtime="20230413 11:52:08.927"/>
</iter>
<iter>
<var name="${Element}">&lt;selenium.webdriver.remote.webelement.WebElement (session="3a97d283296ee495c324cc6709beea04", element="8369a82f-7247-49da-86f2-6eebf4431139")&gt;</var>
<kw name="Log" library="BuiltIn">
<arg>${Element.text}</arg>
<doc>Logs the given message with the given level.</doc>
<msg timestamp="20230413 11:52:08.927" level="INFO"/>
<status status="PASS" starttime="20230413 11:52:08.927" endtime="20230413 11:52:08.927"/>
</kw>
<kw name="Append To List" library="Collections">
<arg>${Holiday_list_2022}</arg>
<arg>${Element.text}</arg>
<doc>Adds ``values`` to the end of ``list``.</doc>
<status status="PASS" starttime="20230413 11:52:08.927" endtime="20230413 11:52:08.943"/>
</kw>
<status status="PASS" starttime="20230413 11:52:08.927" endtime="20230413 11:52:08.943"/>
</iter>
<iter>
<var name="${Element}">&lt;selenium.webdriver.remote.webelement.WebElement (session="3a97d283296ee495c324cc6709beea04", element="53d9497c-ba77-4d39-8bdd-cd8c299f7645")&gt;</var>
<kw name="Log" library="BuiltIn">
<arg>${Element.text}</arg>
<doc>Logs the given message with the given level.</doc>
<msg timestamp="20230413 11:52:08.958" level="INFO"/>
<status status="PASS" starttime="20230413 11:52:08.943" endtime="20230413 11:52:08.958"/>
</kw>
<kw name="Append To List" library="Collections">
<arg>${Holiday_list_2022}</arg>
<arg>${Element.text}</arg>
<doc>Adds ``values`` to the end of ``list``.</doc>
<status status="PASS" starttime="20230413 11:52:08.958" endtime="20230413 11:52:08.958"/>
</kw>
<status status="PASS" starttime="20230413 11:52:08.943" endtime="20230413 11:52:08.958"/>
</iter>
<iter>
<var name="${Element}">&lt;selenium.webdriver.remote.webelement.WebElement (session="3a97d283296ee495c324cc6709beea04", element="6a9ce8e3-4ce5-45cf-af83-65e872ba7a96")&gt;</var>
<kw name="Log" library="BuiltIn">
<arg>${Element.text}</arg>
<doc>Logs the given message with the given level.</doc>
<msg timestamp="20230413 11:52:08.974" level="INFO"/>
<status status="PASS" starttime="20230413 11:52:08.958" endtime="20230413 11:52:08.974"/>
</kw>
<kw name="Append To List" library="Collections">
<arg>${Holiday_list_2022}</arg>
<arg>${Element.text}</arg>
<doc>Adds ``values`` to the end of ``list``.</doc>
<status status="PASS" starttime="20230413 11:52:08.974" endtime="20230413 11:52:08.990"/>
</kw>
[...]
</iter>
<iter>
<var name="${item}">Sardar Vallabhbhai Patel's Birthday</var>
<kw name="Remove Values From List" library="Collections">
<arg>${New_list}</arg>
<arg>${item}</arg>
<doc>Removes all occurrences of given ``values`` from ``list``.</doc>
<status status="PASS" starttime="20230413 11:52:16.294" endtime="20230413 11:52:16.294"/>
</kw>
<status status="PASS" starttime="20230413 11:52:16.294" endtime="20230413 11:52:16.294"/>
</iter>
<iter>
<var name="${item}"/>
<kw name="Remove Values From List" library="Collections">
<arg>${New_list}</arg>
<arg>${item}</arg>
<doc>Removes all occurrences of given ``values`` from ``list``.</doc>
<status status="PASS" starttime="20230413 11:52:16.294" endtime="20230413 11:52:16.294"/>
</kw>
<status status="PASS" starttime="20230413 11:52:16.294" endtime="20230413 11:52:16.294"/>
</iter>
<iter>
<var name="${item}"/>
<kw name="Remove Values From List" library="Collections">
<arg>${New_list}</arg>
<arg>${item}</arg>
<doc>Removes all occurrences of given ``values`` from ``list``.</doc>
<status status="PASS" starttime="20230413 11:52:16.294" endtime="20230413 11:52:16.294"/>
</kw>
<status status="PASS" starttime="20230413 11:52:16.294" endtime="20230413 11:52:16.294"/>
</iter>
<iter>
<var name="${item}"/>
<kw name="Remove Values From List" library="Collections">
<arg>${New_list}</arg>
<arg>${item}</arg>
<doc>Removes all occurrences of given ``values`` from ``list``.</doc>
<status status="PASS" starttime="20230413 11:52:16.294" endtime="20230413 11:52:16.294"/>
</kw>
<status status="PASS" starttime="20230413 11:52:16.294" endtime="20230413 11:52:16.295"/>
</iter>
<iter>
<var name="${item}"/>
<kw name="Remove Values From List" library="Collections">
<arg>${New_list}</arg>
<arg>${item}</arg>
<doc>Removes all occurrences of given ``values`` from ``list``.</doc>
<status status="PASS" starttime="20230413 11:52:16.295" endtime="20230413 11:52:16.296"/>
</kw>
<status status="PASS" starttime="20230413 11:52:16.295" endtime="20230413 11:52:16.296"/>
</iter>
<iter>
<var name="${item}"/>
<kw name="Remove Values From List" library="Collections">
<arg>${New_list}</arg>
<arg>${item}</arg>
<doc>Removes all occurrences of given ``values`` from ``list``.</doc>
<status status="PASS" starttime="20230413 11:52:16.297" endtime="20230413 11:52:16.297"/>
</kw>
<status status="PASS" starttime="20230413 11:52:16.296" endtime="20230413 11:52:16.297"/>
</iter>
<iter>
<var name="${item}"/>
<kw name="Remove Values From List" library="Collections">
<arg>${New_list}</arg>
<arg>${item}</arg>
<doc>Removes all occurrences of given ``values`` from ``list``.</doc>
<status status="PASS" starttime="20230413 11:52:16.298" endtime="20230413 11:52:16.298"/>
</kw>
<status status="PASS" starttime="20230413 11:52:16.297" endtime="20230413 11:52:16.298"/>
</iter>
<iter>
<var name="${item}"/>
<kw name="Remove Values From List" library="Collections">
<arg>${New_list}</arg>
<arg>${item}</arg>
<doc>Removes all occurrences of given ``values`` from ``list``.</doc>
<status status="PASS" starttime="20230413 11:52:16.299" endtime="20230413 11:52:16.299"/>
</kw>
<status status="PASS" starttime="20230413 11:52:16.299" endtime="20230413 11:52:16.300"/>
</iter>
<iter>
<var name="${item}"/>
<kw name="Remove Values From List" library="Collections">
<arg>${New_list}</arg>
<arg>${item}</arg>
<doc>Removes all occurrences of given ``values`` from ``list``.</doc>
<status status="PASS" starttime="20230413 11:52:16.300" endtime="20230413 11:52:16.301"/>
</kw>
<status status="PASS" starttime="20230413 11:52:16.300" endtime="20230413 11:52:16.301"/>
</iter>
<iter>
<var name="${item}"/>
<kw name="Remove Values From List" library="Collections">
<arg>${New_list}</arg>
<arg>${item}</arg>
<doc>Removes all occurrences of given ``values`` from ``list``.</doc>
<status status="PASS" starttime="20230413 11:52:16.301" endtime="20230413 11:52:16.302"/>
</kw>
<status status="PASS" starttime="20230413 11:52:16.301" endtime="20230413 11:52:16.302"/>
</iter>
<iter>
<var name="${item}"/>
<kw name="Remove Values From List" library="Collections">
<arg>${New_list}</arg>
<arg>${item}</arg>
<doc>Removes all occurrences of given ``values`` from ``list``.</doc>
<status status="PASS" starttime="20230413 11:52:16.302" endtime="20230413 11:52:16.303"/>
</kw>
<status status="PASS" starttime="20230413 11:52:16.302" endtime="20230413 11:52:16.303"/>
</iter>
<iter>
<var name="${item}"/>
<kw name="Remove Values From List" library="Collections">
<arg>${New_list}</arg>
<arg>${item}</arg>
<doc>Removes all occurrences of given ``values`` from ``list``.</doc>
<status status="PASS" starttime="20230413 11:52:16.303" endtime="20230413 11:52:16.304"/>
</kw>
<status status="PASS" starttime="20230413 11:52:16.303" endtime="20230413 11:52:16.304"/>
</iter>
<iter>
<var name="${item}"/>
<kw name="Remove Values From List" library="Collections">
<arg>${New_list}</arg>
<arg>${item}</arg>
<doc>Removes all occurrences of given ``values`` from ``list``.</doc>
<status status="PASS" starttime="20230413 11:52:16.305" endtime="20230413 11:52:16.305"/>
</kw>
<status status="PASS" starttime="20230413 11:52:16.304" endtime="20230413 11:52:16.305"/>
</iter>
<iter>
<var name="${item}"/>
<kw name="Remove Values From List" library="Collections">
<arg>${New_list}</arg>
<arg>${item}</arg>
<doc>Removes all occurrences of given ``values`` from ``list``.</doc>
<status status="PASS" starttime="20230413 11:52:16.306" endtime="20230413 11:52:16.306"/>
</kw>
<status status="PASS" starttime="20230413 11:52:16.306" endtime="20230413 11:52:16.307"/>
</iter>
<iter>
<var name="${item}"/>
<kw name="Remove Values From List" library="Collections">
<arg>${New_list}</arg>
<arg>${item}</arg>
<doc>Removes all occurrences of given ``values`` from ``list``.</doc>
<status status="PASS" starttime="20230413 11:52:16.307" endtime="20230413 11:52:16.308"/>
</kw>
<status status="PASS" starttime="20230413 11:52:16.307" endtime="20230413 11:52:16.308"/>
</iter>
<iter>
<var name="${item}"/>
<kw name="Remove Values From List" library="Collections">
<arg>${New_list}</arg>
<arg>${item}</arg>
<doc>Removes all occurrences of given ``values`` from ``list``.</doc>
<status status="PASS" starttime="20230413 11:52:16.308" endtime="20230413 11:52:16.309"/>
</kw>
<status status="PASS" starttime="20230413 11:52:16.308" endtime="20230413 11:52:16.309"/>
</iter>
<iter>
<var name="${item}"/>
<kw name="Remove Values From List" library="Collections">
<arg>${New_list}</arg>
<arg>${item}</arg>
<doc>Removes all occurrences of given ``values`` from ``list``.</doc>
<status status="PASS" starttime="20230413 11:52:16.309" endtime="20230413 11:52:16.310"/>
</kw>
<status status="PASS" starttime="20230413 11:52:16.309" endtime="20230413 11:52:16.310"/>
</iter>
<iter>
<var name="${item}"/>
<kw name="Remove Values From List" library="Collections">
<arg>${New_list}</arg>
<arg>${item}</arg>
<doc>Removes all occurrences of given ``values`` from ``list``.</doc>
<status status="PASS" starttime="20230413 11:52:16.310" endtime="20230413 11:52:16.311"/>
</kw>
<status status="PASS" starttime="20230413 11:52:16.310" endtime="20230413 11:52:16.311"/>
</iter>
<iter>
<var name="${item}"/>
<kw name="Remove Values From List" library="Collections">
<arg>${New_list}</arg>
<arg>${item}</arg>
<doc>Removes all occurrences of given ``values`` from ``list``.</doc>
<status status="PASS" starttime="20230413 11:52:16.311" endtime="20230413 11:52:16.312"/>
</kw>
<status status="PASS" starttime="20230413 11:52:16.311" endtime="20230413 11:52:16.312"/>
</iter>
<iter>
<var name="${item}"/>
<kw name="Remove Values From List" library="Collections">
<arg>${New_list}</arg>
<arg>${item}</arg>
<doc>Removes all occurrences of given ``values`` from ``list``.</doc>
<status status="PASS" starttime="20230413 11:52:16.312" endtime="20230413 11:52:16.312"/>
</kw>
<status status="PASS" starttime="20230413 11:52:16.312" endtime="20230413 11:52:16.312"/>
</iter>
<iter>
<var name="${item}"/>
<kw name="Remove Values From List" library="Collections">
<arg>${New_list}</arg>
<arg>${item}</arg>
<doc>Removes all occurrences of given ``values`` from ``list``.</doc>
<status status="PASS" starttime="20230413 11:52:16.313" endtime="20230413 11:52:16.313"/>
</kw>
<status status="PASS" starttime="20230413 11:52:16.312" endtime="20230413 11:52:16.313"/>
</iter>
<iter>
<var name="${item}"/>
<kw name="Remove Values From List" library="Collections">
<arg>${New_list}</arg>
<arg>${item}</arg>
<doc>Removes all occurrences of given ``values`` from ``list``.</doc>
<status status="PASS" starttime="20230413 11:52:16.313" endtime="20230413 11:52:16.313"/>
</kw>
<status status="PASS" starttime="20230413 11:52:16.313" endtime="20230413 11:52:16.313"/>
</iter>
<iter>
<var name="${item}"/>
<kw name="Remove Values From List" library="Collections">
<arg>${New_list}</arg>
<arg>${item}</arg>
<doc>Removes all occurrences of given ``values`` from ``list``.</doc>
<status status="PASS" starttime="20230413 11:52:16.314" endtime="20230413 11:52:16.314"/>
</kw>
<status status="PASS" starttime="20230413 11:52:16.313" endtime="20230413 11:52:16.314"/>
</iter>
<iter>
<var name="${item}"/>
<kw name="Remove Values From List" library="Collections">
<arg>${New_list}</arg>
<arg>${item}</arg>
<doc>Removes all occurrences of given ``values`` from ``list``.</doc>
<status status="PASS" starttime="20230413 11:52:16.314" endtime="20230413 11:52:16.314"/>
</kw>
<status status="PASS" starttime="20230413 11:52:16.314" endtime="20230413 11:52:16.315"/>
</iter>
<iter>
<var name="${item}"/>
<kw name="Remove Values From List" library="Collections">
<arg>${New_list}</arg>
<arg>${item}</arg>
<doc>Removes all occurrences of given ``values`` from ``list``.</doc>
<status status="PASS" starttime="20230413 11:52:16.315" endtime="20230413 11:52:16.315"/>
</kw>
<status status="PASS" starttime="20230413 11:52:16.315" endtime="20230413 11:52:16.315"/>
</iter>
<iter>
<var name="${item}"/>
<kw name="Remove Values From List" library="Collections">
<arg>${New_list}</arg>
<arg>${item}</arg>
<doc>Removes all occurrences of given ``values`` from ``list``.</doc>
<status status="PASS" starttime="20230413 11:52:16.315" endtime="20230413 11:52:16.316"/>
</kw>
<status status="PASS" starttime="20230413 11:52:16.315" endtime="20230413 11:52:16.316"/>
</iter>
<iter>
<var name="${item}"/>
<kw name="Remove Values From List" library="Collections">
<arg>${New_list}</arg>
<arg>${item}</arg>
<doc>Removes all occurrences of given ``values`` from ``list``.</doc>
<status status="PASS" starttime="20230413 11:52:16.316" endtime="20230413 11:52:16.316"/>
</kw>
<status status="PASS" starttime="20230413 11:52:16.316" endtime="20230413 11:52:16.316"/>
</iter>
<iter>
<var name="${item}"/>
<kw name="Remove Values From List" library="Collections">
<arg>${New_list}</arg>
<arg>${item}</arg>
<doc>Removes all occurrences of given ``values`` from ``list``.</doc>
<status status="PASS" starttime="20230413 11:52:16.317" endtime="20230413 11:52:16.317"/>
</kw>
<status status="PASS" starttime="20230413 11:52:16.316" endtime="20230413 11:52:16.317"/>
</iter>
<iter>
<var name="${item}"/>
<kw name="Remove Values From List" library="Collections">
<arg>${New_list}</arg>
<arg>${item}</arg>
<doc>Removes all occurrences of given ``values`` from ``list``.</doc>
<status status="PASS" starttime="20230413 11:52:16.317" endtime="20230413 11:52:16.317"/>
</kw>
<status status="PASS" starttime="20230413 11:52:16.317" endtime="20230413 11:52:16.317"/>
</iter>
<iter>
<var name="${item}"/>
<kw name="Remove Values From List" library="Collections">
<arg>${New_list}</arg>
<arg>${item}</arg>
<doc>Removes all occurrences of given ``values`` from ``list``.</doc>
<status status="PASS" starttime="20230413 11:52:16.318" endtime="20230413 11:52:16.318"/>
</kw>
<status status="PASS" starttime="20230413 11:52:16.318" endtime="20230413 11:52:16.318"/>
</iter>
<iter>
<var name="${item}"/>
<kw name="Remove Values From List" library="Collections">
<arg>${New_list}</arg>
<arg>${item}</arg>
<doc>Removes all occurrences of given ``values`` from ``list``.</doc>
<status status="PASS" starttime="20230413 11:52:16.318" endtime="20230413 11:52:16.319"/>
</kw>
<status status="PASS" starttime="20230413 11:52:16.318" endtime="20230413 11:52:16.319"/>
</iter>
<iter>
<var name="${item}"/>
<kw name="Remove Values From List" library="Collections">
<arg>${New_list}</arg>
<arg>${item}</arg>
<doc>Removes all occurrences of given ``values`` from ``list``.</doc>
<status status="PASS" starttime="20230413 11:52:16.319" endtime="20230413 11:52:16.319"/>
</kw>
<status status="PASS" starttime="20230413 11:52:16.319" endtime="20230413 11:52:16.319"/>
</iter>
<iter>
<var name="${item}"/>
<kw name="Remove Values From List" library="Collections">
<arg>${New_list}</arg>
<arg>${item}</arg>
<doc>Removes all occurrences of given ``values`` from ``list``.</doc>
<status status="PASS" starttime="20230413 11:52:16.319" endtime="20230413 11:52:16.320"/>
</kw>
<status status="PASS" starttime="20230413 11:52:16.319" endtime="20230413 11:52:16.320"/>
</iter>
<iter>
<var name="${item}"/>
<kw name="Remove Values From List" library="Collections">
<arg>${New_list}</arg>
<arg>${item}</arg>
<doc>Removes all occurrences of given ``values`` from ``list``.</doc>
<status status="PASS" starttime="20230413 11:52:16.320" endtime="20230413 11:52:16.320"/>
</kw>
<status status="PASS" starttime="20230413 11:52:16.320" endtime="20230413 11:52:16.320"/>
</iter>
<iter>
<var name="${item}"/>
<kw name="Remove Values From List" library="Collections">
<arg>${New_list}</arg>
<arg>${item}</arg>
<doc>Removes all occurrences of given ``values`` from ``list``.</doc>
<status status="PASS" starttime="20230413 11:52:16.320" endtime="20230413 11:52:16.321"/>
</kw>
<status status="PASS" starttime="20230413 11:52:16.320" endtime="20230413 11:52:16.321"/>
</iter>
<iter>
<var name="${item}"/>
<kw name="Remove Values From List" library="Collections">
<arg>${New_list}</arg>
<arg>${item}</arg>
<doc>Removes all occurrences of given ``values`` from ``list``.</doc>
<status status="PASS" starttime="20230413 11:52:16.321" endtime="20230413 11:52:16.321"/>
</kw>
<status status="PASS" starttime="20230413 11:52:16.321" endtime="20230413 11:52:16.321"/>
</iter>
<iter>
<var name="${item}"/>
<kw name="Remove Values From List" library="Collections">
<arg>${New_list}</arg>
<arg>${item}</arg>
<doc>Removes all occurrences of given ``values`` from ``list``.</doc>
<status status="PASS" starttime="20230413 11:52:16.322" endtime="20230413 11:52:16.322"/>
</kw>
<status status="PASS" starttime="20230413 11:52:16.321" endtime="20230413 11:52:16.322"/>
</iter>
<iter>
<var name="${item}"/>
<kw name="Remove Values From List" library="Collections">
<arg>${New_list}</arg>
<arg>${item}</arg>
<doc>Removes all occurrences of given ``values`` from ``list``.</doc>
<status status="PASS" starttime="20230413 11:52:16.322" endtime="20230413 11:52:16.322"/>
</kw>
<status status="PASS" starttime="20230413 11:52:16.322" endtime="20230413 11:52:16.322"/>
</iter>
<iter>
<var name="${item}">Govardhan Phooja</var>
<kw name="Remove Values From List" library="Collections">
<arg>${New_list}</arg>
<arg>${item}</arg>
<doc>Removes all occurrences of given ``values`` from ``list``.</doc>
<status status="PASS" starttime="20230413 11:52:16.323" endtime="20230413 11:52:16.323"/>
</kw>
<status status="PASS" starttime="20230413 11:52:16.323" endtime="20230413 11:52:16.323"/>
</iter>
<iter>
<var name="${item}">Vikram Samvant New Year Day/Balipadyami</var>
<kw name="Remove Values From List" library="Collections">
<arg>${New_list}</arg>
<arg>${item}</arg>
<doc>Removes all occurrences of given ``values`` from ``list``.</doc>
<status status="PASS" starttime="20230413 11:52:16.323" endtime="20230413 11:52:16.324"/>
</kw>
<status status="PASS" starttime="20230413 11:52:16.323" endtime="20230413 11:52:16.324"/>
</iter>
<iter>
<var name="${item}">Bhaiyyadhooj/Chitragupta Jayanti/Birsa Munda Jayanti</var>
<kw name="Remove Values From List" library="Collections">
<arg>${New_list}</arg>
<arg>${item}</arg>
<doc>Removes all occurrences of given ``values`` from ``list``.</doc>
<status status="PASS" starttime="20230413 11:52:16.324" endtime="20230413 11:52:16.324"/>
</kw>
<status status="PASS" starttime="20230413 11:52:16.324" endtime="20230413 11:52:16.324"/>
</iter>
<iter>
<var name="${item}">Guru Nanak Jayanti</var>
<kw name="Remove Values From List" library="Collections">
<arg>${New_list}</arg>
<arg>${item}</arg>
<doc>Removes all occurrences of given ``values`` from ``list``.</doc>
<status status="PASS" starttime="20230413 11:52:16.324" endtime="20230413 11:52:16.325"/>
</kw>
<status status="PASS" starttime="20230413 11:52:16.324" endtime="20230413 11:52:16.325"/>
</iter>
<iter>
<var name="${item}">Kanakadasa Jayanthi</var>
<kw name="Remove Values From List" library="Collections">
<arg>${New_list}</arg>
<arg>${item}</arg>
<doc>Removes all occurrences of given ``values`` from ``list``.</doc>
<status status="PASS" starttime="20230413 11:52:16.325" endtime="20230413 11:52:16.325"/>
</kw>
<status status="PASS" starttime="20230413 11:52:16.325" endtime="20230413 11:52:16.325"/>
</iter>
<iter>
<var name="${item}">Christmas</var>
<kw name="Remove Values From List" library="Collections">
<arg>${New_list}</arg>
<arg>${item}</arg>
<doc>Removes all occurrences of given ``values`` from ``list``.</doc>
<status status="PASS" starttime="20230413 11:52:16.325" endtime="20230413 11:52:16.326"/>
</kw>
<status status="PASS" starttime="20230413 11:52:16.325" endtime="20230413 11:52:16.326"/>
</iter>
<iter>
<var name="${item}">Boxing Day</var>
<kw name="Remove Values From List" library="Collections">
<arg>${New_list}</arg>
<arg>${item}</arg>
<doc>Removes all occurrences of given ``values`` from ``list``.</doc>
<status status="PASS" starttime="20230413 11:52:16.326" endtime="20230413 11:52:16.326"/>
</kw>
<status status="PASS" starttime="20230413 11:52:16.326" endtime="20230413 11:52:16.326"/>
</iter>
<status status="PASS" starttime="20230413 11:52:16.233" endtime="20230413 11:52:16.326"/>
</for>
<kw name="Log" library="BuiltIn">
<arg>${New_list}</arg>
<doc>Logs the given message with the given level.</doc>
<msg timestamp="20230413 11:52:16.327" level="INFO">[]</msg>
<status status="PASS" starttime="20230413 11:52:16.327" endtime="20230413 11:52:16.327"/>
</kw>
<kw name="Get Length" library="BuiltIn">
<arg>${New_list}</arg>
<doc>Returns and logs the length of the given item as an integer.</doc>
<msg timestamp="20230413 11:52:16.327" level="INFO">Length is 0</msg>
<status status="PASS" starttime="20230413 11:52:16.327" endtime="20230413 11:52:16.327"/>
</kw>
<msg timestamp="20230413 11:52:16.328" level="INFO">${diff_list} = None</msg>
<status status="PASS" starttime="20230413 11:52:16.232" endtime="20230413 11:52:16.328"/>
</kw>
<kw name="Close Browser Session" library="testCase_common_keywords">
<kw name="Close Browser" library="SeleniumLibrary">
<doc>Closes the current browser.</doc>
<status status="PASS" starttime="20230413 11:52:16.328" endtime="20230413 11:52:18.469"/>
</kw>
<status status="PASS" starttime="20230413 11:52:16.328" endtime="20230413 11:52:18.469"/>
</kw>
<status status="PASS" starttime="20230413 11:51:53.486" endtime="20230413 11:52:18.469"/>
</test>
<status status="PASS" starttime="20230413 11:51:53.267" endtime="20230413 11:52:18.471"/>
</suite>
<statistics>
<total>
<stat pass="1" fail="0" skip="0">All Tests</stat>
</total>
<tag>
</tag>
<suite>
<stat pass="1" fail="0" skip="0" id="s1" name="testCase1">testCase1</stat>
</suite>
</statistics>
<errors>
<msg timestamp="20230413 11:51:53.470" level="WARN">Imported resource file 'C:\Users\158410\OneDrive - Arrow Electronics, Inc\Desktop\RobotFramework2\Common\testCase_labels.robot' is empty.</msg>
<msg timestamp="20230413 11:51:53.478" level="WARN">Imported library 'C:\Users\158410\OneDrive - Arrow Electronics, Inc\Desktop\RobotFramework2\Common\ExtendedLibrary.py' contains no keywords.</msg>
</errors>
</robot>
