<?xml version="1.0" encoding="UTF-8"?>
<robot generator="Robot 4.1 (Python 3.9.0 on win32)" generated="20230412 12:15:32.983" rpa="false" schemaversion="2">
<suite id="s1" name="testCase1" source="C:\Users\158410\OneDrive - Arrow Electronics, Inc\Desktop\RobotFramework\Appname\Module1\testCase1.robot">
<test id="s1-t1" name="Validate the Intranet Holiday List">
<kw name="Open the browser" library="testCase_common_keywords">
<kw name="Open Browser" library="SeleniumLibrary">
<arg>${url}</arg>
<arg>Chrome</arg>
<doc>Opens a new browser instance to the optional ``url``.</doc>
<msg timestamp="20230412 12:15:33.209" level="INFO">Opening browser 'Chrome' to base url 'https://intranet.einfochips.com/'.</msg>
<status status="PASS" starttime="20230412 12:15:33.209" endtime="20230412 12:15:36.667"/>
</kw>
<kw name="Maximize Browser Window" library="SeleniumLibrary">
<doc>Maximizes current browser window.</doc>
<status status="PASS" starttime="20230412 12:15:36.667" endtime="20230412 12:15:36.851"/>
</kw>
<kw name="Sleep" library="BuiltIn">
<arg>2</arg>
<doc>Pauses the test executed for the given time.</doc>
<msg timestamp="20230412 12:15:38.859" level="INFO">Slept 2 seconds</msg>
<status status="PASS" starttime="20230412 12:15:36.851" endtime="20230412 12:15:38.859"/>
</kw>
<status status="PASS" starttime="20230412 12:15:33.209" endtime="20230412 12:15:38.861"/>
</kw>
<kw name="Go to home and then Holiday List" library="testCase_resources">
<kw name="Sleep" library="BuiltIn">
<arg>2</arg>
<doc>Pauses the test executed for the given time.</doc>
<msg timestamp="20230412 12:15:40.866" level="INFO">Slept 2 seconds</msg>
<status status="PASS" starttime="20230412 12:15:38.863" endtime="20230412 12:15:40.866"/>
</kw>
<kw name="Mouse Over" library="SeleniumLibrary">
<arg>${mouse_hover_to_home}</arg>
<doc>Simulates hovering the mouse over the element ``locator``.</doc>
<msg timestamp="20230412 12:15:40.866" level="INFO">Simulating Mouse Over on element 'css:div[class='collapse navbar-collapse navbar-ex1-collapse']&gt;ul&gt;li&gt;a[class='dropdown-toggle nav-link']'.</msg>
<status status="PASS" starttime="20230412 12:15:40.866" endtime="20230412 12:15:42.001"/>
</kw>
<kw name="Sleep" library="BuiltIn">
<arg>2</arg>
<doc>Pauses the test executed for the given time.</doc>
<msg timestamp="20230412 12:15:44.016" level="INFO">Slept 2 seconds</msg>
<status status="PASS" starttime="20230412 12:15:42.001" endtime="20230412 12:15:44.016"/>
</kw>
<kw name="Click Element" library="SeleniumLibrary">
<arg>${click_holiday_list}</arg>
<doc>Click the element identified by ``locator``.</doc>
<msg timestamp="20230412 12:15:44.016" level="INFO">Clicking element 'xpath://a[text()='Holiday List']'.</msg>
<status status="PASS" starttime="20230412 12:15:44.016" endtime="20230412 12:15:44.184"/>
</kw>
<status status="PASS" starttime="20230412 12:15:38.861" endtime="20230412 12:15:44.184"/>
</kw>
<kw name="Fetch the Holidays list of year 2022" library="testCase_resources">
<kw name="Click Element" library="SeleniumLibrary">
<arg>${select_holiday_year_dropdown}</arg>
<doc>Click the element identified by ``locator``.</doc>
<msg timestamp="20230412 12:15:44.192" level="INFO">Clicking element 'css:select[id='holiday_year']'.</msg>
<status status="PASS" starttime="20230412 12:15:44.191" endtime="20230412 12:15:44.264"/>
</kw>
<kw name="Sleep" library="BuiltIn">
<arg>2</arg>
<doc>Pauses the test executed for the given time.</doc>
<msg timestamp="20230412 12:15:46.280" level="INFO">Slept 2 seconds</msg>
<status status="PASS" starttime="20230412 12:15:44.264" endtime="20230412 12:15:46.280"/>
</kw>
<kw name="Click Element" library="SeleniumLibrary">
<arg>${click_year}</arg>
<doc>Click the element identified by ``locator``.</doc>
<msg timestamp="20230412 12:15:46.280" level="INFO">Clicking element 'css:option[value='2022']'.</msg>
<status status="PASS" starttime="20230412 12:15:46.280" endtime="20230412 12:15:46.325"/>
</kw>
<kw name="Sleep" library="BuiltIn">
<arg>2</arg>
<doc>Pauses the test executed for the given time.</doc>
<msg timestamp="20230412 12:15:48.337" level="INFO">Slept 2 seconds</msg>
<status status="PASS" starttime="20230412 12:15:46.325" endtime="20230412 12:15:48.337"/>
</kw>
<kw name="Click Element" library="SeleniumLibrary">
<arg>${select_months}</arg>
<doc>Click the element identified by ``locator``.</doc>
<msg timestamp="20230412 12:15:48.337" level="INFO">Clicking element 'css:select[id='month_id']&gt;option'.</msg>
<status status="PASS" starttime="20230412 12:15:48.337" endtime="20230412 12:15:48.378"/>
</kw>
<kw name="Click Button" library="SeleniumLibrary">
<arg>${select_submit_button}</arg>
<doc>Clicks the button identified by ``locator``.</doc>
<msg timestamp="20230412 12:15:48.386" level="INFO">Clicking button 'css:button[class='btn btn-success']'.</msg>
<status status="PASS" starttime="20230412 12:15:48.378" endtime="20230412 12:15:48.542"/>
</kw>
<kw name="Create List" library="BuiltIn">
<var>@{Expected_holiday_list}</var>
<arg>${description_of_holiday_list}</arg>
<doc>Returns a list containing given items.</doc>
<msg timestamp="20230412 12:15:48.542" level="INFO">@{Expected_holiday_list} = [ css:table[id='mt'] tbody td:nth-child(4) ]</msg>
<status status="PASS" starttime="20230412 12:15:48.542" endtime="20230412 12:15:48.542"/>
</kw>
<kw name="Get WebElements" library="SeleniumLibrary">
<var>${Elements}</var>
<arg>${description_of_holiday_list}</arg>
<doc>Returns a list of WebElement objects matching the ``locator``.</doc>
<msg timestamp="20230412 12:15:48.558" level="INFO">${Elements} = [&lt;selenium.webdriver.remote.webelement.WebElement (session="fbd5f2125a1768a2759d500ca46c39ce", element="b37082a9-53ef-4757-a7e7-db6679e86c9c")&gt;, &lt;selenium.webdriver.remote.webelement.WebElement (sessi...</msg>
<status status="PASS" starttime="20230412 12:15:48.542" endtime="20230412 12:15:48.558"/>
</kw>
<kw name="Set Global Variable" library="BuiltIn">
<arg>${Elements}</arg>
<doc>Makes a variable available globally in all tests and suites.</doc>
<msg timestamp="20230412 12:15:48.566" level="INFO">${Elements} = [&lt;selenium.webdriver.remote.webelement.WebElement (session="fbd5f2125a1768a2759d500ca46c39ce", element="b37082a9-53ef-4757-a7e7-db6679e86c9c")&gt;, &lt;selenium.webdriver.remote.webelement.WebElement (sessi...</msg>
<status status="PASS" starttime="20230412 12:15:48.558" endtime="20230412 12:15:48.566"/>
</kw>
<kw name="Create List" library="BuiltIn">
<var>@{Holiday_list_2022}</var>
<doc>Returns a list containing given items.</doc>
<msg timestamp="20230412 12:15:48.566" level="INFO">@{Holiday_list_2022} = [ ]</msg>
<status status="PASS" starttime="20230412 12:15:48.566" endtime="20230412 12:15:48.566"/>
</kw>
<kw name="Set Global Variable" library="BuiltIn">
<arg>@{Holiday_list_2022}</arg>
<doc>Makes a variable available globally in all tests and suites.</doc>
<msg timestamp="20230412 12:15:48.566" level="INFO">@{Holiday_list_2022} = [ ]</msg>
<status status="PASS" starttime="20230412 12:15:48.566" endtime="20230412 12:15:48.566"/>
</kw>
<for flavor="IN">
<var>${Element}</var>
<value>@{Elements}</value>
<iter>
<var name="${Element}">&lt;selenium.webdriver.remote.webelement.WebElement (session="fbd5f2125a1768a2759d500ca46c39ce", element="b37082a9-53ef-4757-a7e7-db6679e86c9c")&gt;</var>
<kw name="Log" library="BuiltIn">
<arg>${Element.text}</arg>
<doc>Logs the given message with the given level.</doc>
<msg timestamp="20230412 12:15:48.583" level="INFO">New Year's Day</msg>
<status status="PASS" starttime="20230412 12:15:48.566" endtime="20230412 12:15:48.583"/>
</kw>
<kw name="Append To List" library="Collections">
<arg>${Holiday_list_2022}</arg>
<arg>${Element.text}</arg>
<doc>Adds ``values`` to the end of ``list``.</doc>
<status status="PASS" starttime="20230412 12:15:48.583" endtime="20230412 12:15:48.591"/>
</kw>
<status status="PASS" starttime="20230412 12:15:48.566" endtime="20230412 12:15:48.591"/>
</iter>
<iter>
<var name="${Element}">&lt;selenium.webdriver.remote.webelement.WebElement (session="fbd5f2125a1768a2759d500ca46c39ce", element="d587636f-185f-4b8d-b035-d5af0e38c7f7")&gt;</var>
<kw name="Log" library="BuiltIn">
<arg>${Element.text}</arg>
<doc>Logs the given message with the given level.</doc>
<msg timestamp="20230412 12:15:48.615" level="INFO">Bhogi</msg>
<status status="PASS" starttime="20230412 12:15:48.591" endtime="20230412 12:15:48.615"/>
</kw>
<kw name="Append To List" library="Collections">
<arg>${Holiday_list_2022}</arg>
<arg>${Element.text}</arg>
<doc>Adds ``values`` to the end of ``list``.</doc>
<status status="PASS" starttime="20230412 12:15:48.615" endtime="20230412 12:15:48.631"/>
</kw>
<status status="PASS" starttime="20230412 12:15:48.591" endtime="20230412 12:15:48.631"/>
</iter>
<iter>
<var name="${Element}">&lt;selenium.webdriver.remote.webelement.WebElement (session="fbd5f2125a1768a2759d500ca46c39ce", element="fd0f8c56-64cc-44da-a8a6-0f5e4c345341")&gt;</var>
<kw name="Log" library="BuiltIn">
<arg>${Element.text}</arg>
<doc>Logs the given message with the given level.</doc>
<msg timestamp="20230412 12:15:48.655" level="INFO">Uttarayana | Makar Sankranti</msg>
<status status="PASS" starttime="20230412 12:15:48.631" endtime="20230412 12:15:48.655"/>
</kw>
<kw name="Append To List" library="Collections">
<arg>${Holiday_list_2022}</arg>
<arg>${Element.text}</arg>
<doc>Adds ``values`` to the end of ``list``.</doc>
<status status="PASS" starttime="20230412 12:15:48.655" endtime="20230412 12:15:48.671"/>
</kw>
<status status="PASS" starttime="20230412 12:15:48.631" endtime="20230412 12:15:48.671"/>
</iter>
<iter>
<var name="${Element}">&lt;selenium.webdriver.remote.webelement.WebElement (session="fbd5f2125a1768a2759d500ca46c39ce", element="30b145e1-d414-4072-b420-eb1b9cd8715a")&gt;</var>
<kw name="Log" library="BuiltIn">
<arg>${Element.text}</arg>
<doc>Logs the given message with the given level.</doc>
<msg timestamp="20230412 12:15:48.695" level="INFO">Pongal</msg>
<status status="PASS" starttime="20230412 12:15:48.679" endtime="20230412 12:15:48.695"/>
</kw>
<kw name="Append To List" library="Collections">
<arg>${Holiday_list_2022}</arg>
<arg>${Element.text}</arg>
<doc>Adds ``values`` to the end of ``list``.</doc>
<status status="PASS" starttime="20230412 12:15:48.695" endtime="20230412 12:15:48.708"/>
</kw>
<status status="PASS" starttime="20230412 12:15:48.679" endtime="20230412 12:15:48.708"/>
</iter>
<iter>
<var name="${Element}">&lt;selenium.webdriver.remote.webelement.WebElement (session="fbd5f2125a1768a2759d500ca46c39ce", element="96116436-0526-4383-bbd6-8193692856d5")&gt;</var>
<kw name="Log" library="BuiltIn">
<arg>${Element.text}</arg>
<doc>Logs the given message with the given level.</doc>
<msg timestamp="20230412 12:15:48.724" level="INFO">Republic Day</msg>
<status status="PASS" starttime="20230412 12:15:48.708" endtime="20230412 12:15:48.724"/>
</kw>
<kw name="Append To List" library="Collections">
<arg>${Holiday_list_2022}</arg>
<arg>${Element.text}</arg>
<doc>Adds ``values`` to the end of ``list``.</doc>
<status status="PASS" starttime="20230412 12:15:48.724" endtime="20230412 12:15:48.741"/>
</kw>
<status status="PASS" starttime="20230412 12:15:48.708" endtime="20230412 12:15:48.741"/>
</iter>
<iter>
<var name="${Element}">&lt;selenium.webdriver.remote.webelement.WebElement (session="fbd5f2125a1768a2759d500ca46c39ce", element="36682db7-7ec1-45c0-8302-507ea47e18a2")&gt;</var>
<kw name="Log" library="BuiltIn">
<arg>${Element.text}</arg>
<doc>Logs the given message with the given level.</doc>
<msg timestamp="20230412 12:15:48.758" level="INFO">Maha Shivaratri</msg>
<status status="PASS" starttime="20230412 12:15:48.741" endtime="20230412 12:15:48.758"/>
</kw>
<kw name="Append To List" library="Collections">
<arg>${Holiday_list_2022}</arg>
<arg>${Element.text}</arg>
<doc>Adds ``values`` to the end of ``list``.</doc>
<status status="PASS" starttime="20230412 12:15:48.758" endtime="20230412 12:15:48.774"/>
</kw>
<status status="PASS" starttime="20230412 12:15:48.741" endtime="20230412 12:15:48.774"/>
</iter>
<iter>
<var name="${Element}">&lt;selenium.webdriver.remote.webelement.WebElement (session="fbd5f2125a1768a2759d500ca46c39ce", element="3f6aebc2-70e1-412b-aa0b-724f58a6e531")&gt;</var>
<kw name="Log" library="BuiltIn">
<arg>${Element.text}</arg>
<doc>Logs the given message with the given level.</doc>
<msg timestamp="20230412 12:15:48.799" level="INFO">Holi</msg>
<status status="PASS" starttime="20230412 12:15:48.774" endtime="20230412 12:15:48.799"/>
</kw>
<kw name="Append To List" library="Collections">
<arg>${Holiday_list_2022}</arg>
<arg>${Element.text}</arg>
<doc>Adds ``values`` to the end of ``list``.</doc>
<status status="PASS" starttime="20230412 12:15:48.799" endtime="20230412 12:15:48.815"/>
</kw>
<status status="PASS" starttime="20230412 12:15:48.774" endtime="20230412 12:15:48.815"/>
</iter>
<iter>
<var name="${Element}">&lt;selenium.webdriver.remote.webelement.WebElement (session="fbd5f2125a1768a2759d500ca46c39ce", element="67c957ec-fb41-41bb-b3f0-2c7008fe771f")&gt;</var>
<kw name="Log" library="BuiltIn">
<arg>${Element.text}</arg>
<doc>Logs the given message with the given level.</doc>
<msg timestamp="20230412 12:15:48.833" level="INFO">Gudi Parwa</msg>
<status status="PASS" starttime="20230412 12:15:48.815" endtime="20230412 12:15:48.833"/>
</kw>
<kw name="Append To List" library="Collections">
<arg>${Holiday_list_2022}</arg>
<arg>${Element.text}</arg>
<doc>Adds ``values`` to the end of ``list``.</doc>
<status status="PASS" starttime="20230412 12:15:48.833" endtime="20230412 12:15:48.849"/>
</kw>
<status status="PASS" starttime="20230412 12:15:48.815" endtime="20230412 12:15:48.849"/>
</iter>
<iter>
<var name="${Element}">&lt;selenium.webdriver.remote.webelement.WebElement (session="fbd5f2125a1768a2759d500ca46c39ce", element="693bb923-f88e-4bf2-b47c-482b502b1ca6")&gt;</var>
<kw name="Log" library="BuiltIn">
<arg>${Element.text}</arg>
<doc>Logs the given message with the given level.</doc>
<msg timestamp="20230412 12:15:48.866" level="INFO">Ram Navami</msg>
<status status="PASS" starttime="20230412 12:15:48.849" endtime="20230412 12:15:48.866"/>
</kw>
<kw name="Append To List" library="Collections">
<arg>${Holiday_list_2022}</arg>
<arg>${Element.text}</arg>
<doc>Adds ``values`` to the end of ``list``.</doc>
<status status="PASS" starttime="20230412 12:15:48.866" endtime="20230412 12:15:48.882"/>
</kw>
<status status="PASS" starttime="20230412 12:15:48.849" endtime="20230412 12:15:48.882"/>
</iter>
<iter>
<var name="${Element}">&lt;selenium.webdriver.remote.webelement.WebElement (session="fbd5f2125a1768a2759d500ca46c39ce", element="a1214f15-8d6c-4232-bf27-1252a6e85ad8")&gt;</var>
<kw name="Log" library="BuiltIn">
<arg>${Element.text}</arg>
<doc>Logs the given message with the given level.</doc>
<msg timestamp="20230412 12:15:48.905" level="INFO">Ugadi</msg>
<status status="PASS" starttime="20230412 12:15:48.882" endtime="20230412 12:15:48.905"/>
</kw>
<kw name="Append To List" library="Collections">
<arg>${Holiday_list_2022}</arg>
<arg>${Element.text}</arg>
<doc>Adds ``values`` to the end of ``list``.</doc>
<status status="PASS" starttime="20230412 12:15:48.905" endtime="20230412 12:15:48.913"/>
</kw>
<status status="PASS" starttime="20230412 12:15:48.882" endtime="20230412 12:15:48.913"/>
</iter>
<iter>
<var name="${Element}">&lt;selenium.webdriver.remote.webelement.WebElement (session="fbd5f2125a1768a2759d500ca46c39ce", element="659db2f4-079e-49a5-9f50-d61159f1ff39")&gt;</var>
<kw name="Log" library="BuiltIn">
<arg>${Element.text}</arg>
<doc>Logs the given message with the given level.</doc>
<msg timestamp="20230412 12:15:48.939" level="INFO"/>
<status status="PASS" starttime="20230412 12:15:48.921" endtime="20230412 12:15:48.939"/>
</kw>
<kw name="Append To List" library="Collections">
<arg>${Holiday_list_2022}</arg>
<arg>${Element.text}</arg>
<doc>Adds ``values`` to the end of ``list``.</doc>
<status status="PASS" starttime="20230412 12:15:48.939" endtime="20230412 12:15:48.947"/>
</kw>
<status status="PASS" starttime="20230412 12:15:48.921" endtime="20230412 12:15:48.947"/>
</iter>
<iter>
<var name="${Element}">&lt;selenium.webdriver.remote.webelement.WebElement (session="fbd5f2125a1768a2759d500ca46c39ce", element="60a111da-deb8-4779-98c1-0bd4d004f394")&gt;</var>
<kw name="Log" library="BuiltIn">
<arg>${Element.text}</arg>
<doc>Logs the given message with the given level.</doc>
<msg timestamp="20230412 12:15:48.971" level="INFO"/>
<status status="PASS" starttime="20230412 12:15:48.955" endtime="20230412 12:15:48.971"/>
</kw>
<kw name="Append To List" library="Collections">
<arg>${Holiday_list_2022}</arg>
<arg>${Element.text}</arg>
<doc>Adds ``values`` to the end of ``list``.</doc>
<status status="PASS" starttime="20230412 12:15:48.971" endtime="20230412 12:15:48.979"/>
</kw>
<status status="PASS" starttime="20230412 12:15:48.955" endtime="20230412 12:15:48.979"/>
</iter>
<iter>
<var name="${Element}">&lt;selenium.webdriver.remote.webelement.WebElement (session="fbd5f2125a1768a2759d500ca46c39ce", element="28a5a523-2510-4228-aef3-ad45caddb2a3")&gt;</var>
<kw name="Log" library="BuiltIn">
<arg>${Element.text}</arg>
<doc>Logs the given message with the given level.</doc>
<msg timestamp="20230412 12:15:49.002" level="INFO"/>
<status status="PASS" starttime="20230412 12:15:48.979" endtime="20230412 12:15:49.002"/>
</kw>
<kw name="Append To List" library="Collections">
<arg>${Holiday_list_2022}</arg>
<arg>${Element.text}</arg>
<doc>Adds ``values`` to the end of ``list``.</doc>
<status status="PASS" starttime="20230412 12:15:49.002" endtime="20230412 12:15:49.008"/>
</kw>
<status status="PASS" starttime="20230412 12:15:48.979" endtime="20230412 12:15:49.008"/>
</iter>
<iter>
<var name="${Element}">&lt;selenium.webdriver.remote.webelement.WebElement (session="fbd5f2125a1768a2759d500ca46c39ce", element="19d0de27-91c3-43fe-9af6-430ff8278376")&gt;</var>
<kw name="Log" library="BuiltIn">
<arg>${Element.text}</arg>
<doc>Logs the given message with the given level.</doc>
<msg timestamp="20230412 12:15:49.032" level="INFO"/>
<status status="PASS" starttime="20230412 12:15:49.008" endtime="20230412 12:15:49.032"/>
</kw>
<kw name="Append To List" library="Collections">
<arg>${Holiday_list_2022}</arg>
<arg>${Element.text}</arg>
<doc>Adds ``values`` to the end of ``list``.</doc>
<status status="PASS" starttime="20230412 12:15:49.032" endtime="20230412 12:15:49.048"/>
</kw>
<status status="PASS" starttime="20230412 12:15:49.008" endtime="20230412 12:15:49.048"/>
</iter>
<iter>
<var name="${Element}">&lt;selenium.webdriver.remote.webelement.WebElement (session="fbd5f2125a1768a2759d500ca46c39ce", element="0b65dcf9-c14e-4364-a3f8-875b9ea19157")&gt;</var>
<kw name="Log" library="BuiltIn">
<arg>${Element.text}</arg>
<doc>Logs the given message with the given level.</doc>
<msg timestamp="20230412 12:15:49.056" level="INFO"/>
<status status="PASS" starttime="20230412 12:15:49.048" endtime="20230412 12:15:49.056"/>
</kw>
<kw name="Append To List" library="Collections">
<arg>${Holiday_list_2022}</arg>
<arg>${Element.text}</arg>
<doc>Adds ``values`` to the end of ``list``.</doc>
<status status="PASS" starttime="20230412 12:15:49.064" endtime="20230412 12:15:49.072"/>
</kw>
<status status="PASS" starttime="20230412 12:15:49.048" endtime="20230412 12:15:49.072"/>
</iter>
<iter>
<var name="${Element}">&lt;selenium.webdriver.remote.webelement.WebElement (session="fbd5f2125a1768a2759d500ca46c39ce", element="b56278ff-84c8-4281-99dc-b16bd07383c6")&gt;</var>
<kw name="Log" library="BuiltIn">
<arg>${Element.text}</arg>
<doc>Logs the given message with the given level.</doc>
<msg timestamp="20230412 12:15:49.089" level="INFO"/>
<status status="PASS" starttime="20230412 12:15:49.072" endtime="20230412 12:15:49.089"/>
</kw>
<kw name="Append To List" library="Collections">
<arg>${Holiday_list_2022}</arg>
<arg>${Element.text}</arg>
<doc>Adds ``values`` to the end of ``list``.</doc>
<status status="PASS" starttime="20230412 12:15:49.089" endtime="20230412 12:15:49.101"/>
</kw>
<status status="PASS" starttime="20230412 12:15:49.072" endtime="20230412 12:15:49.101"/>
</iter>
<iter>
<var name="${Element}">&lt;selenium.webdriver.remote.webelement.WebElement (session="fbd5f2125a1768a2759d500ca46c39ce", element="3eeab338-8e84-4800-944a-1f0ff438e0d8")&gt;</var>
<kw name="Log" library="BuiltIn">
<arg>${Element.text}</arg>
<doc>Logs the given message with the given level.</doc>
<msg timestamp="20230412 12:15:49.113" level="INFO"/>
<status status="PASS" starttime="20230412 12:15:49.101" endtime="20230412 12:15:49.113"/>
</kw>
<kw name="Append To List" library="Collections">
<arg>${Holiday_list_2022}</arg>
<arg>${Element.text}</arg>
<doc>Adds ``values`` to the end of ``list``.</doc>
<status status="PASS" starttime="20230412 12:15:49.113" endtime="20230412 12:15:49.123"/>
</kw>
<status status="PASS" starttime="20230412 12:15:49.101" endtime="20230412 12:15:49.123"/>
</iter>
<iter>
<var name="${Element}">&lt;selenium.webdriver.remote.webelement.WebElement (session="fbd5f2125a1768a2759d500ca46c39ce", element="dce67acc-4cf4-4d48-8bd9-b85916cf4596")&gt;</var>
<kw name="Log" library="BuiltIn">
<arg>${Element.text}</arg>
<doc>Logs the given message with the given level.</doc>
<msg timestamp="20230412 12:15:49.137" level="INFO"/>
<status status="PASS" starttime="20230412 12:15:49.125" endtime="20230412 12:15:49.137"/>
</kw>
<kw name="Append To List" library="Collections">
<arg>${Holiday_list_2022}</arg>
<arg>${Element.text}</arg>
<doc>Adds ``values`` to the end of ``list``.</doc>
<status status="PASS" starttime="20230412 12:15:49.137" endtime="20230412 12:15:49.148"/>
</kw>
<status status="PASS" starttime="20230412 12:15:49.125" endtime="20230412 12:15:49.148"/>
</iter>
<iter>
<var name="${Element}">&lt;selenium.webdriver.remote.webelement.WebElement (session="fbd5f2125a1768a2759d500ca46c39ce", element="6905e320-a753-4a27-8040-b69f019fa126")&gt;</var>
<kw name="Log" library="BuiltIn">
<arg>${Element.text}</arg>
<doc>Logs the given message with the given level.</doc>
<msg timestamp="20230412 12:15:49.157" level="INFO"/>
<status status="PASS" starttime="20230412 12:15:49.149" endtime="20230412 12:15:49.157"/>
</kw>
<kw name="Append To List" library="Collections">
<arg>${Holiday_list_2022}</arg>
<arg>${Element.text}</arg>
<doc>Adds ``values`` to the end of ``list``.</doc>
<status status="PASS" starttime="20230412 12:15:49.157" endtime="20230412 12:15:49.166"/>
</kw>
<status status="PASS" starttime="20230412 12:15:49.148" endtime="20230412 12:15:49.166"/>
</iter>
<iter>
<var name="${Element}">&lt;selenium.webdriver.remote.webelement.WebElement (session="fbd5f2125a1768a2759d500ca46c39ce", element="9ae18dc8-3b4f-4ff4-9265-258c11a35280")&gt;</var>
<kw name="Log" library="BuiltIn">
<arg>${Element.text}</arg>
<doc>Logs the given message with the given level.</doc>
<msg timestamp="20230412 12:15:49.185" level="INFO"/>
<status status="PASS" starttime="20230412 12:15:49.166" endtime="20230412 12:15:49.185"/>
</kw>
<kw name="Append To List" library="Collections">
<arg>${Holiday_list_2022}</arg>
<arg>${Element.text}</arg>
<doc>Adds ``values`` to the end of ``list``.</doc>
<status status="PASS" starttime="20230412 12:15:49.185" endtime="20230412 12:15:49.193"/>
</kw>
<status status="PASS" starttime="20230412 12:15:49.166" endtime="20230412 12:15:49.193"/>
</iter>
<iter>
<var name="${Element}">&lt;selenium.webdriver.remote.webelement.WebElement (session="fbd5f2125a1768a2759d500ca46c39ce", element="f2bdb502-2434-44ed-9ad0-d7981dd2ee79")&gt;</var>
<kw name="Log" library="BuiltIn">
<arg>${Element.text}</arg>
<doc>Logs the given message with the given level.</doc>
<msg timestamp="20230412 12:15:49.208" level="INFO"/>
<status status="PASS" starttime="20230412 12:15:49.193" endtime="20230412 12:15:49.208"/>
</kw>
<kw name="Append To List" library="Collections">
<arg>${Holiday_list_2022}</arg>
<arg>${Element.text}</arg>
<doc>Adds ``values`` to the end of ``list``.</doc>
<status status="PASS" starttime="20230412 12:15:49.208" endtime="20230412 12:15:49.224"/>
</kw>
<status status="PASS" starttime="20230412 12:15:49.193" endtime="20230412 12:15:49.224"/>
</iter>
<iter>
<var name="${Element}">&lt;selenium.webdriver.remote.webelement.WebElement (session="fbd5f2125a1768a2759d500ca46c39ce", element="e15dded4-07a8-4af4-9947-cc9f5759ae25")&gt;</var>
<kw name="Log" library="BuiltIn">
<arg>${Element.text}</arg>
<doc>Logs the given message with the given level.</doc>
<msg timestamp="20230412 12:15:49.232" level="INFO"/>
<status status="PASS" starttime="20230412 12:15:49.224" endtime="20230412 12:15:49.240"/>
</kw>
<kw name="Append To List" library="Collections">
<arg>${Holiday_list_2022}</arg>
<arg>${Element.text}</arg>
<doc>Adds ``values`` to the end of ``list``.</doc>
<status status="PASS" starttime="20230412 12:15:49.240" endtime="20230412 12:15:49.248"/>
</kw>
<status status="PASS" starttime="20230412 12:15:49.224" endtime="20230412 12:15:49.248"/>
</iter>
<iter>
<var name="${Element}">&lt;selenium.webdriver.remote.webelement.WebElement (session="fbd5f2125a1768a2759d500ca46c39ce", element="e4c7fe89-9517-4ff6-b51e-01b8f32ff2f8")&gt;</var>
<kw name="Log" library="BuiltIn">
<arg>${Element.text}</arg>
<doc>Logs the given message with the given level.</doc>
<msg timestamp="20230412 12:15:49.272" level="INFO"/>
<status status="PASS" starttime="20230412 12:15:49.248" endtime="20230412 12:15:49.272"/>
</kw>
<kw name="Append To List" library="Collections">
<arg>${Holiday_list_2022}</arg>
<arg>${Element.text}</arg>
<doc>Adds ``values`` to the end of ``list``.</doc>
<status status="PASS" starttime="20230412 12:15:49.272" endtime="20230412 12:15:49.280"/>
</kw>
<status status="PASS" starttime="20230412 12:15:49.248" endtime="20230412 12:15:49.288"/>
</iter>
<iter>
<var name="${Element}">&lt;selenium.webdriver.remote.webelement.WebElement (session="fbd5f2125a1768a2759d500ca46c39ce", element="53f4cb0d-cce6-4ece-ba53-5c30412250f1")&gt;</var>
<kw name="Log" library="BuiltIn">
<arg>${Element.text}</arg>
<doc>Logs the given message with the given level.</doc>
<msg timestamp="20230412 12:15:49.304" level="INFO"/>
<status status="PASS" starttime="20230412 12:15:49.288" endtime="20230412 12:15:49.304"/>
</kw>
<kw name="Append To List" library="Collections">
<arg>${Holiday_list_2022}</arg>
<arg>${Element.text}</arg>
<doc>Adds ``values`` to the end of ``list``.</doc>
<status status="PASS" starttime="20230412 12:15:49.304" endtime="20230412 12:15:49.312"/>
</kw>
<status status="PASS" starttime="20230412 12:15:49.288" endtime="20230412 12:15:49.312"/>
</iter>
<iter>
<var name="${Element}">&lt;selenium.webdriver.remote.webelement.WebElement (session="fbd5f2125a1768a2759d500ca46c39ce", element="d1b9c060-4b0f-4895-83fc-1252b4d3d9c1")&gt;</var>
<kw name="Log" library="BuiltIn">
<arg>${Element.text}</arg>
<doc>Logs the given message with the given level.</doc>
<msg timestamp="20230412 12:15:49.328" level="INFO"/>
<status status="PASS" starttime="20230412 12:15:49.312" endtime="20230412 12:15:49.336"/>
</kw>
<kw name="Append To List" library="Collections">
<arg>${Holiday_list_2022}</arg>
<arg>${Element.text}</arg>
<doc>Adds ``values`` to the end of ``list``.</doc>
<status status="PASS" starttime="20230412 12:15:49.336" endtime="20230412 12:15:49.347"/>
</kw>
<status status="PASS" starttime="20230412 12:15:49.312" endtime="20230412 12:15:49.347"/>
</iter>
<iter>
<var name="${Element}">&lt;selenium.webdriver.remote.webelement.WebElement (session="fbd5f2125a1768a2759d500ca46c39ce", element="1b6cec2a-05b4-40b9-a457-6ee0126f92f0")&gt;</var>
<kw name="Log" library="BuiltIn">
<arg>${Element.text}</arg>
<doc>Logs the given message with the given level.</doc>
<msg timestamp="20230412 12:15:49.360" level="INFO"/>
<status status="PASS" starttime="20230412 12:15:49.347" endtime="20230412 12:15:49.360"/>
</kw>
<kw name="Append To List" library="Collections">
<arg>${Holiday_list_2022}</arg>
<arg>${Element.text}</arg>
<doc>Adds ``values`` to the end of ``list``.</doc>
<status status="PASS" starttime="20230412 12:15:49.360" endtime="20230412 12:15:49.360"/>
</kw>
<status status="PASS" starttime="20230412 12:15:49.347" endtime="20230412 12:15:49.360"/>
</iter>
<iter>
<var name="${Element}">&lt;selenium.webdriver.remote.webelement.WebElement (session="fbd5f2125a1768a2759d500ca46c39ce", element="b3be0269-dd2c-44bf-b2ff-77b0d1b1b2b2")&gt;</var>
<kw name="Log" library="BuiltIn">
<arg>${Element.text}</arg>
<doc>Logs the given message with the given level.</doc>
<msg timestamp="20230412 12:15:49.382" level="INFO"/>
<status status="PASS" starttime="20230412 12:15:49.360" endtime="20230412 12:15:49.382"/>
</kw>
<kw name="Append To List" library="Collections">
<arg>${Holiday_list_2022}</arg>
<arg>${Element.text}</arg>
<doc>Adds ``values`` to the end of ``list``.</doc>
<status status="PASS" starttime="20230412 12:15:49.382" endtime="20230412 12:15:49.392"/>
</kw>
<status status="PASS" starttime="20230412 12:15:49.360" endtime="20230412 12:15:49.392"/>
</iter>
<iter>
<var name="${Element}">&lt;selenium.webdriver.remote.webelement.WebElement (session="fbd5f2125a1768a2759d500ca46c39ce", element="cab19d05-5d5a-4ab6-aaf6-e6dceabe3f4d")&gt;</var>
<kw name="Log" library="BuiltIn">
<arg>${Element.text}</arg>
<doc>Logs the given message with the given level.</doc>
<msg timestamp="20230412 12:15:49.403" level="INFO"/>
<status status="PASS" starttime="20230412 12:15:49.392" endtime="20230412 12:15:49.403"/>
</kw>
<kw name="Append To List" library="Collections">
<arg>${Holiday_list_2022}</arg>
<arg>${Element.text}</arg>
<doc>Adds ``values`` to the end of ``list``.</doc>
<status status="PASS" starttime="20230412 12:15:49.403" endtime="20230412 12:15:49.411"/>
</kw>
<status status="PASS" starttime="20230412 12:15:49.392" endtime="20230412 12:15:49.411"/>
</iter>
<iter>
<var name="${Element}">&lt;selenium.webdriver.remote.webelement.WebElement (session="fbd5f2125a1768a2759d500ca46c39ce", element="f4838cb1-f3f8-447c-b3b4-4d8afc89c955")&gt;</var>
<kw name="Log" library="BuiltIn">
<arg>${Element.text}</arg>
<doc>Logs the given message with the given level.</doc>
<msg timestamp="20230412 12:15:49.419" level="INFO"/>
<status status="PASS" starttime="20230412 12:15:49.411" endtime="20230412 12:15:49.419"/>
</kw>
<kw name="Append To List" library="Collections">
<arg>${Holiday_list_2022}</arg>
<arg>${Element.text}</arg>
<doc>Adds ``values`` to the end of ``list``.</doc>
<status status="PASS" starttime="20230412 12:15:49.419" endtime="20230412 12:15:49.435"/>
</kw>
<status status="PASS" starttime="20230412 12:15:49.411" endtime="20230412 12:15:49.435"/>
</iter>
<iter>
<var name="${Element}">&lt;selenium.webdriver.remote.webelement.WebElement (session="fbd5f2125a1768a2759d500ca46c39ce", element="0131421b-4e92-4c14-85d8-f9b4a9a78fce")&gt;</var>
<kw name="Log" library="BuiltIn">
<arg>${Element.text}</arg>
<doc>Logs the given message with the given level.</doc>
<msg timestamp="20230412 12:15:49.443" level="INFO"/>
<status status="PASS" starttime="20230412 12:15:49.435" endtime="20230412 12:15:49.443"/>
</kw>
<kw name="Append To List" library="Collections">
<arg>${Holiday_list_2022}</arg>
<arg>${Element.text}</arg>
<doc>Adds ``values`` to the end of ``list``.</doc>
<status status="PASS" starttime="20230412 12:15:49.443" endtime="20230412 12:15:49.460"/>
</kw>
<status status="PASS" starttime="20230412 12:15:49.435" endtime="20230412 12:15:49.460"/>
</iter>
<iter>
<var name="${Element}">&lt;selenium.webdriver.remote.webelement.WebElement (session="fbd5f2125a1768a2759d500ca46c39ce", element="8318776f-ae2b-470b-8d66-8a9a97561bb6")&gt;</var>
<kw name="Log" library="BuiltIn">
<arg>${Element.text}</arg>
<doc>Logs the given message with the given level.</doc>
<msg timestamp="20230412 12:15:49.476" level="INFO"/>
<status status="PASS" starttime="20230412 12:15:49.460" endtime="20230412 12:15:49.476"/>
</kw>
<kw name="Append To List" library="Collections">
<arg>${Holiday_list_2022}</arg>
<arg>${Element.text}</arg>
<doc>Adds ``values`` to the end of ``list``.</doc>
<status status="PASS" starttime="20230412 12:15:49.476" endtime="20230412 12:15:49.488"/>
</kw>
<status status="PASS" starttime="20230412 12:15:49.460" endtime="20230412 12:15:49.488"/>
</iter>
<status status="PASS" starttime="20230412 12:15:48.566" endtime="20230412 12:15:49.488"/>
</for>
<kw name="Click Element" library="SeleniumLibrary">
<arg>${click_pagination_2}</arg>
<doc>Click the element identified by ``locator``.</doc>
<msg timestamp="20230412 12:15:49.489" level="INFO">Clicking element 'css:a[id='2']'.</msg>
<status status="PASS" starttime="20230412 12:15:49.489" endtime="20230412 12:15:49.543"/>
</kw>
<for flavor="IN">
<var>${Element}</var>
<value>@{Elements}</value>
<iter>
<var name="${Element}">&lt;selenium.webdriver.remote.webelement.WebElement (session="fbd5f2125a1768a2759d500ca46c39ce", element="b37082a9-53ef-4757-a7e7-db6679e86c9c")&gt;</var>
<kw name="Log" library="BuiltIn">
<arg>${Element.text}</arg>
<doc>Logs the given message with the given level.</doc>
<msg timestamp="20230412 12:15:49.557" level="INFO"/>
<status status="PASS" starttime="20230412 12:15:49.543" endtime="20230412 12:15:49.557"/>
</kw>
<kw name="Append To List" library="Collections">
<arg>${Holiday_list_2022}</arg>
<arg>${Element.text}</arg>
<doc>Adds ``values`` to the end of ``list``.</doc>
<status status="PASS" starttime="20230412 12:15:49.557" endtime="20230412 12:15:49.566"/>
</kw>
<status status="PASS" starttime="20230412 12:15:49.543" endtime="20230412 12:15:49.566"/>
</iter>
<iter>
<var name="${Element}">&lt;selenium.webdriver.remote.webelement.WebElement (session="fbd5f2125a1768a2759d500ca46c39ce", element="d587636f-185f-4b8d-b035-d5af0e38c7f7")&gt;</var>
<kw name="Log" library="BuiltIn">
<arg>${Element.text}</arg>
<doc>Logs the given message with the given level.</doc>
<msg timestamp="20230412 12:15:49.583" level="INFO"/>
<status status="PASS" starttime="20230412 12:15:49.566" endtime="20230412 12:15:49.583"/>
</kw>
<kw name="Append To List" library="Collections">
<arg>${Holiday_list_2022}</arg>
<arg>${Element.text}</arg>
<doc>Adds ``values`` to the end of ``list``.</doc>
<status status="PASS" starttime="20230412 12:15:49.583" endtime="20230412 12:15:49.591"/>
</kw>
<status status="PASS" starttime="20230412 12:15:49.566" endtime="20230412 12:15:49.599"/>
</iter>
<iter>
<var name="${Element}">&lt;selenium.webdriver.remote.webelement.WebElement (session="fbd5f2125a1768a2759d500ca46c39ce", element="fd0f8c56-64cc-44da-a8a6-0f5e4c345341")&gt;</var>
<kw name="Log" library="BuiltIn">
<arg>${Element.text}</arg>
<doc>Logs the given message with the given level.</doc>
<msg timestamp="20230412 12:15:49.607" level="INFO"/>
<status status="PASS" starttime="20230412 12:15:49.599" endtime="20230412 12:15:49.607"/>
</kw>
<kw name="Append To List" library="Collections">
<arg>${Holiday_list_2022}</arg>
<arg>${Element.text}</arg>
<doc>Adds ``values`` to the end of ``list``.</doc>
<status status="PASS" starttime="20230412 12:15:49.607" endtime="20230412 12:15:49.623"/>
</kw>
<status status="PASS" starttime="20230412 12:15:49.599" endtime="20230412 12:15:49.623"/>
</iter>
<iter>
<var name="${Element}">&lt;selenium.webdriver.remote.webelement.WebElement (session="fbd5f2125a1768a2759d500ca46c39ce", element="30b145e1-d414-4072-b420-eb1b9cd8715a")&gt;</var>
<kw name="Log" library="BuiltIn">
<arg>${Element.text}</arg>
<doc>Logs the given message with the given level.</doc>
<msg timestamp="20230412 12:15:49.631" level="INFO"/>
<status status="PASS" starttime="20230412 12:15:49.623" endtime="20230412 12:15:49.631"/>
</kw>
<kw name="Append To List" library="Collections">
<arg>${Holiday_list_2022}</arg>
<arg>${Element.text}</arg>
<doc>Adds ``values`` to the end of ``list``.</doc>
<status status="PASS" starttime="20230412 12:15:49.631" endtime="20230412 12:15:49.647"/>
</kw>
<status status="PASS" starttime="20230412 12:15:49.623" endtime="20230412 12:15:49.647"/>
</iter>
<iter>
<var name="${Element}">&lt;selenium.webdriver.remote.webelement.WebElement (session="fbd5f2125a1768a2759d500ca46c39ce", element="96116436-0526-4383-bbd6-8193692856d5")&gt;</var>
<kw name="Log" library="BuiltIn">
<arg>${Element.text}</arg>
<doc>Logs the given message with the given level.</doc>
<msg timestamp="20230412 12:15:49.663" level="INFO"/>
<status status="PASS" starttime="20230412 12:15:49.647" endtime="20230412 12:15:49.663"/>
</kw>
<kw name="Append To List" library="Collections">
<arg>${Holiday_list_2022}</arg>
<arg>${Element.text}</arg>
<doc>Adds ``values`` to the end of ``list``.</doc>
<status status="PASS" starttime="20230412 12:15:49.663" endtime="20230412 12:15:49.671"/>
</kw>
<status status="PASS" starttime="20230412 12:15:49.647" endtime="20230412 12:15:49.671"/>
</iter>
<iter>
<var name="${Element}">&lt;selenium.webdriver.remote.webelement.WebElement (session="fbd5f2125a1768a2759d500ca46c39ce", element="36682db7-7ec1-45c0-8302-507ea47e18a2")&gt;</var>
<kw name="Log" library="BuiltIn">
<arg>${Element.text}</arg>
<doc>Logs the given message with the given level.</doc>
<msg timestamp="20230412 12:15:49.687" level="INFO"/>
<status status="PASS" starttime="20230412 12:15:49.671" endtime="20230412 12:15:49.687"/>
</kw>
<kw name="Append To List" library="Collections">
<arg>${Holiday_list_2022}</arg>
<arg>${Element.text}</arg>
<doc>Adds ``values`` to the end of ``list``.</doc>
<status status="PASS" starttime="20230412 12:15:49.687" endtime="20230412 12:15:49.695"/>
</kw>
<status status="PASS" starttime="20230412 12:15:49.671" endtime="20230412 12:15:49.695"/>
</iter>
<iter>
<var name="${Element}">&lt;selenium.webdriver.remote.webelement.WebElement (session="fbd5f2125a1768a2759d500ca46c39ce", element="3f6aebc2-70e1-412b-aa0b-724f58a6e531")&gt;</var>
<kw name="Log" library="BuiltIn">
<arg>${Element.text}</arg>
<doc>Logs the given message with the given level.</doc>
<msg timestamp="20230412 12:15:49.711" level="INFO"/>
<status status="PASS" starttime="20230412 12:15:49.695" endtime="20230412 12:15:49.711"/>
</kw>
<kw name="Append To List" library="Collections">
<arg>${Holiday_list_2022}</arg>
<arg>${Element.text}</arg>
<doc>Adds ``values`` to the end of ``list``.</doc>
<status status="PASS" starttime="20230412 12:15:49.711" endtime="20230412 12:15:49.727"/>
</kw>
<status status="PASS" starttime="20230412 12:15:49.695" endtime="20230412 12:15:49.727"/>
</iter>
<iter>
<var name="${Element}">&lt;selenium.webdriver.remote.webelement.WebElement (session="fbd5f2125a1768a2759d500ca46c39ce", element="67c957ec-fb41-41bb-b3f0-2c7008fe771f")&gt;</var>
<kw name="Log" library="BuiltIn">
<arg>${Element.text}</arg>
<doc>Logs the given message with the given level.</doc>
<msg timestamp="20230412 12:15:49.735" level="INFO"/>
<status status="PASS" starttime="20230412 12:15:49.727" endtime="20230412 12:15:49.735"/>
</kw>
<kw name="Append To List" library="Collections">
<arg>${Holiday_list_2022}</arg>
<arg>${Element.text}</arg>
<doc>Adds ``values`` to the end of ``list``.</doc>
<status status="PASS" starttime="20230412 12:15:49.735" endtime="20230412 12:15:49.751"/>
</kw>
<status status="PASS" starttime="20230412 12:15:49.727" endtime="20230412 12:15:49.751"/>
</iter>
<iter>
<var name="${Element}">&lt;selenium.webdriver.remote.webelement.WebElement (session="fbd5f2125a1768a2759d500ca46c39ce", element="693bb923-f88e-4bf2-b47c-482b502b1ca6")&gt;</var>
<kw name="Log" library="BuiltIn">
<arg>${Element.text}</arg>
<doc>Logs the given message with the given level.</doc>
<msg timestamp="20230412 12:15:49.759" level="INFO"/>
<status status="PASS" starttime="20230412 12:15:49.751" endtime="20230412 12:15:49.759"/>
</kw>
<kw name="Append To List" library="Collections">
<arg>${Holiday_list_2022}</arg>
<arg>${Element.text}</arg>
<doc>Adds ``values`` to the end of ``list``.</doc>
<status status="PASS" starttime="20230412 12:15:49.759" endtime="20230412 12:15:49.775"/>
</kw>
<status status="PASS" starttime="20230412 12:15:49.751" endtime="20230412 12:15:49.775"/>
</iter>
<iter>
<var name="${Element}">&lt;selenium.webdriver.remote.webelement.WebElement (session="fbd5f2125a1768a2759d500ca46c39ce", element="a1214f15-8d6c-4232-bf27-1252a6e85ad8")&gt;</var>
<kw name="Log" library="BuiltIn">
<arg>${Element.text}</arg>
<doc>Logs the given message with the given level.</doc>
<msg timestamp="20230412 12:15:49.783" level="INFO"/>
<status status="PASS" starttime="20230412 12:15:49.775" endtime="20230412 12:15:49.783"/>
</kw>
<kw name="Append To List" library="Collections">
<arg>${Holiday_list_2022}</arg>
<arg>${Element.text}</arg>
<doc>Adds ``values`` to the end of ``list``.</doc>
<status status="PASS" starttime="20230412 12:15:49.783" endtime="20230412 12:15:49.799"/>
</kw>
<status status="PASS" starttime="20230412 12:15:49.775" endtime="20230412 12:15:49.799"/>
</iter>
<iter>
<var name="${Element}">&lt;selenium.webdriver.remote.webelement.WebElement (session="fbd5f2125a1768a2759d500ca46c39ce", element="659db2f4-079e-49a5-9f50-d61159f1ff39")&gt;</var>
<kw name="Log" library="BuiltIn">
<arg>${Element.text}</arg>
<doc>Logs the given message with the given level.</doc>
<msg timestamp="20230412 12:15:49.815" level="INFO">Good Friday</msg>
<status status="PASS" starttime="20230412 12:15:49.799" endtime="20230412 12:15:49.815"/>
</kw>
<kw name="Append To List" library="Collections">
<arg>${Holiday_list_2022}</arg>
<arg>${Element.text}</arg>
<doc>Adds ``values`` to the end of ``list``.</doc>
<status status="PASS" starttime="20230412 12:15:49.815" endtime="20230412 12:15:49.824"/>
</kw>
<status status="PASS" starttime="20230412 12:15:49.799" endtime="20230412 12:15:49.824"/>
</iter>
<iter>
<var name="${Element}">&lt;selenium.webdriver.remote.webelement.WebElement (session="fbd5f2125a1768a2759d500ca46c39ce", element="60a111da-deb8-4779-98c1-0bd4d004f394")&gt;</var>
<kw name="Log" library="BuiltIn">
<arg>${Element.text}</arg>
<doc>Logs the given message with the given level.</doc>
<msg timestamp="20230412 12:15:49.840" level="INFO">Id-ul Fitr</msg>
<status status="PASS" starttime="20230412 12:15:49.824" endtime="20230412 12:15:49.840"/>
</kw>
<kw name="Append To List" library="Collections">
<arg>${Holiday_list_2022}</arg>
<arg>${Element.text}</arg>
<doc>Adds ``values`` to the end of ``list``.</doc>
<status status="PASS" starttime="20230412 12:15:49.840" endtime="20230412 12:15:49.848"/>
</kw>
<status status="PASS" starttime="20230412 12:15:49.824" endtime="20230412 12:15:49.848"/>
</iter>
<iter>
<var name="${Element}">&lt;selenium.webdriver.remote.webelement.WebElement (session="fbd5f2125a1768a2759d500ca46c39ce", element="28a5a523-2510-4228-aef3-ad45caddb2a3")&gt;</var>
<kw name="Log" library="BuiltIn">
<arg>${Element.text}</arg>
<doc>Logs the given message with the given level.</doc>
<msg timestamp="20230412 12:15:49.864" level="INFO">Rath Yatra</msg>
<status status="PASS" starttime="20230412 12:15:49.848" endtime="20230412 12:15:49.864"/>
</kw>
<kw name="Append To List" library="Collections">
<arg>${Holiday_list_2022}</arg>
<arg>${Element.text}</arg>
<doc>Adds ``values`` to the end of ``list``.</doc>
<status status="PASS" starttime="20230412 12:15:49.864" endtime="20230412 12:15:49.875"/>
</kw>
<status status="PASS" starttime="20230412 12:15:49.848" endtime="20230412 12:15:49.875"/>
</iter>
<iter>
<var name="${Element}">&lt;selenium.webdriver.remote.webelement.WebElement (session="fbd5f2125a1768a2759d500ca46c39ce", element="19d0de27-91c3-43fe-9af6-430ff8278376")&gt;</var>
<kw name="Log" library="BuiltIn">
<arg>${Element.text}</arg>
<doc>Logs the given message with the given level.</doc>
<msg timestamp="20230412 12:15:49.888" level="INFO">Bakrid / Eid al Adha Holiday</msg>
<status status="PASS" starttime="20230412 12:15:49.875" endtime="20230412 12:15:49.888"/>
</kw>
<kw name="Append To List" library="Collections">
<arg>${Holiday_list_2022}</arg>
<arg>${Element.text}</arg>
<doc>Adds ``values`` to the end of ``list``.</doc>
<status status="PASS" starttime="20230412 12:15:49.888" endtime="20230412 12:15:49.901"/>
</kw>
<status status="PASS" starttime="20230412 12:15:49.875" endtime="20230412 12:15:49.901"/>
</iter>
<iter>
<var name="${Element}">&lt;selenium.webdriver.remote.webelement.WebElement (session="fbd5f2125a1768a2759d500ca46c39ce", element="0b65dcf9-c14e-4364-a3f8-875b9ea19157")&gt;</var>
<kw name="Log" library="BuiltIn">
<arg>${Element.text}</arg>
<doc>Logs the given message with the given level.</doc>
<msg timestamp="20230412 12:15:49.915" level="INFO">Moharram</msg>
<status status="PASS" starttime="20230412 12:15:49.901" endtime="20230412 12:15:49.915"/>
</kw>
<kw name="Append To List" library="Collections">
<arg>${Holiday_list_2022}</arg>
<arg>${Element.text}</arg>
<doc>Adds ``values`` to the end of ``list``.</doc>
<status status="PASS" starttime="20230412 12:15:49.915" endtime="20230412 12:15:49.923"/>
</kw>
<status status="PASS" starttime="20230412 12:15:49.901" endtime="20230412 12:15:49.923"/>
</iter>
<iter>
<var name="${Element}">&lt;selenium.webdriver.remote.webelement.WebElement (session="fbd5f2125a1768a2759d500ca46c39ce", element="b56278ff-84c8-4281-99dc-b16bd07383c6")&gt;</var>
<kw name="Log" library="BuiltIn">
<arg>${Element.text}</arg>
<doc>Logs the given message with the given level.</doc>
<msg timestamp="20230412 12:15:49.947" level="INFO">Raksha Bandhan</msg>
<status status="PASS" starttime="20230412 12:15:49.931" endtime="20230412 12:15:49.947"/>
</kw>
<kw name="Append To List" library="Collections">
<arg>${Holiday_list_2022}</arg>
<arg>${Element.text}</arg>
<doc>Adds ``values`` to the end of ``list``.</doc>
<status status="PASS" starttime="20230412 12:15:49.947" endtime="20230412 12:15:49.955"/>
</kw>
<status status="PASS" starttime="20230412 12:15:49.923" endtime="20230412 12:15:49.955"/>
</iter>
<iter>
<var name="${Element}">&lt;selenium.webdriver.remote.webelement.WebElement (session="fbd5f2125a1768a2759d500ca46c39ce", element="3eeab338-8e84-4800-944a-1f0ff438e0d8")&gt;</var>
<kw name="Log" library="BuiltIn">
<arg>${Element.text}</arg>
<doc>Logs the given message with the given level.</doc>
<msg timestamp="20230412 12:15:49.974" level="INFO">Independence Day</msg>
<status status="PASS" starttime="20230412 12:15:49.963" endtime="20230412 12:15:49.977"/>
</kw>
<kw name="Append To List" library="Collections">
<arg>${Holiday_list_2022}</arg>
<arg>${Element.text}</arg>
<doc>Adds ``values`` to the end of ``list``.</doc>
<status status="PASS" starttime="20230412 12:15:49.977" endtime="20230412 12:15:49.977"/>
</kw>
<status status="PASS" starttime="20230412 12:15:49.963" endtime="20230412 12:15:49.977"/>
</iter>
<iter>
<var name="${Element}">&lt;selenium.webdriver.remote.webelement.WebElement (session="fbd5f2125a1768a2759d500ca46c39ce", element="dce67acc-4cf4-4d48-8bd9-b85916cf4596")&gt;</var>
<kw name="Log" library="BuiltIn">
<arg>${Element.text}</arg>
<doc>Logs the given message with the given level.</doc>
<msg timestamp="20230412 12:15:49.999" level="INFO">Parasi New Year Day</msg>
<status status="PASS" starttime="20230412 12:15:49.977" endtime="20230412 12:15:49.999"/>
</kw>
<kw name="Append To List" library="Collections">
<arg>${Holiday_list_2022}</arg>
<arg>${Element.text}</arg>
<doc>Adds ``values`` to the end of ``list``.</doc>
<status status="PASS" starttime="20230412 12:15:49.999" endtime="20230412 12:15:50.016"/>
</kw>
<status status="PASS" starttime="20230412 12:15:49.977" endtime="20230412 12:15:50.016"/>
</iter>
<iter>
<var name="${Element}">&lt;selenium.webdriver.remote.webelement.WebElement (session="fbd5f2125a1768a2759d500ca46c39ce", element="6905e320-a753-4a27-8040-b69f019fa126")&gt;</var>
<kw name="Log" library="BuiltIn">
<arg>${Element.text}</arg>
<doc>Logs the given message with the given level.</doc>
<msg timestamp="20230412 12:15:50.032" level="INFO">Janmashtami</msg>
<status status="PASS" starttime="20230412 12:15:50.016" endtime="20230412 12:15:50.032"/>
</kw>
<kw name="Append To List" library="Collections">
<arg>${Holiday_list_2022}</arg>
<arg>${Element.text}</arg>
<doc>Adds ``values`` to the end of ``list``.</doc>
<status status="PASS" starttime="20230412 12:15:50.032" endtime="20230412 12:15:50.048"/>
</kw>
<status status="PASS" starttime="20230412 12:15:50.016" endtime="20230412 12:15:50.048"/>
</iter>
<iter>
<var name="${Element}">&lt;selenium.webdriver.remote.webelement.WebElement (session="fbd5f2125a1768a2759d500ca46c39ce", element="9ae18dc8-3b4f-4ff4-9265-258c11a35280")&gt;</var>
<kw name="Log" library="BuiltIn">
<arg>${Element.text}</arg>
<doc>Logs the given message with the given level.</doc>
<msg timestamp="20230412 12:15:50.063" level="INFO">Ganesh Chaturthi</msg>
<status status="PASS" starttime="20230412 12:15:50.048" endtime="20230412 12:15:50.063"/>
</kw>
<kw name="Append To List" library="Collections">
<arg>${Holiday_list_2022}</arg>
<arg>${Element.text}</arg>
<doc>Adds ``values`` to the end of ``list``.</doc>
<status status="PASS" starttime="20230412 12:15:50.063" endtime="20230412 12:15:50.071"/>
</kw>
<status status="PASS" starttime="20230412 12:15:50.048" endtime="20230412 12:15:50.071"/>
</iter>
<iter>
<var name="${Element}">&lt;selenium.webdriver.remote.webelement.WebElement (session="fbd5f2125a1768a2759d500ca46c39ce", element="f2bdb502-2434-44ed-9ad0-d7981dd2ee79")&gt;</var>
<kw name="Log" library="BuiltIn">
<arg>${Element.text}</arg>
<doc>Logs the given message with the given level.</doc>
<msg timestamp="20230412 12:15:50.087" level="INFO"/>
<status status="PASS" starttime="20230412 12:15:50.071" endtime="20230412 12:15:50.087"/>
</kw>
<kw name="Append To List" library="Collections">
<arg>${Holiday_list_2022}</arg>
<arg>${Element.text}</arg>
<doc>Adds ``values`` to the end of ``list``.</doc>
<status status="PASS" starttime="20230412 12:15:50.087" endtime="20230412 12:15:50.095"/>
</kw>
<status status="PASS" starttime="20230412 12:15:50.071" endtime="20230412 12:15:50.095"/>
</iter>
<iter>
<var name="${Element}">&lt;selenium.webdriver.remote.webelement.WebElement (session="fbd5f2125a1768a2759d500ca46c39ce", element="e15dded4-07a8-4af4-9947-cc9f5759ae25")&gt;</var>
<kw name="Log" library="BuiltIn">
<arg>${Element.text}</arg>
<doc>Logs the given message with the given level.</doc>
<msg timestamp="20230412 12:15:50.115" level="INFO"/>
<status status="PASS" starttime="20230412 12:15:50.104" endtime="20230412 12:15:50.115"/>
</kw>
<kw name="Append To List" library="Collections">
<arg>${Holiday_list_2022}</arg>
<arg>${Element.text}</arg>
<doc>Adds ``values`` to the end of ``list``.</doc>
<status status="PASS" starttime="20230412 12:15:50.115" endtime="20230412 12:15:50.128"/>
</kw>
<status status="PASS" starttime="20230412 12:15:50.095" endtime="20230412 12:15:50.128"/>
</iter>
<iter>
<var name="${Element}">&lt;selenium.webdriver.remote.webelement.WebElement (session="fbd5f2125a1768a2759d500ca46c39ce", element="e4c7fe89-9517-4ff6-b51e-01b8f32ff2f8")&gt;</var>
<kw name="Log" library="BuiltIn">
<arg>${Element.text}</arg>
<doc>Logs the given message with the given level.</doc>
<msg timestamp="20230412 12:15:50.135" level="INFO"/>
<status status="PASS" starttime="20230412 12:15:50.128" endtime="20230412 12:15:50.135"/>
</kw>
<kw name="Append To List" library="Collections">
<arg>${Holiday_list_2022}</arg>
<arg>${Element.text}</arg>
<doc>Adds ``values`` to the end of ``list``.</doc>
<status status="PASS" starttime="20230412 12:15:50.135" endtime="20230412 12:15:50.151"/>
</kw>
<status status="PASS" starttime="20230412 12:15:50.128" endtime="20230412 12:15:50.151"/>
</iter>
<iter>
<var name="${Element}">&lt;selenium.webdriver.remote.webelement.WebElement (session="fbd5f2125a1768a2759d500ca46c39ce", element="53f4cb0d-cce6-4ece-ba53-5c30412250f1")&gt;</var>
<kw name="Log" library="BuiltIn">
<arg>${Element.text}</arg>
<doc>Logs the given message with the given level.</doc>
<msg timestamp="20230412 12:15:50.167" level="INFO"/>
<status status="PASS" starttime="20230412 12:15:50.151" endtime="20230412 12:15:50.167"/>
</kw>
<kw name="Append To List" library="Collections">
<arg>${Holiday_list_2022}</arg>
<arg>${Element.text}</arg>
<doc>Adds ``values`` to the end of ``list``.</doc>
<status status="PASS" starttime="20230412 12:15:50.167" endtime="20230412 12:15:50.175"/>
</kw>
<status status="PASS" starttime="20230412 12:15:50.151" endtime="20230412 12:15:50.175"/>
</iter>
<iter>
<var name="${Element}">&lt;selenium.webdriver.remote.webelement.WebElement (session="fbd5f2125a1768a2759d500ca46c39ce", element="d1b9c060-4b0f-4895-83fc-1252b4d3d9c1")&gt;</var>
<kw name="Log" library="BuiltIn">
<arg>${Element.text}</arg>
<doc>Logs the given message with the given level.</doc>
<msg timestamp="20230412 12:15:50.191" level="INFO"/>
<status status="PASS" starttime="20230412 12:15:50.175" endtime="20230412 12:15:50.191"/>
</kw>
<kw name="Append To List" library="Collections">
<arg>${Holiday_list_2022}</arg>
<arg>${Element.text}</arg>
<doc>Adds ``values`` to the end of ``list``.</doc>
<status status="PASS" starttime="20230412 12:15:50.191" endtime="20230412 12:15:50.207"/>
</kw>
<status status="PASS" starttime="20230412 12:15:50.175" endtime="20230412 12:15:50.207"/>
</iter>
<iter>
<var name="${Element}">&lt;selenium.webdriver.remote.webelement.WebElement (session="fbd5f2125a1768a2759d500ca46c39ce", element="1b6cec2a-05b4-40b9-a457-6ee0126f92f0")&gt;</var>
<kw name="Log" library="BuiltIn">
<arg>${Element.text}</arg>
<doc>Logs the given message with the given level.</doc>
<msg timestamp="20230412 12:15:50.223" level="INFO"/>
<status status="PASS" starttime="20230412 12:15:50.207" endtime="20230412 12:15:50.223"/>
</kw>
<kw name="Append To List" library="Collections">
<arg>${Holiday_list_2022}</arg>
<arg>${Element.text}</arg>
<doc>Adds ``values`` to the end of ``list``.</doc>
<status status="PASS" starttime="20230412 12:15:50.223" endtime="20230412 12:15:50.227"/>
</kw>
<status status="PASS" starttime="20230412 12:15:50.207" endtime="20230412 12:15:50.227"/>
</iter>
<iter>
<var name="${Element}">&lt;selenium.webdriver.remote.webelement.WebElement (session="fbd5f2125a1768a2759d500ca46c39ce", element="b3be0269-dd2c-44bf-b2ff-77b0d1b1b2b2")&gt;</var>
<kw name="Log" library="BuiltIn">
<arg>${Element.text}</arg>
<doc>Logs the given message with the given level.</doc>
<msg timestamp="20230412 12:15:50.249" level="INFO"/>
<status status="PASS" starttime="20230412 12:15:50.227" endtime="20230412 12:15:50.249"/>
</kw>
<kw name="Append To List" library="Collections">
<arg>${Holiday_list_2022}</arg>
<arg>${Element.text}</arg>
<doc>Adds ``values`` to the end of ``list``.</doc>
<status status="PASS" starttime="20230412 12:15:50.253" endtime="20230412 12:15:50.261"/>
</kw>
<status status="PASS" starttime="20230412 12:15:50.227" endtime="20230412 12:15:50.261"/>
</iter>
<iter>
<var name="${Element}">&lt;selenium.webdriver.remote.webelement.WebElement (session="fbd5f2125a1768a2759d500ca46c39ce", element="cab19d05-5d5a-4ab6-aaf6-e6dceabe3f4d")&gt;</var>
<kw name="Log" library="BuiltIn">
<arg>${Element.text}</arg>
<doc>Logs the given message with the given level.</doc>
<msg timestamp="20230412 12:15:50.277" level="INFO"/>
<status status="PASS" starttime="20230412 12:15:50.261" endtime="20230412 12:15:50.277"/>
</kw>
<kw name="Append To List" library="Collections">
<arg>${Holiday_list_2022}</arg>
<arg>${Element.text}</arg>
<doc>Adds ``values`` to the end of ``list``.</doc>
<status status="PASS" starttime="20230412 12:15:50.277" endtime="20230412 12:15:50.293"/>
</kw>
<status status="PASS" starttime="20230412 12:15:50.261" endtime="20230412 12:15:50.293"/>
</iter>
<iter>
<var name="${Element}">&lt;selenium.webdriver.remote.webelement.WebElement (session="fbd5f2125a1768a2759d500ca46c39ce", element="f4838cb1-f3f8-447c-b3b4-4d8afc89c955")&gt;</var>
<kw name="Log" library="BuiltIn">
<arg>${Element.text}</arg>
<doc>Logs the given message with the given level.</doc>
<msg timestamp="20230412 12:15:50.301" level="INFO"/>
<status status="PASS" starttime="20230412 12:15:50.293" endtime="20230412 12:15:50.301"/>
</kw>
<kw name="Append To List" library="Collections">
<arg>${Holiday_list_2022}</arg>
<arg>${Element.text}</arg>
<doc>Adds ``values`` to the end of ``list``.</doc>
<status status="PASS" starttime="20230412 12:15:50.301" endtime="20230412 12:15:50.318"/>
</kw>
<status status="PASS" starttime="20230412 12:15:50.293" endtime="20230412 12:15:50.318"/>
</iter>
<iter>
<var name="${Element}">&lt;selenium.webdriver.remote.webelement.WebElement (session="fbd5f2125a1768a2759d500ca46c39ce", element="0131421b-4e92-4c14-85d8-f9b4a9a78fce")&gt;</var>
<kw name="Log" library="BuiltIn">
<arg>${Element.text}</arg>
<doc>Logs the given message with the given level.</doc>
<msg timestamp="20230412 12:15:50.324" level="INFO"/>
<status status="PASS" starttime="20230412 12:15:50.318" endtime="20230412 12:15:50.324"/>
</kw>
<kw name="Append To List" library="Collections">
<arg>${Holiday_list_2022}</arg>
<arg>${Element.text}</arg>
<doc>Adds ``values`` to the end of ``list``.</doc>
<status status="PASS" starttime="20230412 12:15:50.324" endtime="20230412 12:15:50.342"/>
</kw>
<status status="PASS" starttime="20230412 12:15:50.318" endtime="20230412 12:15:50.342"/>
</iter>
<iter>
<var name="${Element}">&lt;selenium.webdriver.remote.webelement.WebElement (session="fbd5f2125a1768a2759d500ca46c39ce", element="8318776f-ae2b-470b-8d66-8a9a97561bb6")&gt;</var>
<kw name="Log" library="BuiltIn">
<arg>${Element.text}</arg>
<doc>Logs the given message with the given level.</doc>
<msg timestamp="20230412 12:15:50.350" level="INFO"/>
<status status="PASS" starttime="20230412 12:15:50.342" endtime="20230412 12:15:50.350"/>
</kw>
<kw name="Append To List" library="Collections">
<arg>${Holiday_list_2022}</arg>
<arg>${Element.text}</arg>
<doc>Adds ``values`` to the end of ``list``.</doc>
<status status="PASS" starttime="20230412 12:15:50.350" endtime="20230412 12:15:50.367"/>
</kw>
<status status="PASS" starttime="20230412 12:15:50.342" endtime="20230412 12:15:50.367"/>
</iter>
<status status="PASS" starttime="20230412 12:15:49.543" endtime="20230412 12:15:50.367"/>
</for>
<kw name="Click Element" library="SeleniumLibrary">
<arg>${click_pagination_3}</arg>
<doc>Click the element identified by ``locator``.</doc>
<msg timestamp="20230412 12:15:50.367" level="INFO">Clicking element 'css:a[id='3']'.</msg>
<status status="PASS" starttime="20230412 12:15:50.367" endtime="20230412 12:15:50.416"/>
</kw>
<for flavor="IN">
<var>${Element}</var>
<value>@{Elements}</value>
<iter>
<var name="${Element}">&lt;selenium.webdriver.remote.webelement.WebElement (session="fbd5f2125a1768a2759d500ca46c39ce", element="b37082a9-53ef-4757-a7e7-db6679e86c9c")&gt;</var>
<kw name="Log" library="BuiltIn">
<arg>${Element.text}</arg>
<doc>Logs the given message with the given level.</doc>
<msg timestamp="20230412 12:15:50.428" level="INFO"/>
<status status="PASS" starttime="20230412 12:15:50.417" endtime="20230412 12:15:50.428"/>
</kw>
<kw name="Append To List" library="Collections">
<arg>${Holiday_list_2022}</arg>
<arg>${Element.text}</arg>
<doc>Adds ``values`` to the end of ``list``.</doc>
<status status="PASS" starttime="20230412 12:15:50.428" endtime="20230412 12:15:50.441"/>
</kw>
<status status="PASS" starttime="20230412 12:15:50.417" endtime="20230412 12:15:50.441"/>
</iter>
<iter>
<var name="${Element}">&lt;selenium.webdriver.remote.webelement.WebElement (session="fbd5f2125a1768a2759d500ca46c39ce", element="d587636f-185f-4b8d-b035-d5af0e38c7f7")&gt;</var>
<kw name="Log" library="BuiltIn">
<arg>${Element.text}</arg>
<doc>Logs the given message with the given level.</doc>
<msg timestamp="20230412 12:15:50.449" level="INFO"/>
<status status="PASS" starttime="20230412 12:15:50.441" endtime="20230412 12:15:50.449"/>
</kw>
<kw name="Append To List" library="Collections">
<arg>${Holiday_list_2022}</arg>
<arg>${Element.text}</arg>
<doc>Adds ``values`` to the end of ``list``.</doc>
<status status="PASS" starttime="20230412 12:15:50.457" endtime="20230412 12:15:50.465"/>
</kw>
<status status="PASS" starttime="20230412 12:15:50.441" endtime="20230412 12:15:50.465"/>
</iter>
<iter>
<var name="${Element}">&lt;selenium.webdriver.remote.webelement.WebElement (session="fbd5f2125a1768a2759d500ca46c39ce", element="fd0f8c56-64cc-44da-a8a6-0f5e4c345341")&gt;</var>
<kw name="Log" library="BuiltIn">
<arg>${Element.text}</arg>
<doc>Logs the given message with the given level.</doc>
<msg timestamp="20230412 12:15:50.479" level="INFO"/>
<status status="PASS" starttime="20230412 12:15:50.465" endtime="20230412 12:15:50.479"/>
</kw>
<kw name="Append To List" library="Collections">
<arg>${Holiday_list_2022}</arg>
<arg>${Element.text}</arg>
<doc>Adds ``values`` to the end of ``list``.</doc>
<status status="PASS" starttime="20230412 12:15:50.479" endtime="20230412 12:15:50.492"/>
</kw>
<status status="PASS" starttime="20230412 12:15:50.465" endtime="20230412 12:15:50.492"/>
</iter>
<iter>
<var name="${Element}">&lt;selenium.webdriver.remote.webelement.WebElement (session="fbd5f2125a1768a2759d500ca46c39ce", element="30b145e1-d414-4072-b420-eb1b9cd8715a")&gt;</var>
<kw name="Log" library="BuiltIn">
<arg>${Element.text}</arg>
<doc>Logs the given message with the given level.</doc>
<msg timestamp="20230412 12:15:50.513" level="INFO"/>
<status status="PASS" starttime="20230412 12:15:50.492" endtime="20230412 12:15:50.513"/>
</kw>
<kw name="Append To List" library="Collections">
<arg>${Holiday_list_2022}</arg>
<arg>${Element.text}</arg>
<doc>Adds ``values`` to the end of ``list``.</doc>
<status status="PASS" starttime="20230412 12:15:50.513" endtime="20230412 12:15:50.525"/>
</kw>
<status status="PASS" starttime="20230412 12:15:50.492" endtime="20230412 12:15:50.525"/>
</iter>
<iter>
<var name="${Element}">&lt;selenium.webdriver.remote.webelement.WebElement (session="fbd5f2125a1768a2759d500ca46c39ce", element="96116436-0526-4383-bbd6-8193692856d5")&gt;</var>
<kw name="Log" library="BuiltIn">
<arg>${Element.text}</arg>
<doc>Logs the given message with the given level.</doc>
<msg timestamp="20230412 12:15:50.538" level="INFO"/>
<status status="PASS" starttime="20230412 12:15:50.526" endtime="20230412 12:15:50.538"/>
</kw>
<kw name="Append To List" library="Collections">
<arg>${Holiday_list_2022}</arg>
<arg>${Element.text}</arg>
<doc>Adds ``values`` to the end of ``list``.</doc>
<status status="PASS" starttime="20230412 12:15:50.538" endtime="20230412 12:15:50.551"/>
</kw>
<status status="PASS" starttime="20230412 12:15:50.525" endtime="20230412 12:15:50.551"/>
</iter>
<iter>
<var name="${Element}">&lt;selenium.webdriver.remote.webelement.WebElement (session="fbd5f2125a1768a2759d500ca46c39ce", element="36682db7-7ec1-45c0-8302-507ea47e18a2")&gt;</var>
<kw name="Log" library="BuiltIn">
<arg>${Element.text}</arg>
<doc>Logs the given message with the given level.</doc>
<msg timestamp="20230412 12:15:50.565" level="INFO"/>
<status status="PASS" starttime="20230412 12:15:50.551" endtime="20230412 12:15:50.565"/>
</kw>
<kw name="Append To List" library="Collections">
<arg>${Holiday_list_2022}</arg>
<arg>${Element.text}</arg>
<doc>Adds ``values`` to the end of ``list``.</doc>
<status status="PASS" starttime="20230412 12:15:50.565" endtime="20230412 12:15:50.580"/>
</kw>
<status status="PASS" starttime="20230412 12:15:50.551" endtime="20230412 12:15:50.580"/>
</iter>
<iter>
<var name="${Element}">&lt;selenium.webdriver.remote.webelement.WebElement (session="fbd5f2125a1768a2759d500ca46c39ce", element="3f6aebc2-70e1-412b-aa0b-724f58a6e531")&gt;</var>
<kw name="Log" library="BuiltIn">
<arg>${Element.text}</arg>
<doc>Logs the given message with the given level.</doc>
<msg timestamp="20230412 12:15:50.592" level="INFO"/>
<status status="PASS" starttime="20230412 12:15:50.580" endtime="20230412 12:15:50.592"/>
</kw>
<kw name="Append To List" library="Collections">
<arg>${Holiday_list_2022}</arg>
<arg>${Element.text}</arg>
<doc>Adds ``values`` to the end of ``list``.</doc>
<status status="PASS" starttime="20230412 12:15:50.592" endtime="20230412 12:15:50.599"/>
</kw>
<status status="PASS" starttime="20230412 12:15:50.580" endtime="20230412 12:15:50.599"/>
</iter>
<iter>
<var name="${Element}">&lt;selenium.webdriver.remote.webelement.WebElement (session="fbd5f2125a1768a2759d500ca46c39ce", element="67c957ec-fb41-41bb-b3f0-2c7008fe771f")&gt;</var>
<kw name="Log" library="BuiltIn">
<arg>${Element.text}</arg>
<doc>Logs the given message with the given level.</doc>
<msg timestamp="20230412 12:15:50.617" level="INFO"/>
<status status="PASS" starttime="20230412 12:15:50.599" endtime="20230412 12:15:50.617"/>
</kw>
<kw name="Append To List" library="Collections">
<arg>${Holiday_list_2022}</arg>
<arg>${Element.text}</arg>
<doc>Adds ``values`` to the end of ``list``.</doc>
<status status="PASS" starttime="20230412 12:15:50.617" endtime="20230412 12:15:50.629"/>
</kw>
<status status="PASS" starttime="20230412 12:15:50.599" endtime="20230412 12:15:50.629"/>
</iter>
<iter>
<var name="${Element}">&lt;selenium.webdriver.remote.webelement.WebElement (session="fbd5f2125a1768a2759d500ca46c39ce", element="693bb923-f88e-4bf2-b47c-482b502b1ca6")&gt;</var>
<kw name="Log" library="BuiltIn">
<arg>${Element.text}</arg>
<doc>Logs the given message with the given level.</doc>
<msg timestamp="20230412 12:15:50.637" level="INFO"/>
<status status="PASS" starttime="20230412 12:15:50.629" endtime="20230412 12:15:50.637"/>
</kw>
<kw name="Append To List" library="Collections">
<arg>${Holiday_list_2022}</arg>
<arg>${Element.text}</arg>
<doc>Adds ``values`` to the end of ``list``.</doc>
<status status="PASS" starttime="20230412 12:15:50.637" endtime="20230412 12:15:50.656"/>
</kw>
<status status="PASS" starttime="20230412 12:15:50.629" endtime="20230412 12:15:50.656"/>
</iter>
<iter>
<var name="${Element}">&lt;selenium.webdriver.remote.webelement.WebElement (session="fbd5f2125a1768a2759d500ca46c39ce", element="a1214f15-8d6c-4232-bf27-1252a6e85ad8")&gt;</var>
<kw name="Log" library="BuiltIn">
<arg>${Element.text}</arg>
<doc>Logs the given message with the given level.</doc>
<msg timestamp="20230412 12:15:50.668" level="INFO"/>
<status status="PASS" starttime="20230412 12:15:50.656" endtime="20230412 12:15:50.668"/>
</kw>
<kw name="Append To List" library="Collections">
<arg>${Holiday_list_2022}</arg>
<arg>${Element.text}</arg>
<doc>Adds ``values`` to the end of ``list``.</doc>
<status status="PASS" starttime="20230412 12:15:50.669" endtime="20230412 12:15:50.681"/>
</kw>
<status status="PASS" starttime="20230412 12:15:50.656" endtime="20230412 12:15:50.681"/>
</iter>
<iter>
<var name="${Element}">&lt;selenium.webdriver.remote.webelement.WebElement (session="fbd5f2125a1768a2759d500ca46c39ce", element="659db2f4-079e-49a5-9f50-d61159f1ff39")&gt;</var>
<kw name="Log" library="BuiltIn">
<arg>${Element.text}</arg>
<doc>Logs the given message with the given level.</doc>
<msg timestamp="20230412 12:15:50.689" level="INFO"/>
<status status="PASS" starttime="20230412 12:15:50.681" endtime="20230412 12:15:50.689"/>
</kw>
<kw name="Append To List" library="Collections">
<arg>${Holiday_list_2022}</arg>
<arg>${Element.text}</arg>
<doc>Adds ``values`` to the end of ``list``.</doc>
<status status="PASS" starttime="20230412 12:15:50.689" endtime="20230412 12:15:50.699"/>
</kw>
<status status="PASS" starttime="20230412 12:15:50.681" endtime="20230412 12:15:50.699"/>
</iter>
<iter>
<var name="${Element}">&lt;selenium.webdriver.remote.webelement.WebElement (session="fbd5f2125a1768a2759d500ca46c39ce", element="60a111da-deb8-4779-98c1-0bd4d004f394")&gt;</var>
<kw name="Log" library="BuiltIn">
<arg>${Element.text}</arg>
<doc>Logs the given message with the given level.</doc>
<msg timestamp="20230412 12:15:50.712" level="INFO"/>
<status status="PASS" starttime="20230412 12:15:50.700" endtime="20230412 12:15:50.712"/>
</kw>
<kw name="Append To List" library="Collections">
<arg>${Holiday_list_2022}</arg>
<arg>${Element.text}</arg>
<doc>Adds ``values`` to the end of ``list``.</doc>
<status status="PASS" starttime="20230412 12:15:50.712" endtime="20230412 12:15:50.721"/>
</kw>
<status status="PASS" starttime="20230412 12:15:50.700" endtime="20230412 12:15:50.721"/>
</iter>
<iter>
<var name="${Element}">&lt;selenium.webdriver.remote.webelement.WebElement (session="fbd5f2125a1768a2759d500ca46c39ce", element="28a5a523-2510-4228-aef3-ad45caddb2a3")&gt;</var>
<kw name="Log" library="BuiltIn">
<arg>${Element.text}</arg>
<doc>Logs the given message with the given level.</doc>
<msg timestamp="20230412 12:15:50.731" level="INFO"/>
<status status="PASS" starttime="20230412 12:15:50.721" endtime="20230412 12:15:50.731"/>
</kw>
<kw name="Append To List" library="Collections">
<arg>${Holiday_list_2022}</arg>
<arg>${Element.text}</arg>
<doc>Adds ``values`` to the end of ``list``.</doc>
<status status="PASS" starttime="20230412 12:15:50.731" endtime="20230412 12:15:50.741"/>
</kw>
<status status="PASS" starttime="20230412 12:15:50.721" endtime="20230412 12:15:50.741"/>
</iter>
<iter>
<var name="${Element}">&lt;selenium.webdriver.remote.webelement.WebElement (session="fbd5f2125a1768a2759d500ca46c39ce", element="19d0de27-91c3-43fe-9af6-430ff8278376")&gt;</var>
<kw name="Log" library="BuiltIn">
<arg>${Element.text}</arg>
<doc>Logs the given message with the given level.</doc>
<msg timestamp="20230412 12:15:50.749" level="INFO"/>
<status status="PASS" starttime="20230412 12:15:50.741" endtime="20230412 12:15:50.749"/>
</kw>
<kw name="Append To List" library="Collections">
<arg>${Holiday_list_2022}</arg>
<arg>${Element.text}</arg>
<doc>Adds ``values`` to the end of ``list``.</doc>
<status status="PASS" starttime="20230412 12:15:50.749" endtime="20230412 12:15:50.760"/>
</kw>
<status status="PASS" starttime="20230412 12:15:50.741" endtime="20230412 12:15:50.761"/>
</iter>
<iter>
<var name="${Element}">&lt;selenium.webdriver.remote.webelement.WebElement (session="fbd5f2125a1768a2759d500ca46c39ce", element="0b65dcf9-c14e-4364-a3f8-875b9ea19157")&gt;</var>
<kw name="Log" library="BuiltIn">
<arg>${Element.text}</arg>
<doc>Logs the given message with the given level.</doc>
<msg timestamp="20230412 12:15:50.769" level="INFO"/>
<status status="PASS" starttime="20230412 12:15:50.761" endtime="20230412 12:15:50.770"/>
</kw>
<kw name="Append To List" library="Collections">
<arg>${Holiday_list_2022}</arg>
<arg>${Element.text}</arg>
<doc>Adds ``values`` to the end of ``list``.</doc>
<status status="PASS" starttime="20230412 12:15:50.770" endtime="20230412 12:15:50.779"/>
</kw>
<status status="PASS" starttime="20230412 12:15:50.761" endtime="20230412 12:15:50.779"/>
</iter>
<iter>
<var name="${Element}">&lt;selenium.webdriver.remote.webelement.WebElement (session="fbd5f2125a1768a2759d500ca46c39ce", element="b56278ff-84c8-4281-99dc-b16bd07383c6")&gt;</var>
<kw name="Log" library="BuiltIn">
<arg>${Element.text}</arg>
<doc>Logs the given message with the given level.</doc>
<msg timestamp="20230412 12:15:50.786" level="INFO"/>
<status status="PASS" starttime="20230412 12:15:50.779" endtime="20230412 12:15:50.786"/>
</kw>
<kw name="Append To List" library="Collections">
<arg>${Holiday_list_2022}</arg>
<arg>${Element.text}</arg>
<doc>Adds ``values`` to the end of ``list``.</doc>
<status status="PASS" starttime="20230412 12:15:50.786" endtime="20230412 12:15:50.798"/>
</kw>
<status status="PASS" starttime="20230412 12:15:50.779" endtime="20230412 12:15:50.798"/>
</iter>
<iter>
<var name="${Element}">&lt;selenium.webdriver.remote.webelement.WebElement (session="fbd5f2125a1768a2759d500ca46c39ce", element="3eeab338-8e84-4800-944a-1f0ff438e0d8")&gt;</var>
<kw name="Log" library="BuiltIn">
<arg>${Element.text}</arg>
<doc>Logs the given message with the given level.</doc>
<msg timestamp="20230412 12:15:50.806" level="INFO"/>
<status status="PASS" starttime="20230412 12:15:50.798" endtime="20230412 12:15:50.806"/>
</kw>
<kw name="Append To List" library="Collections">
<arg>${Holiday_list_2022}</arg>
<arg>${Element.text}</arg>
<doc>Adds ``values`` to the end of ``list``.</doc>
<status status="PASS" starttime="20230412 12:15:50.806" endtime="20230412 12:15:50.813"/>
</kw>
<status status="PASS" starttime="20230412 12:15:50.798" endtime="20230412 12:15:50.813"/>
</iter>
<iter>
<var name="${Element}">&lt;selenium.webdriver.remote.webelement.WebElement (session="fbd5f2125a1768a2759d500ca46c39ce", element="dce67acc-4cf4-4d48-8bd9-b85916cf4596")&gt;</var>
<kw name="Log" library="BuiltIn">
<arg>${Element.text}</arg>
<doc>Logs the given message with the given level.</doc>
<msg timestamp="20230412 12:15:50.822" level="INFO"/>
<status status="PASS" starttime="20230412 12:15:50.813" endtime="20230412 12:15:50.822"/>
</kw>
<kw name="Append To List" library="Collections">
<arg>${Holiday_list_2022}</arg>
<arg>${Element.text}</arg>
<doc>Adds ``values`` to the end of ``list``.</doc>
<status status="PASS" starttime="20230412 12:15:50.822" endtime="20230412 12:15:50.832"/>
</kw>
<status status="PASS" starttime="20230412 12:15:50.813" endtime="20230412 12:15:50.832"/>
</iter>
<iter>
<var name="${Element}">&lt;selenium.webdriver.remote.webelement.WebElement (session="fbd5f2125a1768a2759d500ca46c39ce", element="6905e320-a753-4a27-8040-b69f019fa126")&gt;</var>
<kw name="Log" library="BuiltIn">
<arg>${Element.text}</arg>
<doc>Logs the given message with the given level.</doc>
<msg timestamp="20230412 12:15:50.840" level="INFO"/>
<status status="PASS" starttime="20230412 12:15:50.832" endtime="20230412 12:15:50.840"/>
</kw>
<kw name="Append To List" library="Collections">
<arg>${Holiday_list_2022}</arg>
<arg>${Element.text}</arg>
<doc>Adds ``values`` to the end of ``list``.</doc>
<status status="PASS" starttime="20230412 12:15:50.840" endtime="20230412 12:15:50.851"/>
</kw>
<status status="PASS" starttime="20230412 12:15:50.832" endtime="20230412 12:15:50.851"/>
</iter>
<iter>
<var name="${Element}">&lt;selenium.webdriver.remote.webelement.WebElement (session="fbd5f2125a1768a2759d500ca46c39ce", element="9ae18dc8-3b4f-4ff4-9265-258c11a35280")&gt;</var>
<kw name="Log" library="BuiltIn">
<arg>${Element.text}</arg>
<doc>Logs the given message with the given level.</doc>
<msg timestamp="20230412 12:15:50.863" level="INFO"/>
<status status="PASS" starttime="20230412 12:15:50.851" endtime="20230412 12:15:50.863"/>
</kw>
<kw name="Append To List" library="Collections">
<arg>${Holiday_list_2022}</arg>
<arg>${Element.text}</arg>
<doc>Adds ``values`` to the end of ``list``.</doc>
<status status="PASS" starttime="20230412 12:15:50.863" endtime="20230412 12:15:50.867"/>
</kw>
<status status="PASS" starttime="20230412 12:15:50.851" endtime="20230412 12:15:50.867"/>
</iter>
<iter>
<var name="${Element}">&lt;selenium.webdriver.remote.webelement.WebElement (session="fbd5f2125a1768a2759d500ca46c39ce", element="f2bdb502-2434-44ed-9ad0-d7981dd2ee79")&gt;</var>
<kw name="Log" library="BuiltIn">
<arg>${Element.text}</arg>
<doc>Logs the given message with the given level.</doc>
<msg timestamp="20230412 12:15:50.883" level="INFO">Ganesh Chaturthi (Observed Holiday)</msg>
<status status="PASS" starttime="20230412 12:15:50.874" endtime="20230412 12:15:50.883"/>
</kw>
<kw name="Append To List" library="Collections">
<arg>${Holiday_list_2022}</arg>
<arg>${Element.text}</arg>
<doc>Adds ``values`` to the end of ``list``.</doc>
<status status="PASS" starttime="20230412 12:15:50.883" endtime="20230412 12:15:50.892"/>
</kw>
<status status="PASS" starttime="20230412 12:15:50.867" endtime="20230412 12:15:50.893"/>
</iter>
<iter>
<var name="${Element}">&lt;selenium.webdriver.remote.webelement.WebElement (session="fbd5f2125a1768a2759d500ca46c39ce", element="e15dded4-07a8-4af4-9947-cc9f5759ae25")&gt;</var>
<kw name="Log" library="BuiltIn">
<arg>${Element.text}</arg>
<doc>Logs the given message with the given level.</doc>
<msg timestamp="20230412 12:15:50.902" level="INFO">Onam</msg>
<status status="PASS" starttime="20230412 12:15:50.893" endtime="20230412 12:15:50.902"/>
</kw>
<kw name="Append To List" library="Collections">
<arg>${Holiday_list_2022}</arg>
<arg>${Element.text}</arg>
<doc>Adds ``values`` to the end of ``list``.</doc>
<status status="PASS" starttime="20230412 12:15:50.902" endtime="20230412 12:15:50.910"/>
</kw>
<status status="PASS" starttime="20230412 12:15:50.893" endtime="20230412 12:15:50.910"/>
</iter>
<iter>
<var name="${Element}">&lt;selenium.webdriver.remote.webelement.WebElement (session="fbd5f2125a1768a2759d500ca46c39ce", element="e4c7fe89-9517-4ff6-b51e-01b8f32ff2f8")&gt;</var>
<kw name="Log" library="BuiltIn">
<arg>${Element.text}</arg>
<doc>Logs the given message with the given level.</doc>
<msg timestamp="20230412 12:15:50.918" level="INFO">Gandhi Jayanti</msg>
<status status="PASS" starttime="20230412 12:15:50.910" endtime="20230412 12:15:50.918"/>
</kw>
<kw name="Append To List" library="Collections">
<arg>${Holiday_list_2022}</arg>
<arg>${Element.text}</arg>
<doc>Adds ``values`` to the end of ``list``.</doc>
<status status="PASS" starttime="20230412 12:15:50.918" endtime="20230412 12:15:50.935"/>
</kw>
<status status="PASS" starttime="20230412 12:15:50.910" endtime="20230412 12:15:50.935"/>
</iter>
<iter>
<var name="${Element}">&lt;selenium.webdriver.remote.webelement.WebElement (session="fbd5f2125a1768a2759d500ca46c39ce", element="53f4cb0d-cce6-4ece-ba53-5c30412250f1")&gt;</var>
<kw name="Log" library="BuiltIn">
<arg>${Element.text}</arg>
<doc>Logs the given message with the given level.</doc>
<msg timestamp="20230412 12:15:50.949" level="INFO">Maha Ashtami</msg>
<status status="PASS" starttime="20230412 12:15:50.935" endtime="20230412 12:15:50.949"/>
</kw>
<kw name="Append To List" library="Collections">
<arg>${Holiday_list_2022}</arg>
<arg>${Element.text}</arg>
<doc>Adds ``values`` to the end of ``list``.</doc>
<status status="PASS" starttime="20230412 12:15:50.950" endtime="20230412 12:15:50.963"/>
</kw>
<status status="PASS" starttime="20230412 12:15:50.935" endtime="20230412 12:15:50.963"/>
</iter>
<iter>
<var name="${Element}">&lt;selenium.webdriver.remote.webelement.WebElement (session="fbd5f2125a1768a2759d500ca46c39ce", element="d1b9c060-4b0f-4895-83fc-1252b4d3d9c1")&gt;</var>
<kw name="Log" library="BuiltIn">
<arg>${Element.text}</arg>
<doc>Logs the given message with the given level.</doc>
<msg timestamp="20230412 12:15:50.974" level="INFO">Maha Navmi</msg>
<status status="PASS" starttime="20230412 12:15:50.963" endtime="20230412 12:15:50.974"/>
</kw>
<kw name="Append To List" library="Collections">
<arg>${Holiday_list_2022}</arg>
<arg>${Element.text}</arg>
<doc>Adds ``values`` to the end of ``list``.</doc>
<status status="PASS" starttime="20230412 12:15:50.974" endtime="20230412 12:15:50.982"/>
</kw>
<status status="PASS" starttime="20230412 12:15:50.963" endtime="20230412 12:15:50.982"/>
</iter>
<iter>
<var name="${Element}">&lt;selenium.webdriver.remote.webelement.WebElement (session="fbd5f2125a1768a2759d500ca46c39ce", element="1b6cec2a-05b4-40b9-a457-6ee0126f92f0")&gt;</var>
<kw name="Log" library="BuiltIn">
<arg>${Element.text}</arg>
<doc>Logs the given message with the given level.</doc>
<msg timestamp="20230412 12:15:51.002" level="INFO">Vijaya Dashmi</msg>
<status status="PASS" starttime="20230412 12:15:50.990" endtime="20230412 12:15:51.002"/>
</kw>
<kw name="Append To List" library="Collections">
<arg>${Holiday_list_2022}</arg>
<arg>${Element.text}</arg>
<doc>Adds ``values`` to the end of ``list``.</doc>
<status status="PASS" starttime="20230412 12:15:51.002" endtime="20230412 12:15:51.013"/>
</kw>
<status status="PASS" starttime="20230412 12:15:50.982" endtime="20230412 12:15:51.013"/>
</iter>
<iter>
<var name="${Element}">&lt;selenium.webdriver.remote.webelement.WebElement (session="fbd5f2125a1768a2759d500ca46c39ce", element="b3be0269-dd2c-44bf-b2ff-77b0d1b1b2b2")&gt;</var>
<kw name="Log" library="BuiltIn">
<arg>${Element.text}</arg>
<doc>Logs the given message with the given level.</doc>
<msg timestamp="20230412 12:15:51.025" level="INFO">Diwali (Deepavali)</msg>
<status status="PASS" starttime="20230412 12:15:51.013" endtime="20230412 12:15:51.025"/>
</kw>
<kw name="Append To List" library="Collections">
<arg>${Holiday_list_2022}</arg>
<arg>${Element.text}</arg>
[...]
<arg>${New_list}</arg>
<arg>${item}</arg>
<doc>Removes all occurrences of given ``values`` from ``list``.</doc>
<status status="PASS" starttime="20230412 12:16:00.450" endtime="20230412 12:16:00.450"/>
</kw>
<status status="PASS" starttime="20230412 12:16:00.450" endtime="20230412 12:16:00.450"/>
</iter>
<iter>
<var name="${item}">Ganesh Chaturthi (Observed Holiday)</var>
<kw name="Remove Values From List" library="Collections">
<arg>${New_list}</arg>
<arg>${item}</arg>
<doc>Removes all occurrences of given ``values`` from ``list``.</doc>
<status status="PASS" starttime="20230412 12:16:00.450" endtime="20230412 12:16:00.450"/>
</kw>
<status status="PASS" starttime="20230412 12:16:00.450" endtime="20230412 12:16:00.450"/>
</iter>
<iter>
<var name="${item}">Onam</var>
<kw name="Remove Values From List" library="Collections">
<arg>${New_list}</arg>
<arg>${item}</arg>
<doc>Removes all occurrences of given ``values`` from ``list``.</doc>
<status status="PASS" starttime="20230412 12:16:00.450" endtime="20230412 12:16:00.450"/>
</kw>
<status status="PASS" starttime="20230412 12:16:00.450" endtime="20230412 12:16:00.450"/>
</iter>
<iter>
<var name="${item}">Gandhi Jayanti</var>
<kw name="Remove Values From List" library="Collections">
<arg>${New_list}</arg>
<arg>${item}</arg>
<doc>Removes all occurrences of given ``values`` from ``list``.</doc>
<status status="PASS" starttime="20230412 12:16:00.450" endtime="20230412 12:16:00.450"/>
</kw>
<status status="PASS" starttime="20230412 12:16:00.450" endtime="20230412 12:16:00.450"/>
</iter>
<iter>
<var name="${item}">Maha Ashtami</var>
<kw name="Remove Values From List" library="Collections">
<arg>${New_list}</arg>
<arg>${item}</arg>
<doc>Removes all occurrences of given ``values`` from ``list``.</doc>
<status status="PASS" starttime="20230412 12:16:00.450" endtime="20230412 12:16:00.450"/>
</kw>
<status status="PASS" starttime="20230412 12:16:00.450" endtime="20230412 12:16:00.450"/>
</iter>
<iter>
<var name="${item}">Maha Navmi</var>
<kw name="Remove Values From List" library="Collections">
<arg>${New_list}</arg>
<arg>${item}</arg>
<doc>Removes all occurrences of given ``values`` from ``list``.</doc>
<status status="PASS" starttime="20230412 12:16:00.450" endtime="20230412 12:16:00.450"/>
</kw>
<status status="PASS" starttime="20230412 12:16:00.450" endtime="20230412 12:16:00.450"/>
</iter>
<iter>
<var name="${item}">Vijaya Dashmi</var>
<kw name="Remove Values From List" library="Collections">
<arg>${New_list}</arg>
<arg>${item}</arg>
<doc>Removes all occurrences of given ``values`` from ``list``.</doc>
<status status="PASS" starttime="20230412 12:16:00.450" endtime="20230412 12:16:00.450"/>
</kw>
<status status="PASS" starttime="20230412 12:16:00.450" endtime="20230412 12:16:00.450"/>
</iter>
<iter>
<var name="${item}">Diwali (Deepavali)</var>
<kw name="Remove Values From List" library="Collections">
<arg>${New_list}</arg>
<arg>${item}</arg>
<doc>Removes all occurrences of given ``values`` from ``list``.</doc>
<status status="PASS" starttime="20230412 12:16:00.458" endtime="20230412 12:16:00.458"/>
</kw>
<status status="PASS" starttime="20230412 12:16:00.458" endtime="20230412 12:16:00.458"/>
</iter>
<iter>
<var name="${item}">Vikarma Samvat New Year</var>
<kw name="Remove Values From List" library="Collections">
<arg>${New_list}</arg>
<arg>${item}</arg>
<doc>Removes all occurrences of given ``values`` from ``list``.</doc>
<status status="PASS" starttime="20230412 12:16:00.458" endtime="20230412 12:16:00.458"/>
</kw>
<status status="PASS" starttime="20230412 12:16:00.458" endtime="20230412 12:16:00.458"/>
</iter>
<iter>
<var name="${item}">Bhai Duj</var>
<kw name="Remove Values From List" library="Collections">
<arg>${New_list}</arg>
<arg>${item}</arg>
<doc>Removes all occurrences of given ``values`` from ``list``.</doc>
<status status="PASS" starttime="20230412 12:16:00.458" endtime="20230412 12:16:00.458"/>
</kw>
<status status="PASS" starttime="20230412 12:16:00.458" endtime="20230412 12:16:00.458"/>
</iter>
<iter>
<var name="${item}">Guru Nanak's Jayanti</var>
<kw name="Remove Values From List" library="Collections">
<arg>${New_list}</arg>
<arg>${item}</arg>
<doc>Removes all occurrences of given ``values`` from ``list``.</doc>
<status status="PASS" starttime="20230412 12:16:00.458" endtime="20230412 12:16:00.458"/>
</kw>
<status status="PASS" starttime="20230412 12:16:00.458" endtime="20230412 12:16:00.458"/>
</iter>
<iter>
<var name="${item}"/>
<kw name="Remove Values From List" library="Collections">
<arg>${New_list}</arg>
<arg>${item}</arg>
<doc>Removes all occurrences of given ``values`` from ``list``.</doc>
<status status="PASS" starttime="20230412 12:16:00.458" endtime="20230412 12:16:00.458"/>
</kw>
<status status="PASS" starttime="20230412 12:16:00.458" endtime="20230412 12:16:00.458"/>
</iter>
<iter>
<var name="${item}"/>
<kw name="Remove Values From List" library="Collections">
<arg>${New_list}</arg>
<arg>${item}</arg>
<doc>Removes all occurrences of given ``values`` from ``list``.</doc>
<status status="PASS" starttime="20230412 12:16:00.458" endtime="20230412 12:16:00.458"/>
</kw>
<status status="PASS" starttime="20230412 12:16:00.458" endtime="20230412 12:16:00.458"/>
</iter>
<iter>
<var name="${item}"/>
<kw name="Remove Values From List" library="Collections">
<arg>${New_list}</arg>
<arg>${item}</arg>
<doc>Removes all occurrences of given ``values`` from ``list``.</doc>
<status status="PASS" starttime="20230412 12:16:00.458" endtime="20230412 12:16:00.458"/>
</kw>
<status status="PASS" starttime="20230412 12:16:00.458" endtime="20230412 12:16:00.458"/>
</iter>
<iter>
<var name="${item}"/>
<kw name="Remove Values From List" library="Collections">
<arg>${New_list}</arg>
<arg>${item}</arg>
<doc>Removes all occurrences of given ``values`` from ``list``.</doc>
<status status="PASS" starttime="20230412 12:16:00.458" endtime="20230412 12:16:00.458"/>
</kw>
<status status="PASS" starttime="20230412 12:16:00.458" endtime="20230412 12:16:00.458"/>
</iter>
<iter>
<var name="${item}"/>
<kw name="Remove Values From List" library="Collections">
<arg>${New_list}</arg>
<arg>${item}</arg>
<doc>Removes all occurrences of given ``values`` from ``list``.</doc>
<status status="PASS" starttime="20230412 12:16:00.458" endtime="20230412 12:16:00.458"/>
</kw>
<status status="PASS" starttime="20230412 12:16:00.458" endtime="20230412 12:16:00.458"/>
</iter>
<iter>
<var name="${item}"/>
<kw name="Remove Values From List" library="Collections">
<arg>${New_list}</arg>
<arg>${item}</arg>
<doc>Removes all occurrences of given ``values`` from ``list``.</doc>
<status status="PASS" starttime="20230412 12:16:00.458" endtime="20230412 12:16:00.458"/>
</kw>
<status status="PASS" starttime="20230412 12:16:00.458" endtime="20230412 12:16:00.458"/>
</iter>
<iter>
<var name="${item}"/>
<kw name="Remove Values From List" library="Collections">
<arg>${New_list}</arg>
<arg>${item}</arg>
<doc>Removes all occurrences of given ``values`` from ``list``.</doc>
<status status="PASS" starttime="20230412 12:16:00.458" endtime="20230412 12:16:00.458"/>
</kw>
<status status="PASS" starttime="20230412 12:16:00.458" endtime="20230412 12:16:00.458"/>
</iter>
<iter>
<var name="${item}"/>
<kw name="Remove Values From List" library="Collections">
<arg>${New_list}</arg>
<arg>${item}</arg>
<doc>Removes all occurrences of given ``values`` from ``list``.</doc>
<status status="PASS" starttime="20230412 12:16:00.458" endtime="20230412 12:16:00.458"/>
</kw>
<status status="PASS" starttime="20230412 12:16:00.458" endtime="20230412 12:16:00.458"/>
</iter>
<iter>
<var name="${item}"/>
<kw name="Remove Values From List" library="Collections">
<arg>${New_list}</arg>
<arg>${item}</arg>
<doc>Removes all occurrences of given ``values`` from ``list``.</doc>
<status status="PASS" starttime="20230412 12:16:00.466" endtime="20230412 12:16:00.466"/>
</kw>
<status status="PASS" starttime="20230412 12:16:00.466" endtime="20230412 12:16:00.466"/>
</iter>
<iter>
<var name="${item}"/>
<kw name="Remove Values From List" library="Collections">
<arg>${New_list}</arg>
<arg>${item}</arg>
<doc>Removes all occurrences of given ``values`` from ``list``.</doc>
<status status="PASS" starttime="20230412 12:16:00.466" endtime="20230412 12:16:00.466"/>
</kw>
<status status="PASS" starttime="20230412 12:16:00.466" endtime="20230412 12:16:00.466"/>
</iter>
<iter>
<var name="${item}"/>
<kw name="Remove Values From List" library="Collections">
<arg>${New_list}</arg>
<arg>${item}</arg>
<doc>Removes all occurrences of given ``values`` from ``list``.</doc>
<status status="PASS" starttime="20230412 12:16:00.466" endtime="20230412 12:16:00.466"/>
</kw>
<status status="PASS" starttime="20230412 12:16:00.466" endtime="20230412 12:16:00.466"/>
</iter>
<iter>
<var name="${item}"/>
<kw name="Remove Values From List" library="Collections">
<arg>${New_list}</arg>
<arg>${item}</arg>
<doc>Removes all occurrences of given ``values`` from ``list``.</doc>
<status status="PASS" starttime="20230412 12:16:00.466" endtime="20230412 12:16:00.466"/>
</kw>
<status status="PASS" starttime="20230412 12:16:00.466" endtime="20230412 12:16:00.466"/>
</iter>
<iter>
<var name="${item}"/>
<kw name="Remove Values From List" library="Collections">
<arg>${New_list}</arg>
<arg>${item}</arg>
<doc>Removes all occurrences of given ``values`` from ``list``.</doc>
<status status="PASS" starttime="20230412 12:16:00.466" endtime="20230412 12:16:00.466"/>
</kw>
<status status="PASS" starttime="20230412 12:16:00.466" endtime="20230412 12:16:00.466"/>
</iter>
<iter>
<var name="${item}"/>
<kw name="Remove Values From List" library="Collections">
<arg>${New_list}</arg>
<arg>${item}</arg>
<doc>Removes all occurrences of given ``values`` from ``list``.</doc>
<status status="PASS" starttime="20230412 12:16:00.466" endtime="20230412 12:16:00.466"/>
</kw>
<status status="PASS" starttime="20230412 12:16:00.466" endtime="20230412 12:16:00.466"/>
</iter>
<iter>
<var name="${item}"/>
<kw name="Remove Values From List" library="Collections">
<arg>${New_list}</arg>
<arg>${item}</arg>
<doc>Removes all occurrences of given ``values`` from ``list``.</doc>
<status status="PASS" starttime="20230412 12:16:00.466" endtime="20230412 12:16:00.466"/>
</kw>
<status status="PASS" starttime="20230412 12:16:00.466" endtime="20230412 12:16:00.466"/>
</iter>
<iter>
<var name="${item}"/>
<kw name="Remove Values From List" library="Collections">
<arg>${New_list}</arg>
<arg>${item}</arg>
<doc>Removes all occurrences of given ``values`` from ``list``.</doc>
<status status="PASS" starttime="20230412 12:16:00.466" endtime="20230412 12:16:00.466"/>
</kw>
<status status="PASS" starttime="20230412 12:16:00.466" endtime="20230412 12:16:00.466"/>
</iter>
<iter>
<var name="${item}"/>
<kw name="Remove Values From List" library="Collections">
<arg>${New_list}</arg>
<arg>${item}</arg>
<doc>Removes all occurrences of given ``values`` from ``list``.</doc>
<status status="PASS" starttime="20230412 12:16:00.466" endtime="20230412 12:16:00.466"/>
</kw>
<status status="PASS" starttime="20230412 12:16:00.466" endtime="20230412 12:16:00.466"/>
</iter>
<iter>
<var name="${item}"/>
<kw name="Remove Values From List" library="Collections">
<arg>${New_list}</arg>
<arg>${item}</arg>
<doc>Removes all occurrences of given ``values`` from ``list``.</doc>
<status status="PASS" starttime="20230412 12:16:00.466" endtime="20230412 12:16:00.466"/>
</kw>
<status status="PASS" starttime="20230412 12:16:00.466" endtime="20230412 12:16:00.466"/>
</iter>
<iter>
<var name="${item}"/>
<kw name="Remove Values From List" library="Collections">
<arg>${New_list}</arg>
<arg>${item}</arg>
<doc>Removes all occurrences of given ``values`` from ``list``.</doc>
<status status="PASS" starttime="20230412 12:16:00.466" endtime="20230412 12:16:00.466"/>
</kw>
<status status="PASS" starttime="20230412 12:16:00.466" endtime="20230412 12:16:00.466"/>
</iter>
<iter>
<var name="${item}"/>
<kw name="Remove Values From List" library="Collections">
<arg>${New_list}</arg>
<arg>${item}</arg>
<doc>Removes all occurrences of given ``values`` from ``list``.</doc>
<status status="PASS" starttime="20230412 12:16:00.466" endtime="20230412 12:16:00.474"/>
</kw>
<status status="PASS" starttime="20230412 12:16:00.466" endtime="20230412 12:16:00.474"/>
</iter>
<iter>
<var name="${item}"/>
<kw name="Remove Values From List" library="Collections">
<arg>${New_list}</arg>
<arg>${item}</arg>
<doc>Removes all occurrences of given ``values`` from ``list``.</doc>
<status status="PASS" starttime="20230412 12:16:00.474" endtime="20230412 12:16:00.474"/>
</kw>
<status status="PASS" starttime="20230412 12:16:00.474" endtime="20230412 12:16:00.474"/>
</iter>
<iter>
<var name="${item}"/>
<kw name="Remove Values From List" library="Collections">
<arg>${New_list}</arg>
<arg>${item}</arg>
<doc>Removes all occurrences of given ``values`` from ``list``.</doc>
<status status="PASS" starttime="20230412 12:16:00.474" endtime="20230412 12:16:00.474"/>
</kw>
<status status="PASS" starttime="20230412 12:16:00.474" endtime="20230412 12:16:00.474"/>
</iter>
<iter>
<var name="${item}"/>
<kw name="Remove Values From List" library="Collections">
<arg>${New_list}</arg>
<arg>${item}</arg>
<doc>Removes all occurrences of given ``values`` from ``list``.</doc>
<status status="PASS" starttime="20230412 12:16:00.474" endtime="20230412 12:16:00.474"/>
</kw>
<status status="PASS" starttime="20230412 12:16:00.474" endtime="20230412 12:16:00.474"/>
</iter>
<iter>
<var name="${item}"/>
<kw name="Remove Values From List" library="Collections">
<arg>${New_list}</arg>
<arg>${item}</arg>
<doc>Removes all occurrences of given ``values`` from ``list``.</doc>
<status status="PASS" starttime="20230412 12:16:00.474" endtime="20230412 12:16:00.474"/>
</kw>
<status status="PASS" starttime="20230412 12:16:00.474" endtime="20230412 12:16:00.474"/>
</iter>
<iter>
<var name="${item}"/>
<kw name="Remove Values From List" library="Collections">
<arg>${New_list}</arg>
<arg>${item}</arg>
<doc>Removes all occurrences of given ``values`` from ``list``.</doc>
<status status="PASS" starttime="20230412 12:16:00.474" endtime="20230412 12:16:00.474"/>
</kw>
<status status="PASS" starttime="20230412 12:16:00.474" endtime="20230412 12:16:00.474"/>
</iter>
<iter>
<var name="${item}"/>
<kw name="Remove Values From List" library="Collections">
<arg>${New_list}</arg>
<arg>${item}</arg>
<doc>Removes all occurrences of given ``values`` from ``list``.</doc>
<status status="PASS" starttime="20230412 12:16:00.474" endtime="20230412 12:16:00.474"/>
</kw>
<status status="PASS" starttime="20230412 12:16:00.474" endtime="20230412 12:16:00.474"/>
</iter>
<iter>
<var name="${item}"/>
<kw name="Remove Values From List" library="Collections">
<arg>${New_list}</arg>
<arg>${item}</arg>
<doc>Removes all occurrences of given ``values`` from ``list``.</doc>
<status status="PASS" starttime="20230412 12:16:00.474" endtime="20230412 12:16:00.474"/>
</kw>
<status status="PASS" starttime="20230412 12:16:00.474" endtime="20230412 12:16:00.474"/>
</iter>
<iter>
<var name="${item}"/>
<kw name="Remove Values From List" library="Collections">
<arg>${New_list}</arg>
<arg>${item}</arg>
<doc>Removes all occurrences of given ``values`` from ``list``.</doc>
<status status="PASS" starttime="20230412 12:16:00.474" endtime="20230412 12:16:00.474"/>
</kw>
<status status="PASS" starttime="20230412 12:16:00.474" endtime="20230412 12:16:00.474"/>
</iter>
<iter>
<var name="${item}"/>
<kw name="Remove Values From List" library="Collections">
<arg>${New_list}</arg>
<arg>${item}</arg>
<doc>Removes all occurrences of given ``values`` from ``list``.</doc>
<status status="PASS" starttime="20230412 12:16:00.474" endtime="20230412 12:16:00.474"/>
</kw>
<status status="PASS" starttime="20230412 12:16:00.474" endtime="20230412 12:16:00.474"/>
</iter>
<iter>
<var name="${item}"/>
<kw name="Remove Values From List" library="Collections">
<arg>${New_list}</arg>
<arg>${item}</arg>
<doc>Removes all occurrences of given ``values`` from ``list``.</doc>
<status status="PASS" starttime="20230412 12:16:00.474" endtime="20230412 12:16:00.482"/>
</kw>
<status status="PASS" starttime="20230412 12:16:00.474" endtime="20230412 12:16:00.482"/>
</iter>
<iter>
<var name="${item}"/>
<kw name="Remove Values From List" library="Collections">
<arg>${New_list}</arg>
<arg>${item}</arg>
<doc>Removes all occurrences of given ``values`` from ``list``.</doc>
<status status="PASS" starttime="20230412 12:16:00.482" endtime="20230412 12:16:00.482"/>
</kw>
<status status="PASS" starttime="20230412 12:16:00.482" endtime="20230412 12:16:00.482"/>
</iter>
<iter>
<var name="${item}">Christmas Holiday (Observed)</var>
<kw name="Remove Values From List" library="Collections">
<arg>${New_list}</arg>
<arg>${item}</arg>
<doc>Removes all occurrences of given ``values`` from ``list``.</doc>
<status status="PASS" starttime="20230412 12:16:00.482" endtime="20230412 12:16:00.482"/>
</kw>
<status status="PASS" starttime="20230412 12:16:00.482" endtime="20230412 12:16:00.482"/>
</iter>
<status status="PASS" starttime="20230412 12:16:00.359" endtime="20230412 12:16:00.482"/>
</for>
<kw name="Log" library="BuiltIn">
<arg>${New_list}</arg>
<doc>Logs the given message with the given level.</doc>
<msg timestamp="20230412 12:16:00.482" level="INFO">['Birthday of Swami Vivekananda', 'Thiruvalluvar Day', 'Uzhavar Thirunal', "Netaji's Birthday", 'Holika Dahan/Doljatra', 'Dhuleti', "Chetichand/Ugadi/Gudhi Padwa/Telugu New Year's Day", 'Shree Ram Navmi', 'Mahaveer Jayanti', "Babu Jagjivan Ram's Birthday", "Dr. B.R. Ambedkar Jayanti/Tamil New Year's Day", 'May Day', 'Buddha Poornima', 'Birthday of Rabindranath Tagore', 'BakriEid (EidUlAdha)', 'Hui Diwas', 'Bonalu', 'Parsi New Year Day', 'Rakshabandhan', 'Vinayaka Chavithi/Varasiddhi Vinayaka Vrata', 'Ganesh Chaturthi/Samvatsari (Chaturthi Paksha)', 'Milad-Un-Nabi', "Mahatma Gandhi's Birthday", 'Mahanavmi/Durga Pooja', 'Dusshera (Vijaya Dashmi)', "Sardar Vallabhbhai Patel's Birthday", 'Govardhan Phooja', 'Vikram Samvant New Year Day/Balipadyami', 'Bhaiyyadhooj/Chitragupta Jayanti/Birsa Munda Jayanti', 'Guru Nanak Jayanti', 'Kanakadasa Jayanthi', 'Christmas', 'Boxing Day']</msg>
<status status="PASS" starttime="20230412 12:16:00.482" endtime="20230412 12:16:00.482"/>
</kw>
<kw name="Get Length" library="BuiltIn">
<arg>${New_list}</arg>
<doc>Returns and logs the length of the given item as an integer.</doc>
<msg timestamp="20230412 12:16:00.482" level="INFO">Length is 33</msg>
<status status="PASS" starttime="20230412 12:16:00.482" endtime="20230412 12:16:00.482"/>
</kw>
<msg timestamp="20230412 12:16:00.482" level="INFO">${diff_list} = None</msg>
<status status="PASS" starttime="20230412 12:16:00.359" endtime="20230412 12:16:00.482"/>
</kw>
<kw name="Close Browser Session" library="testCase_common_keywords">
<kw name="Close Browser" library="SeleniumLibrary">
<doc>Closes the current browser.</doc>
<status status="PASS" starttime="20230412 12:16:00.482" endtime="20230412 12:16:02.756"/>
</kw>
<status status="PASS" starttime="20230412 12:16:00.482" endtime="20230412 12:16:02.756"/>
</kw>
<status status="PASS" starttime="20230412 12:15:33.209" endtime="20230412 12:16:02.756"/>
</test>
<status status="PASS" starttime="20230412 12:15:32.988" endtime="20230412 12:16:02.756"/>
</suite>
<statistics>
<total>
<stat pass="1" fail="0" skip="0">All Tests</stat>
</total>
<tag>
</tag>
<suite>
<stat pass="1" fail="0" skip="0" id="s1" name="testCase1">testCase1</stat>
</suite>
</statistics>
<errors>
<msg timestamp="20230412 12:15:33.199" level="WARN">Imported resource file 'C:\Users\158410\OneDrive - Arrow Electronics, Inc\Desktop\RobotFramework\Common\testCase_labels.robot' is empty.</msg>
<msg timestamp="20230412 12:15:33.209" level="WARN">Imported library 'C:\Users\158410\OneDrive - Arrow Electronics, Inc\Desktop\RobotFramework\Common\ExtendedLibrary.py' contains no keywords.</msg>
</errors>
</robot>
